<?xml version="1.0" encoding="UTF-8"?>
<testsuites name="AM_Test Suite" time="89" tests="2" failures="2" errors="0">
   <testsuite name="AM_Test Suite" tests="2" failures="2" errors="0" time="89" timestamp="2018-07-03 12:44:51" hostname="Ankur.Jain - LT0021232.in.ril.com" id="Test Suites/AM_Test Suite">
      <properties>
         <property name="deviceName" value=""/>
         <property name="devicePlatform" value=""/>
         <property name="logFolder" value="C:\\Users\\ankur.jain\\Katalon Studio\\Feedzai_Automation\\Reports\\AM_Test Suite\\20180703_124444"/>
         <property name="logFiles" value="C:\\Users\\ankur.jain\\Katalon Studio\\Feedzai_Automation\\Reports\\AM_Test Suite\\20180703_124444\\execution0.log"/>
         <property name="attachments" value="C:\\Users\\ankur.jain\\Katalon Studio\\Feedzai_Automation\\Reports\\AM_Test Suite\\20180703_124444\\1530602176818.png, C:\\Users\\ankur.jain\\Katalon Studio\\Feedzai_Automation\\Reports\\AM_Test Suite\\20180703_124444\\1530602178743.png"/>
         <property name="hostName" value="Ankur.Jain - LT0021232.in.ril.com"/>
         <property name="os" value="Windows 7 64bit"/>
         <property name="katalonVersion" value="5.4.2.1"/>
         <property name="browser" value="Chrome 67.0.3396.99"/>
         <property name="hostAddress" value="10.50.88.74"/>
         <property name="sessionId" value="2adad2546f7cda4644763b6729c112d0"/>
         <property name="seleniumVersion" value="3.7.1"/>
         <property name="proxyInformation" value="ProxyInformation{proxyOption=NO_PROXY, proxyServerType=HTTP, password=, proxyServerAddress=, proxyServerPort=0}"/>
         <property name="platform" value="Windows 7"/>
      </properties>
      <testcase name="Test Cases/Alert Manager Test Cases/Alert Manager_Login" classname="Test Cases/Alert Manager Test Cases/Alert Manager_Login" status="PASSED">
         <system-out><![CDATA[2018-07-03 12:44:52 - [TEST_CASE][PASSED] - Test Cases/Alert Manager Test Cases/Alert Manager_Login: Test Cases/Alert Manager Test Cases/Alert Manager_Login

2018-07-03 12:44:53 - [TEST_STEP][PASSED] - openBrowser: Browser is opened with url: ''

2018-07-03 12:45:04 - [MESSAGE][PASSED] - Browser is opened with url: ''

2018-07-03 12:45:04 - [TEST_STEP][PASSED] - maximizeWindow: Current window maximized

2018-07-03 12:45:06 - [MESSAGE][PASSED] - Current window maximized

2018-07-03 12:45:06 - [TEST_STEP][PASSED] - navigateToUrl: Navigate to 'https://10.130.236.51/#login' successfully

2018-07-03 12:45:08 - [MESSAGE][PASSED] - Navigate to 'https://10.130.236.51/#login' successfully

2018-07-03 12:45:08 - [TEST_STEP][PASSED] - delay: Delayed 20 second(s)

2018-07-03 12:45:28 - [MESSAGE][PASSED] - Delayed 20 second(s)

2018-07-03 12:45:28 - [TEST_STEP][PASSED] - setText: Text 'Ankur.Jain' is set on object 'Object Repository/TC_01-03_AM/input'

2018-07-03 12:45:29 - [MESSAGE][PASSED] - Text 'Ankur.Jain' is set on object 'Object Repository/TC_01-03_AM/input'

2018-07-03 12:45:29 - [TEST_STEP][PASSED] - setText: Text 'Word02Pass' is set on object 'Object Repository/TC_01-03_AM/input_1'

2018-07-03 12:45:30 - [MESSAGE][PASSED] - Text 'Word02Pass' is set on object 'Object Repository/TC_01-03_AM/input_1'

2018-07-03 12:45:30 - [TEST_STEP][PASSED] - click: Object: 'Object Repository/TC_01-03_AM/button_Sign In' is clicked on

2018-07-03 12:45:30 - [MESSAGE][PASSED] - Object: 'Object Repository/TC_01-03_AM/button_Sign In' is clicked on]]></system-out>
         <system-err><![CDATA[]]></system-err>
      </testcase>
      <testcase name="Test Cases/Alert Manager Test Cases/Alert Manager_View Trans Details/TC05_MARK Transaction  FRAUD" classname="Test Cases/Alert Manager Test Cases/Alert Manager_View Trans Details/TC05_MARK Transaction  FRAUD" status="PASSED">
         <system-out><![CDATA[2018-07-03 12:45:30 - [TEST_CASE][PASSED] - Test Cases/Alert Manager Test Cases/Alert Manager_View Trans Details/TC05_MARK Transaction  FRAUD: Test Cases/Alert Manager Test Cases/Alert Manager_View Trans Details/TC05_MARK Transaction  FRAUD

2018-07-03 12:45:31 - [TEST_STEP][PASSED] - click: Object: 'Object Repository/TC05_AM/a_Merchant' is clicked on

2018-07-03 12:45:32 - [MESSAGE][PASSED] - Object: 'Object Repository/TC05_AM/a_Merchant' is clicked on

2018-07-03 12:45:32 - [TEST_STEP][PASSED] - click: Object: 'Object Repository/TC05_AM/span_Alerts' is clicked on

2018-07-03 12:45:32 - [MESSAGE][PASSED] - Object: 'Object Repository/TC05_AM/span_Alerts' is clicked on

2018-07-03 12:45:32 - [TEST_STEP][PASSED] - click: Object: 'Object Repository/TC05_AM/i_glyphicon glyphicon-eye-open' is clicked on

2018-07-03 12:45:44 - [MESSAGE][PASSED] - Object: 'Object Repository/TC05_AM/i_glyphicon glyphicon-eye-open' is clicked on

2018-07-03 12:45:44 - [TEST_STEP][PASSED] - delay: Delayed 2 second(s)

2018-07-03 12:45:46 - [MESSAGE][PASSED] - Delayed 2 second(s)

2018-07-03 12:45:46 - [TEST_STEP][PASSED] - click: Object: 'Object Repository/TC05_AM/button_Fraud' is clicked on

2018-07-03 12:45:48 - [MESSAGE][PASSED] - Object: 'Object Repository/TC05_AM/button_Fraud' is clicked on

2018-07-03 12:45:48 - [TEST_STEP][PASSED] - delay: Delayed 3 second(s)

2018-07-03 12:45:51 - [MESSAGE][PASSED] - Delayed 3 second(s)

2018-07-03 12:45:51 - [TEST_STEP][PASSED] - setText: Text 'Fraud' is set on object 'Object Repository/TC05_AM/textarea_observation'

2018-07-03 12:45:51 - [MESSAGE][PASSED] - Text 'Fraud' is set on object 'Object Repository/TC05_AM/textarea_observation'

2018-07-03 12:45:51 - [TEST_STEP][PASSED] - click: Object: 'Object Repository/TC05_AM/button_Fraud_1' is clicked on

2018-07-03 12:45:52 - [MESSAGE][PASSED] - Object: 'Object Repository/TC05_AM/button_Fraud_1' is clicked on

2018-07-03 12:45:52 - [TEST_STEP][PASSED] - delay: Delayed 3 second(s)

2018-07-03 12:45:55 - [MESSAGE][PASSED] - Delayed 3 second(s)]]></system-out>
         <system-err><![CDATA[]]></system-err>
      </testcase>
      <testcase name="Test Cases/Alert Manager Test Cases/Alert Manager_View Trans Details/TC06_Mark Transaction as NOT Fraud" classname="Test Cases/Alert Manager Test Cases/Alert Manager_View Trans Details/TC06_Mark Transaction as NOT Fraud" status="FAILED">
         <failure type="FAILED" message="Unable to click on object 'Object Repository/TC05_AM/button_Not Fraud' (Root cause: org.openqa.selenium.WebDriverException: unknown error: Element &lt;button type=&quot;button&quot; class=&quot;btn button-success button-sm action-legit&quot; title=&quot;Mark as Not Fraud&quot;>...&lt;/button> is not clickable at point (736, 105). Other element would receive the click: &lt;div class=&quot;row&quot;>...&lt;/div>
  (Session info: chrome=67.0.3396.99)
  (Driver info: chromedriver=2.35.528161 (5b82f2d2aae0ca24b877009200ced9065a772e73),platform=Windows NT 6.1.7601 SP1 x86_64) (WARNING: The server did not provide any stacktrace information)
Command duration or timeout: 0 milliseconds
Build info: version: '3.7.1', revision: '8a0099a', time: '2017-11-06T21:07:36.161Z'
System info: host: 'LT0021232', ip: '10.50.88.74', os.name: 'Windows 7', os.arch: 'amd64', os.version: '6.1', java.version: '1.8.0_102'
Driver info: com.kms.katalon.selenium.driver.CChromeDriver
Capabilities {acceptInsecureCerts: false, acceptSslCerts: false, applicationCacheEnabled: false, browserConnectionEnabled: false, browserName: chrome, chrome: {chromedriverVersion: 2.35.528161 (5b82f2d2aae0ca..., userDataDir: C:\Users\ANKUR~1.JAI\AppDat...}, cssSelectorsEnabled: true, databaseEnabled: false, handlesAlerts: true, hasTouchScreen: false, javascriptEnabled: true, locationContextEnabled: true, mobileEmulationEnabled: false, nativeEvents: true, networkConnectionEnabled: false, pageLoadStrategy: normal, platform: XP, platformName: XP, rotatable: false, setWindowRect: true, takesHeapSnapshot: true, takesScreenshot: true, unexpectedAlertBehaviour: , unhandledPromptBehavior: , version: 67.0.3396.99, webStorageEnabled: true}
Session ID: 2adad2546f7cda4644763b6729c112d0)"/>
         <system-out><![CDATA[2018-07-03 12:45:55 - [TEST_CASE][FAILED] - Test Cases/Alert Manager Test Cases/Alert Manager_View Trans Details/TC06_Mark Transaction as NOT Fraud: Test Cases/Alert Manager Test Cases/Alert Manager_View Trans Details/TC06_Mark Transaction as NOT Fraud FAILED because (of) Unable to click on object 'Object Repository/TC05_AM/button_Not Fraud' (Root cause: org.openqa.selenium.WebDriverException: unknown error: Element <button type="button" class="btn button-success button-sm action-legit" title="Mark as Not Fraud">...</button> is not clickable at point (736, 105). Other element would receive the click: <div class="row">...</div>
  (Session info: chrome=67.0.3396.99)
  (Driver info: chromedriver=2.35.528161 (5b82f2d2aae0ca24b877009200ced9065a772e73),platform=Windows NT 6.1.7601 SP1 x86_64) (WARNING: The server did not provide any stacktrace information)
Command duration or timeout: 0 milliseconds
Build info: version: '3.7.1', revision: '8a0099a', time: '2017-11-06T21:07:36.161Z'
System info: host: 'LT0021232', ip: '10.50.88.74', os.name: 'Windows 7', os.arch: 'amd64', os.version: '6.1', java.version: '1.8.0_102'
Driver info: com.kms.katalon.selenium.driver.CChromeDriver
Capabilities {acceptInsecureCerts: false, acceptSslCerts: false, applicationCacheEnabled: false, browserConnectionEnabled: false, browserName: chrome, chrome: {chromedriverVersion: 2.35.528161 (5b82f2d2aae0ca..., userDataDir: C:\Users\ANKUR~1.JAI\AppDat...}, cssSelectorsEnabled: true, databaseEnabled: false, handlesAlerts: true, hasTouchScreen: false, javascriptEnabled: true, locationContextEnabled: true, mobileEmulationEnabled: false, nativeEvents: true, networkConnectionEnabled: false, pageLoadStrategy: normal, platform: XP, platformName: XP, rotatable: false, setWindowRect: true, takesHeapSnapshot: true, takesScreenshot: true, unexpectedAlertBehaviour: , unhandledPromptBehavior: , version: 67.0.3396.99, webStorageEnabled: true}
Session ID: 2adad2546f7cda4644763b6729c112d0)

2018-07-03 12:45:55 - [TEST_STEP][PASSED] - click: Object: 'Object Repository/TC05_AM/a_Merchant' is clicked on

2018-07-03 12:45:56 - [MESSAGE][PASSED] - Object: 'Object Repository/TC05_AM/a_Merchant' is clicked on

2018-07-03 12:45:56 - [TEST_STEP][PASSED] - click: Object: 'Object Repository/TC05_AM/span_Alerts' is clicked on

2018-07-03 12:45:56 - [MESSAGE][PASSED] - Object: 'Object Repository/TC05_AM/span_Alerts' is clicked on

2018-07-03 12:45:56 - [TEST_STEP][PASSED] - delay: Delayed 2 second(s)

2018-07-03 12:45:58 - [MESSAGE][PASSED] - Delayed 2 second(s)

2018-07-03 12:45:58 - [TEST_STEP][PASSED] - click: Object: 'Object Repository/TC05_AM/i_glyphicon glyphicon-eye-open' is clicked on

2018-07-03 12:46:08 - [MESSAGE][PASSED] - Object: 'Object Repository/TC05_AM/i_glyphicon glyphicon-eye-open' is clicked on

2018-07-03 12:46:08 - [TEST_STEP][PASSED] - delay: Delayed 2 second(s)

2018-07-03 12:46:10 - [MESSAGE][PASSED] - Delayed 2 second(s)

2018-07-03 12:46:10 - [TEST_STEP][PASSED] - click: Object: 'Object Repository/TC05_AM/button_Not Fraud' is clicked on

2018-07-03 12:46:10 - [MESSAGE][PASSED] - Object: 'Object Repository/TC05_AM/button_Not Fraud' is clicked on

2018-07-03 12:46:10 - [TEST_STEP][PASSED] - delay: Delayed 3 second(s)

2018-07-03 12:46:13 - [MESSAGE][PASSED] - Delayed 3 second(s)

2018-07-03 12:46:13 - [TEST_STEP][PASSED] - setText: Text 'Not Fraud' is set on object 'Object Repository/TC05_AM/textarea_observation'

2018-07-03 12:46:14 - [MESSAGE][PASSED] - Text 'Not Fraud' is set on object 'Object Repository/TC05_AM/textarea_observation'

2018-07-03 12:46:14 - [TEST_STEP][PASSED] - delay: Delayed 2 second(s)

2018-07-03 12:46:16 - [MESSAGE][PASSED] - Delayed 2 second(s)

2018-07-03 12:46:16 - [TEST_STEP][FAILED] - click: Unable to click on object 'Object Repository/TC05_AM/button_Not Fraud' (Root cause: org.openqa.selenium.WebDriverException: unknown error: Element <button type="button" class="btn button-success button-sm action-legit" title="Mark as Not Fraud">...</button> is not clickable at point (736, 105). Other element would receive the click: <div class="row">...</div>
  (Session info: chrome=67.0.3396.99)
  (Driver info: chromedriver=2.35.528161 (5b82f2d2aae0ca24b877009200ced9065a772e73),platform=Windows NT 6.1.7601 SP1 x86_64) (WARNING: The server did not provide any stacktrace information)
Command duration or timeout: 0 milliseconds
Build info: version: '3.7.1', revision: '8a0099a', time: '2017-11-06T21:07:36.161Z'
System info: host: 'LT0021232', ip: '10.50.88.74', os.name: 'Windows 7', os.arch: 'amd64', os.version: '6.1', java.version: '1.8.0_102'
Driver info: com.kms.katalon.selenium.driver.CChromeDriver
Capabilities {acceptInsecureCerts: false, acceptSslCerts: false, applicationCacheEnabled: false, browserConnectionEnabled: false, browserName: chrome, chrome: {chromedriverVersion: 2.35.528161 (5b82f2d2aae0ca..., userDataDir: C:\Users\ANKUR~1.JAI\AppDat...}, cssSelectorsEnabled: true, databaseEnabled: false, handlesAlerts: true, hasTouchScreen: false, javascriptEnabled: true, locationContextEnabled: true, mobileEmulationEnabled: false, nativeEvents: true, networkConnectionEnabled: false, pageLoadStrategy: normal, platform: XP, platformName: XP, rotatable: false, setWindowRect: true, takesHeapSnapshot: true, takesScreenshot: true, unexpectedAlertBehaviour: , unhandledPromptBehavior: , version: 67.0.3396.99, webStorageEnabled: true}
Session ID: 2adad2546f7cda4644763b6729c112d0)

2018-07-03 12:46:17 - [MESSAGE][FAILED] - Unable to click on object 'Object Repository/TC05_AM/button_Not Fraud' (Root cause: org.openqa.selenium.WebDriverException: unknown error: Element <button type="button" class="btn button-success button-sm action-legit" title="Mark as Not Fraud">...</button> is not clickable at point (736, 105). Other element would receive the click: <div class="row">...</div>
  (Session info: chrome=67.0.3396.99)
  (Driver info: chromedriver=2.35.528161 (5b82f2d2aae0ca24b877009200ced9065a772e73),platform=Windows NT 6.1.7601 SP1 x86_64) (WARNING: The server did not provide any stacktrace information)
Command duration or timeout: 0 milliseconds
Build info: version: '3.7.1', revision: '8a0099a', time: '2017-11-06T21:07:36.161Z'
System info: host: 'LT0021232', ip: '10.50.88.74', os.name: 'Windows 7', os.arch: 'amd64', os.version: '6.1', java.version: '1.8.0_102'
Driver info: com.kms.katalon.selenium.driver.CChromeDriver
Capabilities {acceptInsecureCerts: false, acceptSslCerts: false, applicationCacheEnabled: false, browserConnectionEnabled: false, browserName: chrome, chrome: {chromedriverVersion: 2.35.528161 (5b82f2d2aae0ca..., userDataDir: C:\Users\ANKUR~1.JAI\AppDat...}, cssSelectorsEnabled: true, databaseEnabled: false, handlesAlerts: true, hasTouchScreen: false, javascriptEnabled: true, locationContextEnabled: true, mobileEmulationEnabled: false, nativeEvents: true, networkConnectionEnabled: false, pageLoadStrategy: normal, platform: XP, platformName: XP, rotatable: false, setWindowRect: true, takesHeapSnapshot: true, takesScreenshot: true, unexpectedAlertBehaviour: , unhandledPromptBehavior: , version: 67.0.3396.99, webStorageEnabled: true}
Session ID: 2adad2546f7cda4644763b6729c112d0)
[[ATTACHMENT|C:\\Users\\ankur.jain\\Katalon Studio\\Feedzai_Automation\\Reports\\AM_Test Suite\\20180703_124444\\1530602176818.png]]]]></system-out>
         <system-err><![CDATA[2018-07-03 12:45:55 - [TEST_CASE][FAILED] - Test Cases/Alert Manager Test Cases/Alert Manager_View Trans Details/TC06_Mark Transaction as NOT Fraud: Test Cases/Alert Manager Test Cases/Alert Manager_View Trans Details/TC06_Mark Transaction as NOT Fraud FAILED because (of) Unable to click on object 'Object Repository/TC05_AM/button_Not Fraud' (Root cause: org.openqa.selenium.WebDriverException: unknown error: Element <button type="button" class="btn button-success button-sm action-legit" title="Mark as Not Fraud">...</button> is not clickable at point (736, 105). Other element would receive the click: <div class="row">...</div>
  (Session info: chrome=67.0.3396.99)
  (Driver info: chromedriver=2.35.528161 (5b82f2d2aae0ca24b877009200ced9065a772e73),platform=Windows NT 6.1.7601 SP1 x86_64) (WARNING: The server did not provide any stacktrace information)
Command duration or timeout: 0 milliseconds
Build info: version: '3.7.1', revision: '8a0099a', time: '2017-11-06T21:07:36.161Z'
System info: host: 'LT0021232', ip: '10.50.88.74', os.name: 'Windows 7', os.arch: 'amd64', os.version: '6.1', java.version: '1.8.0_102'
Driver info: com.kms.katalon.selenium.driver.CChromeDriver
Capabilities {acceptInsecureCerts: false, acceptSslCerts: false, applicationCacheEnabled: false, browserConnectionEnabled: false, browserName: chrome, chrome: {chromedriverVersion: 2.35.528161 (5b82f2d2aae0ca..., userDataDir: C:\Users\ANKUR~1.JAI\AppDat...}, cssSelectorsEnabled: true, databaseEnabled: false, handlesAlerts: true, hasTouchScreen: false, javascriptEnabled: true, locationContextEnabled: true, mobileEmulationEnabled: false, nativeEvents: true, networkConnectionEnabled: false, pageLoadStrategy: normal, platform: XP, platformName: XP, rotatable: false, setWindowRect: true, takesHeapSnapshot: true, takesScreenshot: true, unexpectedAlertBehaviour: , unhandledPromptBehavior: , version: 67.0.3396.99, webStorageEnabled: true}
Session ID: 2adad2546f7cda4644763b6729c112d0)]]></system-err>
      </testcase>
      <testcase name="Test Cases/Alert Manager Test Cases/Alert Manager_View Trans Details/TC07_Mark Transaction Suspicious" classname="Test Cases/Alert Manager Test Cases/Alert Manager_View Trans Details/TC07_Mark Transaction Suspicious" status="FAILED">
         <failure type="FAILED" message="Unable to click on object 'Object Repository/TC05_AM/a_Merchant' (Root cause: org.openqa.selenium.WebDriverException: unknown error: Element &lt;a href=&quot;#merchant&quot;>...&lt;/a> is not clickable at point (550, 33). Other element would receive the click: &lt;div class=&quot;modal-content&quot;>...&lt;/div>
  (Session info: chrome=67.0.3396.99)
  (Driver info: chromedriver=2.35.528161 (5b82f2d2aae0ca24b877009200ced9065a772e73),platform=Windows NT 6.1.7601 SP1 x86_64) (WARNING: The server did not provide any stacktrace information)
Command duration or timeout: 0 milliseconds
Build info: version: '3.7.1', revision: '8a0099a', time: '2017-11-06T21:07:36.161Z'
System info: host: 'LT0021232', ip: '10.50.88.74', os.name: 'Windows 7', os.arch: 'amd64', os.version: '6.1', java.version: '1.8.0_102'
Driver info: com.kms.katalon.selenium.driver.CChromeDriver
Capabilities {acceptInsecureCerts: false, acceptSslCerts: false, applicationCacheEnabled: false, browserConnectionEnabled: false, browserName: chrome, chrome: {chromedriverVersion: 2.35.528161 (5b82f2d2aae0ca..., userDataDir: C:\Users\ANKUR~1.JAI\AppDat...}, cssSelectorsEnabled: true, databaseEnabled: false, handlesAlerts: true, hasTouchScreen: false, javascriptEnabled: true, locationContextEnabled: true, mobileEmulationEnabled: false, nativeEvents: true, networkConnectionEnabled: false, pageLoadStrategy: normal, platform: XP, platformName: XP, rotatable: false, setWindowRect: true, takesHeapSnapshot: true, takesScreenshot: true, unexpectedAlertBehaviour: , unhandledPromptBehavior: , version: 67.0.3396.99, webStorageEnabled: true}
Session ID: 2adad2546f7cda4644763b6729c112d0)"/>
         <system-out><![CDATA[2018-07-03 12:46:17 - [TEST_CASE][FAILED] - Test Cases/Alert Manager Test Cases/Alert Manager_View Trans Details/TC07_Mark Transaction Suspicious: Test Cases/Alert Manager Test Cases/Alert Manager_View Trans Details/TC07_Mark Transaction Suspicious FAILED because (of) Unable to click on object 'Object Repository/TC05_AM/a_Merchant' (Root cause: org.openqa.selenium.WebDriverException: unknown error: Element <a href="#merchant">...</a> is not clickable at point (550, 33). Other element would receive the click: <div class="modal-content">...</div>
  (Session info: chrome=67.0.3396.99)
  (Driver info: chromedriver=2.35.528161 (5b82f2d2aae0ca24b877009200ced9065a772e73),platform=Windows NT 6.1.7601 SP1 x86_64) (WARNING: The server did not provide any stacktrace information)
Command duration or timeout: 0 milliseconds
Build info: version: '3.7.1', revision: '8a0099a', time: '2017-11-06T21:07:36.161Z'
System info: host: 'LT0021232', ip: '10.50.88.74', os.name: 'Windows 7', os.arch: 'amd64', os.version: '6.1', java.version: '1.8.0_102'
Driver info: com.kms.katalon.selenium.driver.CChromeDriver
Capabilities {acceptInsecureCerts: false, acceptSslCerts: false, applicationCacheEnabled: false, browserConnectionEnabled: false, browserName: chrome, chrome: {chromedriverVersion: 2.35.528161 (5b82f2d2aae0ca..., userDataDir: C:\Users\ANKUR~1.JAI\AppDat...}, cssSelectorsEnabled: true, databaseEnabled: false, handlesAlerts: true, hasTouchScreen: false, javascriptEnabled: true, locationContextEnabled: true, mobileEmulationEnabled: false, nativeEvents: true, networkConnectionEnabled: false, pageLoadStrategy: normal, platform: XP, platformName: XP, rotatable: false, setWindowRect: true, takesHeapSnapshot: true, takesScreenshot: true, unexpectedAlertBehaviour: , unhandledPromptBehavior: , version: 67.0.3396.99, webStorageEnabled: true}
Session ID: 2adad2546f7cda4644763b6729c112d0)

2018-07-03 12:46:18 - [TEST_STEP][FAILED] - click: Unable to click on object 'Object Repository/TC05_AM/a_Merchant' (Root cause: org.openqa.selenium.WebDriverException: unknown error: Element <a href="#merchant">...</a> is not clickable at point (550, 33). Other element would receive the click: <div class="modal-content">...</div>
  (Session info: chrome=67.0.3396.99)
  (Driver info: chromedriver=2.35.528161 (5b82f2d2aae0ca24b877009200ced9065a772e73),platform=Windows NT 6.1.7601 SP1 x86_64) (WARNING: The server did not provide any stacktrace information)
Command duration or timeout: 0 milliseconds
Build info: version: '3.7.1', revision: '8a0099a', time: '2017-11-06T21:07:36.161Z'
System info: host: 'LT0021232', ip: '10.50.88.74', os.name: 'Windows 7', os.arch: 'amd64', os.version: '6.1', java.version: '1.8.0_102'
Driver info: com.kms.katalon.selenium.driver.CChromeDriver
Capabilities {acceptInsecureCerts: false, acceptSslCerts: false, applicationCacheEnabled: false, browserConnectionEnabled: false, browserName: chrome, chrome: {chromedriverVersion: 2.35.528161 (5b82f2d2aae0ca..., userDataDir: C:\Users\ANKUR~1.JAI\AppDat...}, cssSelectorsEnabled: true, databaseEnabled: false, handlesAlerts: true, hasTouchScreen: false, javascriptEnabled: true, locationContextEnabled: true, mobileEmulationEnabled: false, nativeEvents: true, networkConnectionEnabled: false, pageLoadStrategy: normal, platform: XP, platformName: XP, rotatable: false, setWindowRect: true, takesHeapSnapshot: true, takesScreenshot: true, unexpectedAlertBehaviour: , unhandledPromptBehavior: , version: 67.0.3396.99, webStorageEnabled: true}
Session ID: 2adad2546f7cda4644763b6729c112d0)

2018-07-03 12:46:19 - [MESSAGE][FAILED] - Unable to click on object 'Object Repository/TC05_AM/a_Merchant' (Root cause: org.openqa.selenium.WebDriverException: unknown error: Element <a href="#merchant">...</a> is not clickable at point (550, 33). Other element would receive the click: <div class="modal-content">...</div>
  (Session info: chrome=67.0.3396.99)
  (Driver info: chromedriver=2.35.528161 (5b82f2d2aae0ca24b877009200ced9065a772e73),platform=Windows NT 6.1.7601 SP1 x86_64) (WARNING: The server did not provide any stacktrace information)
Command duration or timeout: 0 milliseconds
Build info: version: '3.7.1', revision: '8a0099a', time: '2017-11-06T21:07:36.161Z'
System info: host: 'LT0021232', ip: '10.50.88.74', os.name: 'Windows 7', os.arch: 'amd64', os.version: '6.1', java.version: '1.8.0_102'
Driver info: com.kms.katalon.selenium.driver.CChromeDriver
Capabilities {acceptInsecureCerts: false, acceptSslCerts: false, applicationCacheEnabled: false, browserConnectionEnabled: false, browserName: chrome, chrome: {chromedriverVersion: 2.35.528161 (5b82f2d2aae0ca..., userDataDir: C:\Users\ANKUR~1.JAI\AppDat...}, cssSelectorsEnabled: true, databaseEnabled: false, handlesAlerts: true, hasTouchScreen: false, javascriptEnabled: true, locationContextEnabled: true, mobileEmulationEnabled: false, nativeEvents: true, networkConnectionEnabled: false, pageLoadStrategy: normal, platform: XP, platformName: XP, rotatable: false, setWindowRect: true, takesHeapSnapshot: true, takesScreenshot: true, unexpectedAlertBehaviour: , unhandledPromptBehavior: , version: 67.0.3396.99, webStorageEnabled: true}
Session ID: 2adad2546f7cda4644763b6729c112d0)
[[ATTACHMENT|C:\\Users\\ankur.jain\\Katalon Studio\\Feedzai_Automation\\Reports\\AM_Test Suite\\20180703_124444\\1530602178743.png]]]]></system-out>
         <system-err><![CDATA[2018-07-03 12:46:17 - [TEST_CASE][FAILED] - Test Cases/Alert Manager Test Cases/Alert Manager_View Trans Details/TC07_Mark Transaction Suspicious: Test Cases/Alert Manager Test Cases/Alert Manager_View Trans Details/TC07_Mark Transaction Suspicious FAILED because (of) Unable to click on object 'Object Repository/TC05_AM/a_Merchant' (Root cause: org.openqa.selenium.WebDriverException: unknown error: Element <a href="#merchant">...</a> is not clickable at point (550, 33). Other element would receive the click: <div class="modal-content">...</div>
  (Session info: chrome=67.0.3396.99)
  (Driver info: chromedriver=2.35.528161 (5b82f2d2aae0ca24b877009200ced9065a772e73),platform=Windows NT 6.1.7601 SP1 x86_64) (WARNING: The server did not provide any stacktrace information)
Command duration or timeout: 0 milliseconds
Build info: version: '3.7.1', revision: '8a0099a', time: '2017-11-06T21:07:36.161Z'
System info: host: 'LT0021232', ip: '10.50.88.74', os.name: 'Windows 7', os.arch: 'amd64', os.version: '6.1', java.version: '1.8.0_102'
Driver info: com.kms.katalon.selenium.driver.CChromeDriver
Capabilities {acceptInsecureCerts: false, acceptSslCerts: false, applicationCacheEnabled: false, browserConnectionEnabled: false, browserName: chrome, chrome: {chromedriverVersion: 2.35.528161 (5b82f2d2aae0ca..., userDataDir: C:\Users\ANKUR~1.JAI\AppDat...}, cssSelectorsEnabled: true, databaseEnabled: false, handlesAlerts: true, hasTouchScreen: false, javascriptEnabled: true, locationContextEnabled: true, mobileEmulationEnabled: false, nativeEvents: true, networkConnectionEnabled: false, pageLoadStrategy: normal, platform: XP, platformName: XP, rotatable: false, setWindowRect: true, takesHeapSnapshot: true, takesScreenshot: true, unexpectedAlertBehaviour: , unhandledPromptBehavior: , version: 67.0.3396.99, webStorageEnabled: true}
Session ID: 2adad2546f7cda4644763b6729c112d0)]]></system-err>
      </testcase>
      <system-out><![CDATA[2018-07-03 12:44:51 - [TEST_SUITE][FAILED] - AM_Test Suite: Test Cases/Alert Manager Test Cases/Alert Manager_View Trans Details/TC06_Mark Transaction as NOT Fraud FAILED because (of) Unable to click on object 'Object Repository/TC05_AM/button_Not Fraud' (Root cause: org.openqa.selenium.WebDriverException: unknown error: Element <button type="button" class="btn button-success button-sm action-legit" title="Mark as Not Fraud">...</button> is not clickable at point (736, 105). Other element would receive the click: <div class="row">...</div>
  (Session info: chrome=67.0.3396.99)
  (Driver info: chromedriver=2.35.528161 (5b82f2d2aae0ca24b877009200ced9065a772e73),platform=Windows NT 6.1.7601 SP1 x86_64) (WARNING: The server did not provide any stacktrace information)
Command duration or timeout: 0 milliseconds
Build info: version: '3.7.1', revision: '8a0099a', time: '2017-11-06T21:07:36.161Z'
System info: host: 'LT0021232', ip: '10.50.88.74', os.name: 'Windows 7', os.arch: 'amd64', os.version: '6.1', java.version: '1.8.0_102'
Driver info: com.kms.katalon.selenium.driver.CChromeDriver
Capabilities {acceptInsecureCerts: false, acceptSslCerts: false, applicationCacheEnabled: false, browserConnectionEnabled: false, browserName: chrome, chrome: {chromedriverVersion: 2.35.528161 (5b82f2d2aae0ca..., userDataDir: C:\Users\ANKUR~1.JAI\AppDat...}, cssSelectorsEnabled: true, databaseEnabled: false, handlesAlerts: true, hasTouchScreen: false, javascriptEnabled: true, locationContextEnabled: true, mobileEmulationEnabled: false, nativeEvents: true, networkConnectionEnabled: false, pageLoadStrategy: normal, platform: XP, platformName: XP, rotatable: false, setWindowRect: true, takesHeapSnapshot: true, takesScreenshot: true, unexpectedAlertBehaviour: , unhandledPromptBehavior: , version: 67.0.3396.99, webStorageEnabled: true}
Session ID: 2adad2546f7cda4644763b6729c112d0)]]></system-out>
      <system-err><![CDATA[2018-07-03 12:44:51 - [TEST_SUITE][FAILED] - AM_Test Suite: Test Cases/Alert Manager Test Cases/Alert Manager_View Trans Details/TC06_Mark Transaction as NOT Fraud FAILED because (of) Unable to click on object 'Object Repository/TC05_AM/button_Not Fraud' (Root cause: org.openqa.selenium.WebDriverException: unknown error: Element <button type="button" class="btn button-success button-sm action-legit" title="Mark as Not Fraud">...</button> is not clickable at point (736, 105). Other element would receive the click: <div class="row">...</div>
  (Session info: chrome=67.0.3396.99)
  (Driver info: chromedriver=2.35.528161 (5b82f2d2aae0ca24b877009200ced9065a772e73),platform=Windows NT 6.1.7601 SP1 x86_64) (WARNING: The server did not provide any stacktrace information)
Command duration or timeout: 0 milliseconds
Build info: version: '3.7.1', revision: '8a0099a', time: '2017-11-06T21:07:36.161Z'
System info: host: 'LT0021232', ip: '10.50.88.74', os.name: 'Windows 7', os.arch: 'amd64', os.version: '6.1', java.version: '1.8.0_102'
Driver info: com.kms.katalon.selenium.driver.CChromeDriver
Capabilities {acceptInsecureCerts: false, acceptSslCerts: false, applicationCacheEnabled: false, browserConnectionEnabled: false, browserName: chrome, chrome: {chromedriverVersion: 2.35.528161 (5b82f2d2aae0ca..., userDataDir: C:\Users\ANKUR~1.JAI\AppDat...}, cssSelectorsEnabled: true, databaseEnabled: false, handlesAlerts: true, hasTouchScreen: false, javascriptEnabled: true, locationContextEnabled: true, mobileEmulationEnabled: false, nativeEvents: true, networkConnectionEnabled: false, pageLoadStrategy: normal, platform: XP, platformName: XP, rotatable: false, setWindowRect: true, takesHeapSnapshot: true, takesScreenshot: true, unexpectedAlertBehaviour: , unhandledPromptBehavior: , version: 67.0.3396.99, webStorageEnabled: true}
Session ID: 2adad2546f7cda4644763b6729c112d0)]]></system-err>
   </testsuite>
</testsuites>
