<?xml version="1.0" encoding="UTF-8"?>
<testsuites name="AM_Test Suite" time="1827" tests="42" failures="4" errors="0">
   <testsuite name="AM_Test Suite" tests="42" failures="4" errors="0" time="1827" timestamp="2018-07-12 16:27:41" hostname="Ankur.Jain - LT0021232" id="Test Suites/AM_Test Suite">
      <properties>
[...]
</properties>
      <testcase name="Test Cases/Alert Manager Test Cases/Alert Manager_Login" classname="Test Cases/Alert Manager Test Cases/Alert Manager_Login" status="PASSED">
         <system-out><![CDATA[2018-07-12 16:27:47 - [TEST_CASE][PASSED] - Test Cases/Alert Manager Test Cases/Alert Manager_Login: Test Cases/Alert Manager Test Cases/Alert Manager_Login

2018-07-12 16:27:48 - [TEST_STEP][PASSED] - openBrowser: Browser is opened with url: ''

2018-07-12 16:28:34 - [MESSAGE][PASSED] - Browser is opened with url: ''

2018-07-12 16:28:34 - [TEST_STEP][PASSED] - maximizeWindow: Current window maximized

2018-07-12 16:28:36 - [MESSAGE][PASSED] - Current window maximized

2018-07-12 16:28:36 - [TEST_STEP][PASSED] - navigateToUrl: Navigate to 'https://10.130.236.51/#login' successfully

2018-07-12 16:28:52 - [MESSAGE][PASSED] - Navigate to 'https://10.130.236.51/#login' successfully

2018-07-12 16:28:52 - [TEST_STEP][PASSED] - delay: Delayed 20 second(s)

2018-07-12 16:29:12 - [MESSAGE][PASSED] - Delayed 20 second(s)

2018-07-12 16:29:12 - [TEST_STEP][PASSED] - setText: Text 'Ankur.Jain' is set on object 'Object Repository/TC_01-03_AM/input'

2018-07-12 16:29:20 - [MESSAGE][PASSED] - Text 'Ankur.Jain' is set on object 'Object Repository/TC_01-03_AM/input'

2018-07-12 16:29:20 - [TEST_STEP][PASSED] - setText: Text 'Word03Pass' is set on object 'Object Repository/TC_01-03_AM/input_1'

2018-07-12 16:29:21 - [MESSAGE][PASSED] - Text 'Word03Pass' is set on object 'Object Repository/TC_01-03_AM/input_1'

2018-07-12 16:29:21 - [TEST_STEP][PASSED] - click: Object: 'Object Repository/TC_01-03_AM/button_Sign In' is clicked on

2018-07-12 16:29:23 - [MESSAGE][PASSED] - Object: 'Object Repository/TC_01-03_AM/button_Sign In' is clicked on

2018-07-12 16:29:23 - [TEST_STEP][PASSED] - delay: Delayed 2 second(s)

2018-07-12 16:29:25 - [MESSAGE][PASSED] - Delayed 2 second(s)

2018-07-12 16:29:25 - [TEST_STEP][PASSED] - comment: Alert Manager Login Sucesfully]]></system-out>
         <system-err><![CDATA[]]></system-err>
      </testcase>
      <testcase name="Test Cases/Alert Manager Test Cases/Alert Manager_View Alert/TC01_Mark Alert Not Fraud" classname="Test Cases/Alert Manager Test Cases/Alert Manager_View Alert/TC01_Mark Alert Not Fraud" status="PASSED">
         <system-out><![CDATA[2018-07-12 16:29:25 - [TEST_CASE][PASSED] - Test Cases/Alert Manager Test Cases/Alert Manager_View Alert/TC01_Mark Alert Not Fraud: Test Cases/Alert Manager Test Cases/Alert Manager_View Alert/TC01_Mark Alert Not Fraud

2018-07-12 16:29:26 - [TEST_STEP][PASSED] - click: Object: 'Object Repository/TC_01-03_AM/a_Merchant' is clicked on

2018-07-12 16:29:27 - [MESSAGE][PASSED] - Object: 'Object Repository/TC_01-03_AM/a_Merchant' is clicked on

2018-07-12 16:29:27 - [TEST_STEP][PASSED] - click: Object: 'Object Repository/TC_01-03_AM/a_Alerts' is clicked on

2018-07-12 16:29:28 - [MESSAGE][PASSED] - Object: 'Object Repository/TC_01-03_AM/a_Alerts' is clicked on

2018-07-12 16:29:28 - [TEST_STEP][PASSED] - click: Object: 'Object Repository/TC_01-03_AM/i_glyphicon glyphicon-ok' is clicked on

2018-07-12 16:29:39 - [MESSAGE][PASSED] - Object: 'Object Repository/TC_01-03_AM/i_glyphicon glyphicon-ok' is clicked on

2018-07-12 16:29:39 - [TEST_STEP][PASSED] - setText: Text 'Not Fraud' is set on object 'Object Repository/TC_01-03_AM/textarea_observation'

2018-07-12 16:29:40 - [MESSAGE][PASSED] - Text 'Not Fraud' is set on object 'Object Repository/TC_01-03_AM/textarea_observation'

2018-07-12 16:29:40 - [TEST_STEP][PASSED] - click: Object: 'Object Repository/TC_01-03_AM/button_Not Fraud' is clicked on

2018-07-12 16:29:41 - [MESSAGE][PASSED] - Object: 'Object Repository/TC_01-03_AM/button_Not Fraud' is clicked on

2018-07-12 16:29:41 - [TEST_STEP][PASSED] - Statement - text = com.kms.katalon.core.webui.keyword.WebUiBuiltInKeywords.getText(com.kms.katalon.core.testobject.ObjectRepository.findTestObject(TC_01-03_AM/Sucess Message)): Text of object 'Object Repository/TC_01-03_AM/Sucess Message' is: '×
Close
Success
Transaction marked as Not Fraud'

2018-07-12 16:29:44 - [MESSAGE][PASSED] - Text of object 'Object Repository/TC_01-03_AM/Sucess Message' is: '×
Close
Success
Transaction marked as Not Fraud'

2018-07-12 16:29:44 - [TEST_STEP][PASSED] - Statement - If (text.contains("Not Fraud")): Alert is Marked as Not Fraud

2018-07-12 16:29:44 - [TEST_STEP][PASSED] - comment: Alert is Marked as Not Fraud

2018-07-12 16:29:44 - [TEST_STEP][PASSED] - takeScreenshot: Taking screenshot successfully

2018-07-12 16:29:54 - [MESSAGE][PASSED] - Taking screenshot successfully
[[ATTACHMENT|C:\\Users\\ankur.jain\\Katalon Studio\\Feedzai_Automation\\Reports\\AM_Test Suite\\20180712_162711\\1531393184594.png]]

2018-07-12 16:29:54 - [TEST_STEP][PASSED] - delay: Delayed 10 second(s)

2018-07-12 16:30:04 - [MESSAGE][PASSED] - Delayed 10 second(s)]]></system-out>
         <system-err><![CDATA[]]></system-err>
      </testcase>
      <testcase name="Test Cases/Alert Manager Test Cases/Alert Manager_View Alert/TC02_Mark Alert Fraud" classname="Test Cases/Alert Manager Test Cases/Alert Manager_View Alert/TC02_Mark Alert Fraud" status="PASSED">
         <system-out><![CDATA[2018-07-12 16:30:04 - [TEST_CASE][PASSED] - Test Cases/Alert Manager Test Cases/Alert Manager_View Alert/TC02_Mark Alert Fraud: Test Cases/Alert Manager Test Cases/Alert Manager_View Alert/TC02_Mark Alert Fraud

2018-07-12 16:30:06 - [TEST_STEP][PASSED] - click: Object: 'Object Repository/TC_01-03_AM/i_glyphicon glyphicon-remove' is clicked on

2018-07-12 16:30:06 - [MESSAGE][PASSED] - Object: 'Object Repository/TC_01-03_AM/i_glyphicon glyphicon-remove' is clicked on

2018-07-12 16:30:06 - [TEST_STEP][PASSED] - setText: Text 'fraud' is set on object 'Object Repository/TC_01-03_AM/textarea_observation'

2018-07-12 16:30:07 - [MESSAGE][PASSED] - Text 'fraud' is set on object 'Object Repository/TC_01-03_AM/textarea_observation'

2018-07-12 16:30:07 - [TEST_STEP][PASSED] - click: Object: 'Object Repository/TC_01-03_AM/button_Fraud' is clicked on

2018-07-12 16:30:08 - [MESSAGE][PASSED] - Object: 'Object Repository/TC_01-03_AM/button_Fraud' is clicked on

2018-07-12 16:30:08 - [TEST_STEP][PASSED] - Statement - text = com.kms.katalon.core.webui.keyword.WebUiBuiltInKeywords.getText(com.kms.katalon.core.testobject.ObjectRepository.findTestObject(TC_01-03_AM/Sucess Message)): Text of object 'Object Repository/TC_01-03_AM/Sucess Message' is: '×
Close
Success
Transaction marked as Fraud'

2018-07-12 16:30:11 - [MESSAGE][PASSED] - Text of object 'Object Repository/TC_01-03_AM/Sucess Message' is: '×
Close
Success
Transaction marked as Fraud'

2018-07-12 16:30:11 - [TEST_STEP][PASSED] - Statement - If (text.contains("Fraud")): Alert is Marked as Fraud

2018-07-12 16:30:11 - [TEST_STEP][PASSED] - comment: Alert is Marked as Fraud

2018-07-12 16:30:11 - [TEST_STEP][PASSED] - Statement - Fraud = com.kms.katalon.core.webui.keyword.WebUiBuiltInKeywords.takeScreenshot(): Taking screenshot successfully

2018-07-12 16:30:12 - [MESSAGE][PASSED] - Taking screenshot successfully
[[ATTACHMENT|C:\\Users\\ankur.jain\\Katalon Studio\\Feedzai_Automation\\Reports\\AM_Test Suite\\20180712_162711\\1531393211483.png]]

2018-07-12 16:30:12 - [TEST_STEP][PASSED] - delay: Delayed 15 second(s)

2018-07-12 16:30:27 - [MESSAGE][PASSED] - Delayed 15 second(s)]]></system-out>
         <system-err><![CDATA[]]></system-err>
      </testcase>
      <testcase name="Test Cases/Alert Manager Test Cases/Alert Manager_View Alert/TC03_Mark Alert Suspicious" classname="Test Cases/Alert Manager Test Cases/Alert Manager_View Alert/TC03_Mark Alert Suspicious" status="FAILED">
         <failure type="FAILED" message="Unable to click on object 'Object Repository/TC_01-03_AM/i_glyphicon glyphicon-fire' (Root cause: com.kms.katalon.core.webui.exception.WebElementNotFoundException: Web element with id: 'Object Repository/TC_01-03_AM/i_glyphicon glyphicon-fire' located by 'By.xpath: //i[@class = 'glyphicon glyphicon-fire']' not found)"/>
         <system-out><![CDATA[2018-07-12 16:30:28 - [TEST_CASE][FAILED] - Test Cases/Alert Manager Test Cases/Alert Manager_View Alert/TC03_Mark Alert Suspicious: Test Cases/Alert Manager Test Cases/Alert Manager_View Alert/TC03_Mark Alert Suspicious FAILED because (of) Unable to click on object 'Object Repository/TC_01-03_AM/i_glyphicon glyphicon-fire' (Root cause: com.kms.katalon.core.webui.exception.WebElementNotFoundException: Web element with id: 'Object Repository/TC_01-03_AM/i_glyphicon glyphicon-fire' located by 'By.xpath: //i[@class = 'glyphicon glyphicon-fire']' not found)

2018-07-12 16:30:29 - [TEST_STEP][FAILED] - click: Unable to click on object 'Object Repository/TC_01-03_AM/i_glyphicon glyphicon-fire' (Root cause: com.kms.katalon.core.webui.exception.WebElementNotFoundException: Web element with id: 'Object Repository/TC_01-03_AM/i_glyphicon glyphicon-fire' located by 'By.xpath: //i[@class = 'glyphicon glyphicon-fire']' not found)

2018-07-12 16:31:05 - [MESSAGE][FAILED] - Unable to click on object 'Object Repository/TC_01-03_AM/i_glyphicon glyphicon-fire' (Root cause: com.kms.katalon.core.webui.exception.WebElementNotFoundException: Web element with id: 'Object Repository/TC_01-03_AM/i_glyphicon glyphicon-fire' located by 'By.xpath: //i[@class = 'glyphicon glyphicon-fire']' not found)
[[ATTACHMENT|C:\\Users\\ankur.jain\\Katalon Studio\\Feedzai_Automation\\Reports\\AM_Test Suite\\20180712_162711\\1531393262981.png]]

2018-07-12 16:31:05 - [TEST_STEP][FAILED] - setText: Unable to set text 'suspious' of object 'Object Repository/TC_01-03_AM/textarea_observation' (Root cause: com.kms.katalon.core.webui.exception.WebElementNotFoundException: Web element with id: 'Object Repository/TC_01-03_AM/textarea_observation' located by 'By.xpath: /html[1]/body[@class="modal-open"]/div[@class="modal fade fdz-js-alerts-modal-box in"]/div[@class="modal-dialog"]/div[@class="modal-content"]/div[@class="modal-body"]/div[@class="form-group fdz-js-observation-field"]/textarea[@class="form-control"][count(. | //textarea[@name = 'observation' and @placeholder = 'Enter observation.']) = count(//textarea[@name = 'observation' and @placeholder = 'Enter observation.'])]' not found)

2018-07-12 16:31:38 - [MESSAGE][FAILED] - Unable to set text 'suspious' of object 'Object Repository/TC_01-03_AM/textarea_observation' (Root cause: com.kms.katalon.core.webui.exception.WebElementNotFoundException: Web element with id: 'Object Repository/TC_01-03_AM/textarea_observation' located by 'By.xpath: /html[1]/body[@class="modal-open"]/div[@class="modal fade fdz-js-alerts-modal-box in"]/div[@class="modal-dialog"]/div[@class="modal-content"]/div[@class="modal-body"]/div[@class="form-group fdz-js-observation-field"]/textarea[@class="form-control"][count(. | //textarea[@name = 'observation' and @placeholder = 'Enter observation.']) = count(//textarea[@name = 'observation' and @placeholder = 'Enter observation.'])]' not found)
[[ATTACHMENT|C:\\Users\\ankur.jain\\Katalon Studio\\Feedzai_Automation\\Reports\\AM_Test Suite\\20180712_162711\\1531393297742.png]]

2018-07-12 16:31:38 - [TEST_STEP][PASSED] - delay: Delayed 3 second(s)

2018-07-12 16:31:41 - [MESSAGE][PASSED] - Delayed 3 second(s)

2018-07-12 16:31:41 - [TEST_STEP][FAILED] - click: Unable to click on object 'Object Repository/TC_04_Pulse/div_select2-drop-mask' (Root cause: com.kms.katalon.core.webui.exception.WebElementNotFoundException: Web element with id: 'Object Repository/TC_04_Pulse/div_select2-drop-mask' located by 'By.xpath: //b[@role='presentation']' not found)

2018-07-12 16:32:15 - [MESSAGE][FAILED] - Unable to click on object 'Object Repository/TC_04_Pulse/div_select2-drop-mask' (Root cause: com.kms.katalon.core.webui.exception.WebElementNotFoundException: Web element with id: 'Object Repository/TC_04_Pulse/div_select2-drop-mask' located by 'By.xpath: //b[@role='presentation']' not found)
[[ATTACHMENT|C:\\Users\\ankur.jain\\Katalon Studio\\Feedzai_Automation\\Reports\\AM_Test Suite\\20180712_162711\\1531393334681.png]]

2018-07-12 16:32:15 - [TEST_STEP][FAILED] - setText: Unable to set text 'Testing' of object 'Object Repository/TC_04_Pulse/Obj1' (Root cause: com.kms.katalon.core.webui.exception.WebElementNotFoundException: Web element with id: 'Object Repository/TC_04_Pulse/Obj1' located by 'By.xpath: //*[@id="s2id_autogen6_search"]' not found)

2018-07-12 16:32:49 - [MESSAGE][FAILED] - Unable to set text 'Testing' of object 'Object Repository/TC_04_Pulse/Obj1' (Root cause: com.kms.katalon.core.webui.exception.WebElementNotFoundException: Web element with id: 'Object Repository/TC_04_Pulse/Obj1' located by 'By.xpath: //*[@id="s2id_autogen6_search"]' not found)
[[ATTACHMENT|C:\\Users\\ankur.jain\\Katalon Studio\\Feedzai_Automation\\Reports\\AM_Test Suite\\20180712_162711\\1531393368158.png]]

2018-07-12 16:32:49 - [TEST_STEP][PASSED] - delay: Delayed 3 second(s)

2018-07-12 16:32:52 - [MESSAGE][PASSED] - Delayed 3 second(s)

2018-07-12 16:32:52 - [TEST_STEP][FAILED] - sendKeys: Unable to send keys '' to object 'Object Repository/TC_04_Pulse/Obj1' (Root cause: com.kms.katalon.core.webui.exception.WebElementNotFoundException: Web element with id: 'Object Repository/TC_04_Pulse/Obj1' located by 'By.xpath: //*[@id="s2id_autogen6_search"]' not found)

2018-07-12 16:33:25 - [MESSAGE][FAILED] - Unable to send keys '' to object 'Object Repository/TC_04_Pulse/Obj1' (Root cause: com.kms.katalon.core.webui.exception.WebElementNotFoundException: Web element with id: 'Object Repository/TC_04_Pulse/Obj1' located by 'By.xpath: //*[@id="s2id_autogen6_search"]' not found)
[[ATTACHMENT|C:\\Users\\ankur.jain\\Katalon Studio\\Feedzai_Automation\\Reports\\AM_Test Suite\\20180712_162711\\1531393404681.png]]

2018-07-12 16:33:25 - [TEST_STEP][FAILED] - click: Unable to click on object 'Object Repository/TC_04_Pulse/button_Suspicious' (Root cause: com.kms.katalon.core.webui.exception.WebElementNotFoundException: Web element with id: 'Object Repository/TC_04_Pulse/button_Suspicious' located by 'By.xpath: //button[@type = 'button' and (text() = 'Suspicious' or . = 'Suspicious')]' not found)

2018-07-12 16:34:00 - [MESSAGE][FAILED] - Unable to click on object 'Object Repository/TC_04_Pulse/button_Suspicious' (Root cause: com.kms.katalon.core.webui.exception.WebElementNotFoundException: Web element with id: 'Object Repository/TC_04_Pulse/button_Suspicious' located by 'By.xpath: //button[@type = 'button' and (text() = 'Suspicious' or . = 'Suspicious')]' not found)
[[ATTACHMENT|C:\\Users\\ankur.jain\\Katalon Studio\\Feedzai_Automation\\Reports\\AM_Test Suite\\20180712_162711\\1531393439441.png]]

2018-07-12 16:34:00 - [TEST_STEP][FAILED] - Statement - text = com.kms.katalon.core.webui.keyword.WebUiBuiltInKeywords.getText(com.kms.katalon.core.testobject.ObjectRepository.findTestObject(TC_01-03_AM/Sucess Message)): Unable to get text of object 'Object Repository/TC_01-03_AM/Sucess Message' (Root cause: com.kms.katalon.core.webui.exception.WebElementNotFoundException: Web element with id: 'Object Repository/TC_01-03_AM/Sucess Message' located by 'By.xpath: /html/body/div[1]/div[1]/div[3]' not found)

2018-07-12 16:34:34 - [MESSAGE][FAILED] - Unable to get text of object 'Object Repository/TC_01-03_AM/Sucess Message' (Root cause: com.kms.katalon.core.webui.exception.WebElementNotFoundException: Web element with id: 'Object Repository/TC_01-03_AM/Sucess Message' located by 'By.xpath: /html/body/div[1]/div[1]/div[3]' not found)
[[ATTACHMENT|C:\\Users\\ankur.jain\\Katalon Studio\\Feedzai_Automation\\Reports\\AM_Test Suite\\20180712_162711\\1531393473555.png]]

2018-07-12 16:34:34 - [TEST_STEP][PASSED] - Statement - If (text.contains("Suspicious")): null]]></system-out>
         <system-err><![CDATA[2018-07-12 16:30:28 - [TEST_CASE][FAILED] - Test Cases/Alert Manager Test Cases/Alert Manager_View Alert/TC03_Mark Alert Suspicious: Test Cases/Alert Manager Test Cases/Alert Manager_View Alert/TC03_Mark Alert Suspicious FAILED because (of) Unable to click on object 'Object Repository/TC_01-03_AM/i_glyphicon glyphicon-fire' (Root cause: com.kms.katalon.core.webui.exception.WebElementNotFoundException: Web element with id: 'Object Repository/TC_01-03_AM/i_glyphicon glyphicon-fire' located by 'By.xpath: //i[@class = 'glyphicon glyphicon-fire']' not found)]]></system-err>
      </testcase>
      <testcase name="Test Cases/Alert Manager Test Cases/Alert Manager_View Trans Details/TC05_MARK Transaction  FRAUD" classname="Test Cases/Alert Manager Test Cases/Alert Manager_View Trans Details/TC05_MARK Transaction  FRAUD" status="PASSED">
         <system-out><![CDATA[2018-07-12 16:34:34 - [TEST_CASE][PASSED] - Test Cases/Alert Manager Test Cases/Alert Manager_View Trans Details/TC05_MARK Transaction  FRAUD: Test Cases/Alert Manager Test Cases/Alert Manager_View Trans Details/TC05_MARK Transaction  FRAUD

2018-07-12 16:34:35 - [TEST_STEP][PASSED] - click: Object: 'Object Repository/TC05-07_AM/a_Merchant' is clicked on

2018-07-12 16:34:35 - [MESSAGE][PASSED] - Object: 'Object Repository/TC05-07_AM/a_Merchant' is clicked on

2018-07-12 16:34:35 - [TEST_STEP][PASSED] - click: Object: 'Object Repository/TC05-07_AM/span_Alerts' is clicked on

2018-07-12 16:34:36 - [MESSAGE][PASSED] - Object: 'Object Repository/TC05-07_AM/span_Alerts' is clicked on

2018-07-12 16:34:36 - [TEST_STEP][PASSED] - click: Object: 'Object Repository/TC05-07_AM/i_glyphicon glyphicon-eye-open' is clicked on

2018-07-12 16:34:48 - [MESSAGE][PASSED] - Object: 'Object Repository/TC05-07_AM/i_glyphicon glyphicon-eye-open' is clicked on

2018-07-12 16:34:48 - [TEST_STEP][PASSED] - delay: Delayed 2 second(s)

2018-07-12 16:34:50 - [MESSAGE][PASSED] - Delayed 2 second(s)

2018-07-12 16:34:50 - [TEST_STEP][PASSED] - click: Object: 'Object Repository/TC05-07_AM/button_Fraud' is clicked on

2018-07-12 16:34:50 - [MESSAGE][PASSED] - Object: 'Object Repository/TC05-07_AM/button_Fraud' is clicked on

2018-07-12 16:34:50 - [TEST_STEP][PASSED] - delay: Delayed 3 second(s)

2018-07-12 16:34:53 - [MESSAGE][PASSED] - Delayed 3 second(s)

2018-07-12 16:34:53 - [TEST_STEP][PASSED] - setText: Text 'Fraud' is set on object 'Object Repository/TC05-07_AM/textarea_observation'

2018-07-12 16:34:54 - [MESSAGE][PASSED] - Text 'Fraud' is set on object 'Object Repository/TC05-07_AM/textarea_observation'

2018-07-12 16:34:54 - [TEST_STEP][PASSED] - click: Object: 'Object Repository/TC05-07_AM/button_Fraud_1' is clicked on

2018-07-12 16:34:54 - [MESSAGE][PASSED] - Object: 'Object Repository/TC05-07_AM/button_Fraud_1' is clicked on

2018-07-12 16:34:54 - [TEST_STEP][PASSED] - Statement - text = com.kms.katalon.core.webui.keyword.WebUiBuiltInKeywords.getText(com.kms.katalon.core.testobject.ObjectRepository.findTestObject(TC_01-03_AM/Sucess Message)): Text of object 'Object Repository/TC_01-03_AM/Sucess Message' is: ''

2018-07-12 16:34:58 - [MESSAGE][PASSED] - Text of object 'Object Repository/TC_01-03_AM/Sucess Message' is: ''

2018-07-12 16:34:58 - [TEST_STEP][PASSED] - Statement - If (text.contains("Fraud")): null

2018-07-12 16:34:58 - [TEST_STEP][PASSED] - Statement - Else: Transcation is Not Marked as Not Fraud

2018-07-12 16:34:58 - [TEST_STEP][PASSED] - comment: Transcation is Not Marked as Not Fraud

2018-07-12 16:34:58 - [TEST_STEP][PASSED] - Statement - Transcation_Fraud = com.kms.katalon.core.webui.keyword.WebUiBuiltInKeywords.takeScreenshot(): Taking screenshot successfully

2018-07-12 16:34:58 - [MESSAGE][PASSED] - Taking screenshot successfully
[[ATTACHMENT|C:\\Users\\ankur.jain\\Katalon Studio\\Feedzai_Automation\\Reports\\AM_Test Suite\\20180712_162711\\1531393498079.png]]

2018-07-12 16:34:58 - [TEST_STEP][PASSED] - delay: Delayed 3 second(s)

2018-07-12 16:35:01 - [MESSAGE][PASSED] - Delayed 3 second(s)

2018-07-12 16:35:01 - [TEST_STEP][PASSED] - verifyElementText: Actual text and expected text of test object 'Object Repository/TC05-07_AM/Status_Fraud' are matched.

2018-07-12 16:35:02 - [MESSAGE][PASSED] - Actual text and expected text of test object 'Object Repository/TC05-07_AM/Status_Fraud' are matched.

2018-07-12 16:35:02 - [TEST_STEP][PASSED] - comment: Transcation Status Verifed

2018-07-12 16:35:02 - [TEST_STEP][PASSED] - delay: Delayed 2 second(s)

2018-07-12 16:35:04 - [MESSAGE][PASSED] - Delayed 2 second(s)]]></system-out>
         <system-err><![CDATA[]]></system-err>
      </testcase>
      <testcase name="Test Cases/Alert Manager Test Cases/Alert Manager_View Trans Details/TC06_Mark Transaction as NOT Fraud" classname="Test Cases/Alert Manager Test Cases/Alert Manager_View Trans Details/TC06_Mark Transaction as NOT Fraud" status="PASSED">
         <system-out><![CDATA[2018-07-12 16:35:04 - [TEST_CASE][PASSED] - Test Cases/Alert Manager Test Cases/Alert Manager_View Trans Details/TC06_Mark Transaction as NOT Fraud: Test Cases/Alert Manager Test Cases/Alert Manager_View Trans Details/TC06_Mark Transaction as NOT Fraud

2018-07-12 16:35:04 - [TEST_STEP][PASSED] - click: Object: 'Object Repository/TC05-07_AM/a_Merchant' is clicked on

2018-07-12 16:35:05 - [MESSAGE][PASSED] - Object: 'Object Repository/TC05-07_AM/a_Merchant' is clicked on

2018-07-12 16:35:05 - [TEST_STEP][PASSED] - click: Object: 'Object Repository/TC05-07_AM/span_Alerts' is clicked on

2018-07-12 16:35:05 - [MESSAGE][PASSED] - Object: 'Object Repository/TC05-07_AM/span_Alerts' is clicked on

2018-07-12 16:35:05 - [TEST_STEP][PASSED] - delay: Delayed 2 second(s)

2018-07-12 16:35:07 - [MESSAGE][PASSED] - Delayed 2 second(s)

2018-07-12 16:35:07 - [TEST_STEP][PASSED] - click: Object: 'Object Repository/TC05-07_AM/i_glyphicon glyphicon-eye-open' is clicked on

2018-07-12 16:35:22 - [MESSAGE][PASSED] - Object: 'Object Repository/TC05-07_AM/i_glyphicon glyphicon-eye-open' is clicked on

2018-07-12 16:35:22 - [TEST_STEP][PASSED] - delay: Delayed 2 second(s)

2018-07-12 16:35:24 - [MESSAGE][PASSED] - Delayed 2 second(s)

2018-07-12 16:35:24 - [TEST_STEP][PASSED] - click: Object: 'Object Repository/TC05-07_AM/button_Not Fraud' is clicked on

2018-07-12 16:35:29 - [MESSAGE][PASSED] - Object: 'Object Repository/TC05-07_AM/button_Not Fraud' is clicked on

2018-07-12 16:35:29 - [TEST_STEP][PASSED] - delay: Delayed 3 second(s)

2018-07-12 16:35:32 - [MESSAGE][PASSED] - Delayed 3 second(s)

2018-07-12 16:35:32 - [TEST_STEP][PASSED] - setText: Text 'Not Fraud' is set on object 'Object Repository/TC05-07_AM/textarea_observation'

2018-07-12 16:35:33 - [MESSAGE][PASSED] - Text 'Not Fraud' is set on object 'Object Repository/TC05-07_AM/textarea_observation'

2018-07-12 16:35:33 - [TEST_STEP][PASSED] - delay: Delayed 2 second(s)

2018-07-12 16:35:35 - [MESSAGE][PASSED] - Delayed 2 second(s)

2018-07-12 16:35:35 - [TEST_STEP][PASSED] - click: Object: 'Object Repository/TC05-07_AM/button_Not Fraud_1' is clicked on

2018-07-12 16:35:40 - [MESSAGE][PASSED] - Object: 'Object Repository/TC05-07_AM/button_Not Fraud_1' is clicked on

2018-07-12 16:35:40 - [TEST_STEP][PASSED] - comment: Transcation is Marked as Not Fraud

2018-07-12 16:35:40 - [TEST_STEP][PASSED] - delay: Delayed 2 second(s)

2018-07-12 16:35:42 - [MESSAGE][PASSED] - Delayed 2 second(s)

2018-07-12 16:35:42 - [TEST_STEP][PASSED] - verifyElementText: Actual text and expected text of test object 'Object Repository/TC05-07_AM/Status_Not Fraud' are matched.

2018-07-12 16:35:42 - [MESSAGE][PASSED] - Actual text and expected text of test object 'Object Repository/TC05-07_AM/Status_Not Fraud' are matched.

2018-07-12 16:35:42 - [TEST_STEP][PASSED] - comment: Transcation status is verifed]]></system-out>
         <system-err><![CDATA[]]></system-err>
      </testcase>
      <testcase name="Test Cases/Alert Manager Test Cases/Alert Manager_View Trans Details/TC07_Mark Transaction Suspious" classname="Test Cases/Alert Manager Test Cases/Alert Manager_View Trans Details/TC07_Mark Transaction Suspious" status="PASSED">
         <system-out><![CDATA[2018-07-12 16:35:42 - [TEST_CASE][PASSED] - Test Cases/Alert Manager Test Cases/Alert Manager_View Trans Details/TC07_Mark Transaction Suspious: Test Cases/Alert Manager Test Cases/Alert Manager_View Trans Details/TC07_Mark Transaction Suspious

2018-07-12 16:35:43 - [TEST_STEP][PASSED] - click: Object: 'Object Repository/TC05-07_AM/a_Merchant' is clicked on

2018-07-12 16:35:49 - [MESSAGE][PASSED] - Object: 'Object Repository/TC05-07_AM/a_Merchant' is clicked on

2018-07-12 16:35:49 - [TEST_STEP][PASSED] - click: Object: 'Object Repository/TC05-07_AM/span_Alerts' is clicked on

2018-07-12 16:35:54 - [MESSAGE][PASSED] - Object: 'Object Repository/TC05-07_AM/span_Alerts' is clicked on

2018-07-12 16:35:54 - [TEST_STEP][PASSED] - click: Object: 'Object Repository/TC05-07_AM/i_glyphicon glyphicon-eye-open' is clicked on

2018-07-12 16:36:11 - [MESSAGE][PASSED] - Object: 'Object Repository/TC05-07_AM/i_glyphicon glyphicon-eye-open' is clicked on

2018-07-12 16:36:11 - [TEST_STEP][PASSED] - delay: Delayed 2 second(s)

2018-07-12 16:36:13 - [MESSAGE][PASSED] - Delayed 2 second(s)

2018-07-12 16:36:13 - [TEST_STEP][PASSED] - click: Object: 'Object Repository/TC05-07_AM/button_Suspicious' is clicked on

2018-07-12 16:36:18 - [MESSAGE][PASSED] - Object: 'Object Repository/TC05-07_AM/button_Suspicious' is clicked on

2018-07-12 16:36:18 - [TEST_STEP][PASSED] - delay: Delayed 2 second(s)

2018-07-12 16:36:20 - [MESSAGE][PASSED] - Delayed 2 second(s)

2018-07-12 16:36:20 - [TEST_STEP][PASSED] - setText: Text 'Suspious' is set on object 'Object Repository/TC05-07_AM/textarea_observation'

2018-07-12 16:36:20 - [MESSAGE][PASSED] - Text 'Suspious' is set on object 'Object Repository/TC05-07_AM/textarea_observation'

2018-07-12 16:36:20 - [TEST_STEP][PASSED] - delay: Delayed 2 second(s)

2018-07-12 16:36:22 - [MESSAGE][PASSED] - Delayed 2 second(s)

2018-07-12 16:36:22 - [TEST_STEP][PASSED] - click: Object: 'Object Repository/TC_04_Pulse/button_Suspicious' is clicked on

2018-07-12 16:36:28 - [MESSAGE][PASSED] - Object: 'Object Repository/TC_04_Pulse/button_Suspicious' is clicked on

2018-07-12 16:36:28 - [TEST_STEP][PASSED] - Statement - Transcation_Suspious = com.kms.katalon.core.webui.keyword.WebUiBuiltInKeywords.takeScreenshot(): Taking screenshot successfully

2018-07-12 16:36:29 - [MESSAGE][PASSED] - Taking screenshot successfully
[[ATTACHMENT|C:\\Users\\ankur.jain\\Katalon Studio\\Feedzai_Automation\\Reports\\AM_Test Suite\\20180712_162711\\1531393588257.png]]

2018-07-12 16:36:29 - [TEST_STEP][PASSED] - comment: Transcation is Marked as Suspious

2018-07-12 16:36:29 - [TEST_STEP][PASSED] - delay: Delayed 2 second(s)

2018-07-12 16:36:31 - [MESSAGE][PASSED] - Delayed 2 second(s)

2018-07-12 16:36:31 - [TEST_STEP][PASSED] - verifyElementText: Actual text and expected text of test object 'Object Repository/TC05-07_AM/Status_Suspious' are matched.

2018-07-12 16:36:31 - [MESSAGE][PASSED] - Actual text and expected text of test object 'Object Repository/TC05-07_AM/Status_Suspious' are matched.

2018-07-12 16:36:31 - [TEST_STEP][PASSED] - comment: Transation status is verifed

2018-07-12 16:36:31 - [TEST_STEP][PASSED] - delay: Delayed 2 second(s)

2018-07-12 16:36:33 - [MESSAGE][PASSED] - Delayed 2 second(s)]]></system-out>
         <system-err><![CDATA[]]></system-err>
      </testcase>
      <testcase name="Test Cases/Alert Manager Test Cases/AM_Customer Search Home Screen/TC08_Customer Search through mobile number" classname="Test Cases/Alert Manager Test Cases/AM_Customer Search Home Screen/TC08_Customer Search through mobile number" status="PASSED">
         <system-out><![CDATA[2018-07-12 16:36:34 - [TEST_CASE][PASSED] - Test Cases/Alert Manager Test Cases/AM_Customer Search Home Screen/TC08_Customer Search through mobile number: Test Cases/Alert Manager Test Cases/AM_Customer Search Home Screen/TC08_Customer Search through mobile number

2018-07-12 16:36:34 - [TEST_STEP][PASSED] - click: Object: 'Object Repository/TC08_18 AM/a_Customer' is clicked on

2018-07-12 16:36:35 - [MESSAGE][PASSED] - Object: 'Object Repository/TC08_18 AM/a_Customer' is clicked on

2018-07-12 16:36:35 - [TEST_STEP][PASSED] - delay: Delayed 2 second(s)

2018-07-12 16:36:37 - [MESSAGE][PASSED] - Delayed 2 second(s)

2018-07-12 16:36:37 - [TEST_STEP][PASSED] - setText: Text '+919860606030' is set on object 'Object Repository/TC08_18 AM/span_Customer'

2018-07-12 16:36:38 - [MESSAGE][PASSED] - Text '+919860606030' is set on object 'Object Repository/TC08_18 AM/span_Customer'

2018-07-12 16:36:38 - [TEST_STEP][PASSED] - delay: Delayed 2 second(s)

2018-07-12 16:36:40 - [MESSAGE][PASSED] - Delayed 2 second(s)

2018-07-12 16:36:40 - [TEST_STEP][PASSED] - setText: Text 'ENTER + ' is set on object 'Object Repository/TC08_18 AM/span_Customer'

2018-07-12 16:36:41 - [MESSAGE][PASSED] - Text 'ENTER + ' is set on object 'Object Repository/TC08_18 AM/span_Customer'

2018-07-12 16:36:41 - [TEST_STEP][PASSED] - delay: Delayed 5 second(s)

2018-07-12 16:36:46 - [MESSAGE][PASSED] - Delayed 5 second(s)

2018-07-12 16:36:46 - [TEST_STEP][PASSED] - verifyElementText: Actual text and expected text of test object 'Object Repository/TC08_18 AM/div_919860606030' are matched.

2018-07-12 16:36:47 - [MESSAGE][PASSED] - Actual text and expected text of test object 'Object Repository/TC08_18 AM/div_919860606030' are matched.

2018-07-12 16:36:47 - [TEST_STEP][PASSED] - comment: Customer Search through Mobile no is sucesfull

2018-07-12 16:36:47 - [TEST_STEP][PASSED] - Statement - CustomerSerach_MobileNo = com.kms.katalon.core.webui.keyword.WebUiBuiltInKeywords.takeScreenshot(): Taking screenshot successfully

2018-07-12 16:36:47 - [MESSAGE][PASSED] - Taking screenshot successfully
[[ATTACHMENT|C:\\Users\\ankur.jain\\Katalon Studio\\Feedzai_Automation\\Reports\\AM_Test Suite\\20180712_162711\\1531393607282.png]]

2018-07-12 16:36:47 - [TEST_STEP][PASSED] - delay: Delayed 2 second(s)

2018-07-12 16:36:49 - [MESSAGE][PASSED] - Delayed 2 second(s)]]></system-out>
         <system-err><![CDATA[]]></system-err>
      </testcase>
      <testcase name="Test Cases/Alert Manager Test Cases/AM_Customer Search Home Screen/TC09_Customer Search through Customer ID" classname="Test Cases/Alert Manager Test Cases/AM_Customer Search Home Screen/TC09_Customer Search through Customer ID" status="PASSED">
         <system-out><![CDATA[2018-07-12 16:36:49 - [TEST_CASE][PASSED] - Test Cases/Alert Manager Test Cases/AM_Customer Search Home Screen/TC09_Customer Search through Customer ID: Test Cases/Alert Manager Test Cases/AM_Customer Search Home Screen/TC09_Customer Search through Customer ID

2018-07-12 16:36:50 - [TEST_STEP][PASSED] - click: Object: 'Object Repository/TC08_18 AM/a_Customer' is clicked on

2018-07-12 16:36:50 - [MESSAGE][PASSED] - Object: 'Object Repository/TC08_18 AM/a_Customer' is clicked on

2018-07-12 16:36:50 - [TEST_STEP][PASSED] - delay: Delayed 2 second(s)

2018-07-12 16:36:52 - [MESSAGE][PASSED] - Delayed 2 second(s)

2018-07-12 16:36:52 - [TEST_STEP][PASSED] - setText: Text '1100231482' is set on object 'Object Repository/TC08_18 AM/span_Customer'

2018-07-12 16:36:53 - [MESSAGE][PASSED] - Text '1100231482' is set on object 'Object Repository/TC08_18 AM/span_Customer'

2018-07-12 16:36:53 - [TEST_STEP][PASSED] - delay: Delayed 2 second(s)

2018-07-12 16:36:55 - [MESSAGE][PASSED] - Delayed 2 second(s)

2018-07-12 16:36:55 - [TEST_STEP][PASSED] - setText: Text 'ENTER + ' is set on object 'Object Repository/TC08_18 AM/span_Customer'

2018-07-12 16:36:56 - [MESSAGE][PASSED] - Text 'ENTER + ' is set on object 'Object Repository/TC08_18 AM/span_Customer'

2018-07-12 16:36:56 - [TEST_STEP][PASSED] - delay: Delayed 5 second(s)

2018-07-12 16:37:01 - [MESSAGE][PASSED] - Delayed 5 second(s)

2018-07-12 16:37:01 - [TEST_STEP][PASSED] - verifyElementText: Actual text and expected text of test object 'Object Repository/TC08_18 AM/div_1100231482' are matched.

2018-07-12 16:37:01 - [MESSAGE][PASSED] - Actual text and expected text of test object 'Object Repository/TC08_18 AM/div_1100231482' are matched.

2018-07-12 16:37:01 - [TEST_STEP][PASSED] - comment: Customer Serach through id is sucesfull

2018-07-12 16:37:01 - [TEST_STEP][PASSED] - delay: Delayed 2 second(s)

2018-07-12 16:37:03 - [MESSAGE][PASSED] - Delayed 2 second(s)]]></system-out>
         <system-err><![CDATA[]]></system-err>
      </testcase>
      <testcase name="Test Cases/Alert Manager Test Cases/AM_Customer Search Home Screen/TC10_Customer Detail Validation" classname="Test Cases/Alert Manager Test Cases/AM_Customer Search Home Screen/TC10_Customer Detail Validation" status="PASSED">
         <system-out><![CDATA[2018-07-12 16:37:03 - [TEST_CASE][PASSED] - Test Cases/Alert Manager Test Cases/AM_Customer Search Home Screen/TC10_Customer Detail Validation: Test Cases/Alert Manager Test Cases/AM_Customer Search Home Screen/TC10_Customer Detail Validation

2018-07-12 16:37:04 - [TEST_STEP][PASSED] - click: Object: 'Object Repository/TC08_18 AM/Cust_Detail' is clicked on

2018-07-12 16:37:04 - [MESSAGE][PASSED] - Object: 'Object Repository/TC08_18 AM/Cust_Detail' is clicked on

2018-07-12 16:37:04 - [TEST_STEP][PASSED] - Statement - text = com.kms.katalon.core.webui.keyword.WebUiBuiltInKeywords.getText(com.kms.katalon.core.testobject.ObjectRepository.findTestObject(TC08_18 AM/Cust_Detail)): Text of object 'Object Repository/TC08_18 AM/Cust_Detail' is: 'Customer Name
XXX RESHMA SHETTY
Customer ID
1100231482
Status
Active
Account Date
19-02-2018 (5 months ago)
Account Number
1000000000281488
KYC
Low
Account Upgrade Date
Unknown
Mobile Number
+919821370176
Email
Unknown
Customer App ID
420346fbb4ab3200_Samsung SM-G355H
Customer Jio Money ID
Unknown
Customer Risk
Unknown
PIN Area (Zip Code)
Unknown
Address'

2018-07-12 16:37:05 - [MESSAGE][PASSED] - Text of object 'Object Repository/TC08_18 AM/Cust_Detail' is: 'Customer Name
XXX RESHMA SHETTY
Customer ID
1100231482
Status
Active
Account Date
19-02-2018 (5 months ago)
Account Number
1000000000281488
KYC
Low
Account Upgrade Date
Unknown
Mobile Number
+919821370176
Email
Unknown
Customer App ID
420346fbb4ab3200_Samsung SM-G355H
Customer Jio Money ID
Unknown
Customer Risk
Unknown
PIN Area (Zip Code)
Unknown
Address'

2018-07-12 16:37:05 - [TEST_STEP][PASSED] - Statement - If (text.contains("1100231482")): Customer Details Matched

2018-07-12 16:37:05 - [TEST_STEP][PASSED] - comment: Customer Details Matched]]></system-out>
         <system-err><![CDATA[]]></system-err>
      </testcase>
      <testcase name="Test Cases/Alert Manager Test Cases/AM_Customer Search Home Screen/TC11_Transaction Density Validation" classname="Test Cases/Alert Manager Test Cases/AM_Customer Search Home Screen/TC11_Transaction Density Validation" status="PASSED">
         <system-out><![CDATA[2018-07-12 16:37:05 - [TEST_CASE][PASSED] - Test Cases/Alert Manager Test Cases/AM_Customer Search Home Screen/TC11_Transaction Density Validation: Test Cases/Alert Manager Test Cases/AM_Customer Search Home Screen/TC11_Transaction Density Validation

2018-07-12 16:37:05 - [TEST_STEP][PASSED] - click: Object: 'Object Repository/TC08_18 AM/Transcation Details' is clicked on

2018-07-12 16:37:06 - [MESSAGE][PASSED] - Object: 'Object Repository/TC08_18 AM/Transcation Details' is clicked on

2018-07-12 16:37:06 - [TEST_STEP][PASSED] - verifyElementPresent: Object 'Object Repository/TC08_18 AM/Transcation Details' is present

2018-07-12 16:37:06 - [MESSAGE][WARNING] - Timeout '0' is invalid. Using default page load timeout: '30'

2018-07-12 16:37:06 - [MESSAGE][PASSED] - Object 'Object Repository/TC08_18 AM/Transcation Details' is present

2018-07-12 16:37:06 - [TEST_STEP][PASSED] - getText: Text of object 'Object Repository/TC08_18 AM/Transcation Details' is: 'Number of Transactions
18
Total Amount (₹)
2,107.00
Average Amount (₹)
117.06
Amount Std. Deviation (₹)
321.24'

2018-07-12 16:37:06 - [MESSAGE][PASSED] - Text of object 'Object Repository/TC08_18 AM/Transcation Details' is: 'Number of Transactions
18
Total Amount (₹)
2,107.00
Average Amount (₹)
117.06
Amount Std. Deviation (₹)
321.24']]></system-out>
         <system-err><![CDATA[]]></system-err>
      </testcase>
      <testcase name="Test Cases/Alert Manager Test Cases/AM_Customer Search Home Screen/TC12_Activity Period Validation" classname="Test Cases/Alert Manager Test Cases/AM_Customer Search Home Screen/TC12_Activity Period Validation" status="PASSED">
         <system-out><![CDATA[2018-07-12 16:37:06 - [TEST_CASE][PASSED] - Test Cases/Alert Manager Test Cases/AM_Customer Search Home Screen/TC12_Activity Period Validation: Test Cases/Alert Manager Test Cases/AM_Customer Search Home Screen/TC12_Activity Period Validation

2018-07-12 16:37:07 - [TEST_STEP][PASSED] - click: Object: 'Object Repository/TC08_18 AM/Activity_Period' is clicked on

2018-07-12 16:37:07 - [MESSAGE][PASSED] - Object: 'Object Repository/TC08_18 AM/Activity_Period' is clicked on

2018-07-12 16:37:07 - [TEST_STEP][PASSED] - verifyElementPresent: Object 'Object Repository/TC08_18 AM/Activity_Period' is present

2018-07-12 16:37:07 - [MESSAGE][WARNING] - Timeout '0' is invalid. Using default page load timeout: '30'

2018-07-12 16:37:07 - [MESSAGE][PASSED] - Object 'Object Repository/TC08_18 AM/Activity_Period' is present

2018-07-12 16:37:07 - [TEST_STEP][PASSED] - getText: Text of object 'Object Repository/TC08_18 AM/Activity_Period' is: 'From
19-02-2018 11:25:40
To
01-03-2018 22:30:53
Period
10 days'

2018-07-12 16:37:07 - [MESSAGE][PASSED] - Text of object 'Object Repository/TC08_18 AM/Activity_Period' is: 'From
19-02-2018 11:25:40
To
01-03-2018 22:30:53
Period
10 days']]></system-out>
         <system-err><![CDATA[]]></system-err>
      </testcase>
      <testcase name="Test Cases/Alert Manager Test Cases/AM_Customer Search Home Screen/TC13_ Transactions Details Validation" classname="Test Cases/Alert Manager Test Cases/AM_Customer Search Home Screen/TC13_ Transactions Details Validation" status="PASSED">
         <system-out><![CDATA[2018-07-12 16:37:07 - [TEST_CASE][PASSED] - Test Cases/Alert Manager Test Cases/AM_Customer Search Home Screen/TC13_ Transactions Details Validation: Test Cases/Alert Manager Test Cases/AM_Customer Search Home Screen/TC13_ Transactions Details Validation

2018-07-12 16:37:08 - [TEST_STEP][PASSED] - click: Object: 'Object Repository/TC08_18 AM/Transcation Details' is clicked on

2018-07-12 16:37:08 - [MESSAGE][PASSED] - Object: 'Object Repository/TC08_18 AM/Transcation Details' is clicked on

2018-07-12 16:37:08 - [TEST_STEP][PASSED] - verifyElementPresent: Object 'Object Repository/TC08_18 AM/Transcation Details' is present

2018-07-12 16:37:08 - [MESSAGE][WARNING] - Timeout '0' is invalid. Using default page load timeout: '30'

2018-07-12 16:37:08 - [MESSAGE][PASSED] - Object 'Object Repository/TC08_18 AM/Transcation Details' is present

2018-07-12 16:37:08 - [TEST_STEP][PASSED] - getText: Text of object 'Object Repository/TC08_18 AM/Transcation Details' is: 'Number of Transactions
18
Total Amount (₹)
2,107.00
Average Amount (₹)
117.06
Amount Std. Deviation (₹)
321.24'

2018-07-12 16:37:08 - [MESSAGE][PASSED] - Text of object 'Object Repository/TC08_18 AM/Transcation Details' is: 'Number of Transactions
18
Total Amount (₹)
2,107.00
Average Amount (₹)
117.06
Amount Std. Deviation (₹)
321.24']]></system-out>
         <system-err><![CDATA[]]></system-err>
      </testcase>
      <testcase name="Test Cases/Alert Manager Test Cases/AM_Customer Search Home Screen/TC14_Fraud Details Validation" classname="Test Cases/Alert Manager Test Cases/AM_Customer Search Home Screen/TC14_Fraud Details Validation" status="PASSED">
         <system-out><![CDATA[2018-07-12 16:37:08 - [TEST_CASE][PASSED] - Test Cases/Alert Manager Test Cases/AM_Customer Search Home Screen/TC14_Fraud Details Validation: Test Cases/Alert Manager Test Cases/AM_Customer Search Home Screen/TC14_Fraud Details Validation

2018-07-12 16:37:09 - [TEST_STEP][PASSED] - click: Object: 'Object Repository/TC08_18 AM/Fraud Details' is clicked on

2018-07-12 16:37:09 - [MESSAGE][PASSED] - Object: 'Object Repository/TC08_18 AM/Fraud Details' is clicked on

2018-07-12 16:37:09 - [TEST_STEP][PASSED] - verifyElementPresent: Object 'Object Repository/TC08_18 AM/Fraud Details' is present

2018-07-12 16:37:09 - [MESSAGE][WARNING] - Timeout '0' is invalid. Using default page load timeout: '30'

2018-07-12 16:37:09 - [MESSAGE][PASSED] - Object 'Object Repository/TC08_18 AM/Fraud Details' is present

2018-07-12 16:37:09 - [TEST_STEP][PASSED] - getText: Text of object 'Object Repository/TC08_18 AM/Fraud Details' is: 'Number of Transactions
0
Amount (₹)
0.00
Average Amount (₹)
0.00
Amount Std. Deviation (₹)
0.00'

2018-07-12 16:37:09 - [MESSAGE][PASSED] - Text of object 'Object Repository/TC08_18 AM/Fraud Details' is: 'Number of Transactions
0
Amount (₹)
0.00
Average Amount (₹)
0.00
Amount Std. Deviation (₹)
0.00']]></system-out>
         <system-err><![CDATA[]]></system-err>
      </testcase>
      <testcase name="Test Cases/Alert Manager Test Cases/AM_Customer Search Home Screen/TC15_Customer Transaction History" classname="Test Cases/Alert Manager Test Cases/AM_Customer Search Home Screen/TC15_Customer Transaction History" status="PASSED">
         <system-out><![CDATA[2018-07-12 16:37:09 - [TEST_CASE][PASSED] - Test Cases/Alert Manager Test Cases/AM_Customer Search Home Screen/TC15_Customer Transaction History: Test Cases/Alert Manager Test Cases/AM_Customer Search Home Screen/TC15_Customer Transaction History

2018-07-12 16:37:10 - [TEST_STEP][PASSED] - click: Object: 'Object Repository/TC08_18 AM/Transcation history' is clicked on

2018-07-12 16:37:10 - [MESSAGE][PASSED] - Object: 'Object Repository/TC08_18 AM/Transcation history' is clicked on

2018-07-12 16:37:10 - [TEST_STEP][PASSED] - verifyElementPresent: Object 'Object Repository/TC08_18 AM/Transcation history' is present

2018-07-12 16:37:10 - [MESSAGE][WARNING] - Timeout '0' is invalid. Using default page load timeout: '30'

2018-07-12 16:37:10 - [MESSAGE][PASSED] - Object 'Object Repository/TC08_18 AM/Transcation history' is present

2018-07-12 16:37:10 - [TEST_STEP][PASSED] - getText: Text of object 'Object Repository/TC08_18 AM/Transcation history' is: 'Date / Time PAN Amount (₹) Customer Beneficiary MCC CP Channel Type Response RT Queue Status
01-03-2018 22:30:53 2812 3206 0068 4985 5.00 1100231482 +919800000001 N/A no UDW 10 00 0 Unassigned Not Fraud
26-02-2018 22:30:15 2812 3206 0068 4985 5.00 1100231482 +919800000003 N/A no UDW 10 00 0 Unassigned Not Fraud
20-02-2018 12:53:12 2812 3206 0068 4985 2.00 1100231482 100001000021019 5940 no P2M 18 05 3 Unassigned Not Fraud
19-02-2018 21:02:53 2812 3206 0068 4985 15.00 1100231482 tedt N/A no IBW 42 05 1 Merchant Pending
19-02-2018 20:59:57 2812 3206 0068 4985 15.00 1100231482 tedt N/A no IBW 42 05 3 Customer Pending
19-02-2018 11:52:09 2812 3206 0068 4985 5.00 1100231482 569842238566 N/A no NFW 41 00 0 Unassigned Not Fraud
19-02-2018 11:50:57 2812 3206 0068 4985 10.00 1100231482 598426998755 N/A no NFW 41 05 1 Customer Pending
19-02-2018 11:50:03 2812 3206 0068 4985 5.00 1100231482 1100231495 N/A no PDW 47 05 2 Customer Pending
19-02-2018 11:49:13 2812 3206 0068 4985 5.00 1100231482 1100231495 N/A no PDW 47 00 0 Unassigned Not Fraud
19-02-2018 11:46:39 2812 3206 0068 4985 5.00 1100231482 9800000003 N/A no UDW 10 00 0 Unassigned Not Fraud'

2018-07-12 16:37:11 - [MESSAGE][PASSED] - Text of object 'Object Repository/TC08_18 AM/Transcation history' is: 'Date / Time PAN Amount (₹) Customer Beneficiary MCC CP Channel Type Response RT Queue Status
01-03-2018 22:30:53 2812 3206 0068 4985 5.00 1100231482 +919800000001 N/A no UDW 10 00 0 Unassigned Not Fraud
26-02-2018 22:30:15 2812 3206 0068 4985 5.00 1100231482 +919800000003 N/A no UDW 10 00 0 Unassigned Not Fraud
20-02-2018 12:53:12 2812 3206 0068 4985 2.00 1100231482 100001000021019 5940 no P2M 18 05 3 Unassigned Not Fraud
19-02-2018 21:02:53 2812 3206 0068 4985 15.00 1100231482 tedt N/A no IBW 42 05 1 Merchant Pending
19-02-2018 20:59:57 2812 3206 0068 4985 15.00 1100231482 tedt N/A no IBW 42 05 3 Customer Pending
19-02-2018 11:52:09 2812 3206 0068 4985 5.00 1100231482 569842238566 N/A no NFW 41 00 0 Unassigned Not Fraud
19-02-2018 11:50:57 2812 3206 0068 4985 10.00 1100231482 598426998755 N/A no NFW 41 05 1 Customer Pending
19-02-2018 11:50:03 2812 3206 0068 4985 5.00 1100231482 1100231495 N/A no PDW 47 05 2 Customer Pending
19-02-2018 11:49:13 2812 3206 0068 4985 5.00 1100231482 1100231495 N/A no PDW 47 00 0 Unassigned Not Fraud
19-02-2018 11:46:39 2812 3206 0068 4985 5.00 1100231482 9800000003 N/A no UDW 10 00 0 Unassigned Not Fraud']]></system-out>
         <system-err><![CDATA[]]></system-err>
      </testcase>
      <testcase name="Test Cases/Alert Manager Test Cases/AM_Customer Search Home Screen/TC17_Customer Transaction Statistics" classname="Test Cases/Alert Manager Test Cases/AM_Customer Search Home Screen/TC17_Customer Transaction Statistics" status="PASSED">
         <system-out><![CDATA[2018-07-12 16:37:11 - [TEST_CASE][PASSED] - Test Cases/Alert Manager Test Cases/AM_Customer Search Home Screen/TC17_Customer Transaction Statistics: Test Cases/Alert Manager Test Cases/AM_Customer Search Home Screen/TC17_Customer Transaction Statistics

2018-07-12 16:37:12 - [TEST_STEP][PASSED] - click: Object: 'Object Repository/TC08_18 AM/Transcation Statics' is clicked on

2018-07-12 16:37:12 - [MESSAGE][PASSED] - Object: 'Object Repository/TC08_18 AM/Transcation Statics' is clicked on

2018-07-12 16:37:12 - [TEST_STEP][PASSED] - verifyElementPresent: Object 'Object Repository/TC08_18 AM/Transcation Statics' is present

2018-07-12 16:37:12 - [MESSAGE][WARNING] - Timeout '0' is invalid. Using default page load timeout: '30'

2018-07-12 16:37:12 - [MESSAGE][PASSED] - Object 'Object Repository/TC08_18 AM/Transcation Statics' is present

2018-07-12 16:37:12 - [TEST_STEP][PASSED] - getText: Text of object 'Object Repository/TC08_18 AM/Transcation Statics' is: '0
1
2
3
4
5
6
7
8
9
10
11
12
13
14
15
16
17
18
19
20
21
22
23
Hour
0
1
2
3
4
5
6
7
8
9
10
11
12
13
14
15
16
17
18
19
20
21
22
23
0
1
2
3
4
5
6
7
8
9
10
11
12
13
Number of Transactions
0
1
2
3
4
5
6
7
8
9
10
11
12
13
13 (72.2%)
11'

2018-07-12 16:37:13 - [MESSAGE][PASSED] - Text of object 'Object Repository/TC08_18 AM/Transcation Statics' is: '0
1
2
3
4
5
6
7
8
9
10
11
12
13
14
15
16
17
18
19
20
21
22
23
Hour
0
1
2
3
4
5
6
7
8
9
10
11
12
13
14
15
16
17
18
19
20
21
22
23
0
1
2
3
4
5
6
7
8
9
10
11
12
13
Number of Transactions
0
1
2
3
4
5
6
7
8
9
10
11
12
13
13 (72.2%)
11']]></system-out>
         <system-err><![CDATA[]]></system-err>
      </testcase>
      <testcase name="Test Cases/Alert Manager Test Cases/AM_Customer Search Home Screen/TC18_Merchant Statistics in Customer tab Validation" classname="Test Cases/Alert Manager Test Cases/AM_Customer Search Home Screen/TC18_Merchant Statistics in Customer tab Validation" status="PASSED">
         <system-out><![CDATA[2018-07-12 16:37:13 - [TEST_CASE][PASSED] - Test Cases/Alert Manager Test Cases/AM_Customer Search Home Screen/TC18_Merchant Statistics in Customer tab Validation: Test Cases/Alert Manager Test Cases/AM_Customer Search Home Screen/TC18_Merchant Statistics in Customer tab Validation

2018-07-12 16:37:13 - [TEST_STEP][PASSED] - click: Object: 'Object Repository/TC08_18 AM/Transcation Statics' is clicked on

2018-07-12 16:37:14 - [MESSAGE][PASSED] - Object: 'Object Repository/TC08_18 AM/Transcation Statics' is clicked on

2018-07-12 16:37:14 - [TEST_STEP][PASSED] - verifyElementVisible: Object 'Object Repository/TC08_18 AM/Transcation Statics' is visible

2018-07-12 16:37:14 - [MESSAGE][PASSED] - Object 'Object Repository/TC08_18 AM/Transcation Statics' is visible

2018-07-12 16:37:14 - [TEST_STEP][PASSED] - Statement - Customer_Search_id = com.kms.katalon.core.webui.keyword.WebUiBuiltInKeywords.takeScreenshot(): Taking screenshot successfully

2018-07-12 16:37:14 - [MESSAGE][PASSED] - Taking screenshot successfully
[[ATTACHMENT|C:\\Users\\ankur.jain\\Katalon Studio\\Feedzai_Automation\\Reports\\AM_Test Suite\\20180712_162711\\1531393634195.png]]]]></system-out>
         <system-err><![CDATA[]]></system-err>
      </testcase>
      <testcase name="Test Cases/Alert Manager Test Cases/AM_Merchant Search Home Screen/TC19_Validation of Enter MerchantNo" classname="Test Cases/Alert Manager Test Cases/AM_Merchant Search Home Screen/TC19_Validation of Enter MerchantNo" status="PASSED">
         <system-out><![CDATA[2018-07-12 16:37:14 - [TEST_CASE][PASSED] - Test Cases/Alert Manager Test Cases/AM_Merchant Search Home Screen/TC19_Validation of Enter MerchantNo: Test Cases/Alert Manager Test Cases/AM_Merchant Search Home Screen/TC19_Validation of Enter MerchantNo

2018-07-12 16:37:15 - [TEST_STEP][PASSED] - click: Object: 'Object Repository/TC_19_20 AM/Merchant_icon' is clicked on

2018-07-12 16:37:16 - [MESSAGE][PASSED] - Object: 'Object Repository/TC_19_20 AM/Merchant_icon' is clicked on

2018-07-12 16:37:16 - [TEST_STEP][PASSED] - delay: Delayed 2 second(s)

2018-07-12 16:37:18 - [MESSAGE][PASSED] - Delayed 2 second(s)

2018-07-12 16:37:18 - [TEST_STEP][PASSED] - setText: Text '+918899550000' is set on object 'Object Repository/TC_19_20 AM/Merchant_Inputbox'

2018-07-12 16:37:19 - [MESSAGE][PASSED] - Text '+918899550000' is set on object 'Object Repository/TC_19_20 AM/Merchant_Inputbox'

2018-07-12 16:37:19 - [TEST_STEP][PASSED] - delay: Delayed 2 second(s)

2018-07-12 16:37:21 - [MESSAGE][PASSED] - Delayed 2 second(s)

2018-07-12 16:37:21 - [TEST_STEP][PASSED] - setText: Text 'ENTER + ' is set on object 'Object Repository/TC_19_20 AM/Merchant_Inputbox'

2018-07-12 16:37:21 - [MESSAGE][PASSED] - Text 'ENTER + ' is set on object 'Object Repository/TC_19_20 AM/Merchant_Inputbox'

2018-07-12 16:37:21 - [TEST_STEP][PASSED] - delay: Delayed 2 second(s)

2018-07-12 16:37:23 - [MESSAGE][PASSED] - Delayed 2 second(s)

2018-07-12 16:37:23 - [TEST_STEP][PASSED] - verifyElementText: Actual text and expected text of test object 'Object Repository/TC_19_20 AM/Merchant_MobileNo_Validation' are matched.

2018-07-12 16:37:23 - [MESSAGE][PASSED] - Actual text and expected text of test object 'Object Repository/TC_19_20 AM/Merchant_MobileNo_Validation' are matched.

2018-07-12 16:37:23 - [TEST_STEP][PASSED] - getText: Text of object 'Object Repository/TC_19_20 AM/Merchant_Details' is: 'Merchant Name
swa
Merchant ID
100001000022854
Status
Active
Account Date
10-01-2017 (2 years ago)
MCC
5511 (AUTO & TRUCK DLRS-SALES,SVC, REPRS,PRTS, & LEASING)
Onboarding Score
60
Express MAF
Yes
Merchant App ID
10.130.244.10_+918899550000
Phone Number
Unknown
Mobile Number
+918899550000
Email
Unknown
PIN Area (Zip Code)
123456
Is API Based Merchant
No
Address
AAAA
AAAA
Jio Money Daily Exit Limit (₹)
20,000.00
Jio Money Daily Limit (#)
200
Jio Money Daily Limit (₹)
40,000.00
Open Loop Daily Exit Limit (₹)
0.00
Open Loop Daily Limit (#)
0
Open Loop Daily Limit (₹)
0.00
Jio Money Refund limit (₹)
2,000.00
Open Loop Refund limit (₹)
0.00'

2018-07-12 16:37:23 - [MESSAGE][PASSED] - Text of object 'Object Repository/TC_19_20 AM/Merchant_Details' is: 'Merchant Name
swa
Merchant ID
100001000022854
Status
Active
Account Date
10-01-2017 (2 years ago)
MCC
5511 (AUTO & TRUCK DLRS-SALES,SVC, REPRS,PRTS, & LEASING)
Onboarding Score
60
Express MAF
Yes
Merchant App ID
10.130.244.10_+918899550000
Phone Number
Unknown
Mobile Number
+918899550000
Email
Unknown
PIN Area (Zip Code)
123456
Is API Based Merchant
No
Address
AAAA
AAAA
Jio Money Daily Exit Limit (₹)
20,000.00
Jio Money Daily Limit (#)
200
Jio Money Daily Limit (₹)
40,000.00
Open Loop Daily Exit Limit (₹)
0.00
Open Loop Daily Limit (#)
0
Open Loop Daily Limit (₹)
0.00
Jio Money Refund limit (₹)
2,000.00
Open Loop Refund limit (₹)
0.00'

2018-07-12 16:37:23 - [TEST_STEP][PASSED] - verifyElementPresent: Object 'Object Repository/TC_19_20 AM/Merchant_Location' is present

2018-07-12 16:37:24 - [MESSAGE][WARNING] - Timeout '0' is invalid. Using default page load timeout: '30'

2018-07-12 16:37:24 - [MESSAGE][PASSED] - Object 'Object Repository/TC_19_20 AM/Merchant_Location' is present

2018-07-12 16:37:24 - [TEST_STEP][PASSED] - getText: Text of object 'Object Repository/TC_19_20 AM/Merchant_Activity Period' is: 'From
13-02-2017 09:30:24
To
12-07-2018 13:34:02
Period
a year'

2018-07-12 16:37:25 - [MESSAGE][PASSED] - Text of object 'Object Repository/TC_19_20 AM/Merchant_Activity Period' is: 'From
13-02-2017 09:30:24
To
12-07-2018 13:34:02
Period
a year'

2018-07-12 16:37:25 - [TEST_STEP][PASSED] - getText: Text of object 'Object Repository/TC_19_20 AM/Merchant_Trans Details' is: 'Number of Transactions
197
Total Amount (₹)
1,482.00
Average Amount (₹)
7.52
Amount Std. Deviation (₹)
12.85'

2018-07-12 16:37:25 - [MESSAGE][PASSED] - Text of object 'Object Repository/TC_19_20 AM/Merchant_Trans Details' is: 'Number of Transactions
197
Total Amount (₹)
1,482.00
Average Amount (₹)
7.52
Amount Std. Deviation (₹)
12.85'

2018-07-12 16:37:25 - [TEST_STEP][PASSED] - getText: Text of object 'Object Repository/TC_19_20 AM/Merchnat_Fraud Details' is: 'Number of Transactions
2 (1.0%)
Amount (₹)
13.00 (0.9%)
Average Amount (₹)
6.50
Amount Std. Deviation (₹)
6.36'

2018-07-12 16:37:25 - [MESSAGE][PASSED] - Text of object 'Object Repository/TC_19_20 AM/Merchnat_Fraud Details' is: 'Number of Transactions
2 (1.0%)
Amount (₹)
13.00 (0.9%)
Average Amount (₹)
6.50
Amount Std. Deviation (₹)
6.36'

2018-07-12 16:37:25 - [TEST_STEP][PASSED] - getText: Text of object 'Object Repository/TC_19_20 AM/Merchant_Transation History' is: 'Date / Time PAN Amount (₹) Customer Beneficiary MCC CP Channel Type Response RT Queue Status
12-07-2018 13:34:02 2812 3206 0049 3056 5.00 1100203444 100001000022854 5511 no P2M 18 00 0 Test New Suspicious
12-07-2018 13:32:25 2812 3206 0049 3056 5.00 1100203444 100001000022854 5511 no P2M 18 05 4 Merchant Pending
27-06-2018 20:27:30 2812 3206 0031 9822 5.00 1100058367 100001000022854 5511 no P2M 18 05 2 Merchant Pending
27-06-2018 20:23:20 2812 3206 0031 9822 1.00 1100058367 100001000022854 5511 no P2M 18 05 2 Merchant Pending
25-06-2018 12:53:58 2812 3206 0068 8820 5.00 1100231978 100001000022854 5511 no P2M 18 05 1 Merchant Pending
22-06-2018 17:38:39 2812 3206 0068 8820 5.00 1100231978 100001000022854 5511 no P2M 18 00 1 Customer Pending
22-06-2018 17:25:37 2812 3206 0068 8820 5.00 1100231978 100001000022854 5511 no P2M 18 05 3 Merchant Pending
18-06-2018 17:00:55 2812 3206 0068 8820 5.00 1100231978 100001000022854 5511 no P2M 18 05 1 Merchant Pending
18-06-2018 17:00:48 2812 3206 0068 8820 5.00 1100231978 100001000022854 5511 no P2M 18 05 1 Merchant Pending
15-06-2018 16:41:02 2812 3206 0068 8820 5.00 1100231978 100001000022854 5511 no P2M 18 05 2 Merchant Pending'

2018-07-12 16:37:26 - [MESSAGE][PASSED] - Text of object 'Object Repository/TC_19_20 AM/Merchant_Transation History' is: 'Date / Time PAN Amount (₹) Customer Beneficiary MCC CP Channel Type Response RT Queue Status
12-07-2018 13:34:02 2812 3206 0049 3056 5.00 1100203444 100001000022854 5511 no P2M 18 00 0 Test New Suspicious
12-07-2018 13:32:25 2812 3206 0049 3056 5.00 1100203444 100001000022854 5511 no P2M 18 05 4 Merchant Pending
27-06-2018 20:27:30 2812 3206 0031 9822 5.00 1100058367 100001000022854 5511 no P2M 18 05 2 Merchant Pending
27-06-2018 20:23:20 2812 3206 0031 9822 1.00 1100058367 100001000022854 5511 no P2M 18 05 2 Merchant Pending
25-06-2018 12:53:58 2812 3206 0068 8820 5.00 1100231978 100001000022854 5511 no P2M 18 05 1 Merchant Pending
22-06-2018 17:38:39 2812 3206 0068 8820 5.00 1100231978 100001000022854 5511 no P2M 18 00 1 Customer Pending
22-06-2018 17:25:37 2812 3206 0068 8820 5.00 1100231978 100001000022854 5511 no P2M 18 05 3 Merchant Pending
18-06-2018 17:00:55 2812 3206 0068 8820 5.00 1100231978 100001000022854 5511 no P2M 18 05 1 Merchant Pending
18-06-2018 17:00:48 2812 3206 0068 8820 5.00 1100231978 100001000022854 5511 no P2M 18 05 1 Merchant Pending
15-06-2018 16:41:02 2812 3206 0068 8820 5.00 1100231978 100001000022854 5511 no P2M 18 05 2 Merchant Pending'

2018-07-12 16:37:26 - [TEST_STEP][PASSED] - verifyElementPresent: Object 'Object Repository/TC_19_20 AM/Merchant_Trans Statistics' is present

2018-07-12 16:37:26 - [MESSAGE][WARNING] - Timeout '0' is invalid. Using default page load timeout: '30'

2018-07-12 16:37:26 - [MESSAGE][PASSED] - Object 'Object Repository/TC_19_20 AM/Merchant_Trans Statistics' is present

2018-07-12 16:37:26 - [TEST_STEP][PASSED] - delay: Delayed 2 second(s)

2018-07-12 16:37:28 - [MESSAGE][PASSED] - Delayed 2 second(s)

2018-07-12 16:37:28 - [TEST_STEP][PASSED] - comment: Merchant Search through Mobile No is validated

2018-07-12 16:37:28 - [TEST_STEP][PASSED] - Statement - Merchant_Search_id = com.kms.katalon.core.webui.keyword.WebUiBuiltInKeywords.takeScreenshot(): Taking screenshot successfully

2018-07-12 16:37:29 - [MESSAGE][PASSED] - Taking screenshot successfully
[[ATTACHMENT|C:\\Users\\ankur.jain\\Katalon Studio\\Feedzai_Automation\\Reports\\AM_Test Suite\\20180712_162711\\1531393648767.png]]]]></system-out>
         <system-err><![CDATA[]]></system-err>
      </testcase>
      <testcase name="Test Cases/Alert Manager Test Cases/AM_Merchant Search Home Screen/TC20_Validation of Enter Merchant MID" classname="Test Cases/Alert Manager Test Cases/AM_Merchant Search Home Screen/TC20_Validation of Enter Merchant MID" status="PASSED">
         <system-out><![CDATA[2018-07-12 16:37:29 - [TEST_CASE][PASSED] - Test Cases/Alert Manager Test Cases/AM_Merchant Search Home Screen/TC20_Validation of Enter Merchant MID: Test Cases/Alert Manager Test Cases/AM_Merchant Search Home Screen/TC20_Validation of Enter Merchant MID

2018-07-12 16:37:30 - [TEST_STEP][PASSED] - click: Object: 'Object Repository/TC_19_20 AM/Merchant_icon' is clicked on

2018-07-12 16:37:30 - [MESSAGE][PASSED] - Object: 'Object Repository/TC_19_20 AM/Merchant_icon' is clicked on

2018-07-12 16:37:30 - [TEST_STEP][PASSED] - delay: Delayed 2 second(s)

2018-07-12 16:37:32 - [MESSAGE][PASSED] - Delayed 2 second(s)

2018-07-12 16:37:32 - [TEST_STEP][PASSED] - setText: Text '100001000127962' is set on object 'Object Repository/TC_19_20 AM/Merchant_Inputbox'

2018-07-12 16:37:32 - [MESSAGE][PASSED] - Text '100001000127962' is set on object 'Object Repository/TC_19_20 AM/Merchant_Inputbox'

2018-07-12 16:37:32 - [TEST_STEP][PASSED] - delay: Delayed 2 second(s)

2018-07-12 16:37:34 - [MESSAGE][PASSED] - Delayed 2 second(s)

2018-07-12 16:37:34 - [TEST_STEP][PASSED] - setText: Text 'ENTER + ' is set on object 'Object Repository/TC_19_20 AM/Merchant_Inputbox'

2018-07-12 16:37:35 - [MESSAGE][PASSED] - Text 'ENTER + ' is set on object 'Object Repository/TC_19_20 AM/Merchant_Inputbox'

2018-07-12 16:37:35 - [TEST_STEP][PASSED] - delay: Delayed 2 second(s)

2018-07-12 16:37:37 - [MESSAGE][PASSED] - Delayed 2 second(s)

2018-07-12 16:37:37 - [TEST_STEP][PASSED] - verifyElementText: Actual text and expected text of test object 'Object Repository/TC_19_20 AM/Merchant_id_Validation' are matched.

2018-07-12 16:37:39 - [MESSAGE][PASSED] - Actual text and expected text of test object 'Object Repository/TC_19_20 AM/Merchant_id_Validation' are matched.

2018-07-12 16:37:39 - [TEST_STEP][PASSED] - comment: Merchant Search through id is validated

2018-07-12 16:37:39 - [TEST_STEP][PASSED] - Statement - Merchant_Search_id = com.kms.katalon.core.webui.keyword.WebUiBuiltInKeywords.takeScreenshot(): Taking screenshot successfully

2018-07-12 16:37:40 - [MESSAGE][PASSED] - Taking screenshot successfully
[[ATTACHMENT|C:\\Users\\ankur.jain\\Katalon Studio\\Feedzai_Automation\\Reports\\AM_Test Suite\\20180712_162711\\1531393659454.png]]]]></system-out>
         <system-err><![CDATA[]]></system-err>
      </testcase>
      <testcase name="Test Cases/Alert Manager Test Cases/AM_Agent Search/TC21_Validation of Agent Search" classname="Test Cases/Alert Manager Test Cases/AM_Agent Search/TC21_Validation of Agent Search" status="PASSED">
         <system-out><![CDATA[2018-07-12 16:37:40 - [TEST_CASE][PASSED] - Test Cases/Alert Manager Test Cases/AM_Agent Search/TC21_Validation of Agent Search: Test Cases/Alert Manager Test Cases/AM_Agent Search/TC21_Validation of Agent Search

2018-07-12 16:37:40 - [TEST_STEP][PASSED] - click: Object: 'Object Repository/TC_21_AM/Agent_Icon' is clicked on

2018-07-12 16:37:41 - [MESSAGE][PASSED] - Object: 'Object Repository/TC_21_AM/Agent_Icon' is clicked on

2018-07-12 16:37:41 - [TEST_STEP][PASSED] - delay: Delayed 2 second(s)

2018-07-12 16:37:43 - [MESSAGE][PASSED] - Delayed 2 second(s)

2018-07-12 16:37:43 - [TEST_STEP][PASSED] - setText: Text '1000002151' is set on object 'Object Repository/TC_21_AM/Agent_Search'

2018-07-12 16:37:43 - [MESSAGE][PASSED] - Text '1000002151' is set on object 'Object Repository/TC_21_AM/Agent_Search'

2018-07-12 16:37:43 - [TEST_STEP][PASSED] - delay: Delayed 9 second(s)

2018-07-12 16:37:52 - [MESSAGE][PASSED] - Delayed 9 second(s)

2018-07-12 16:37:52 - [TEST_STEP][PASSED] - setText: Text 'ENTER + ' is set on object 'Object Repository/TC_21_AM/Agent_Search'

2018-07-12 16:37:53 - [MESSAGE][PASSED] - Text 'ENTER + ' is set on object 'Object Repository/TC_21_AM/Agent_Search'

2018-07-12 16:37:53 - [TEST_STEP][PASSED] - delay: Delayed 2 second(s)

2018-07-12 16:37:55 - [MESSAGE][PASSED] - Delayed 2 second(s)

2018-07-12 16:37:55 - [TEST_STEP][PASSED] - verifyElementText: Actual text and expected text of test object 'Object Repository/TC_21_AM/Agent_id_Validation' are matched.

2018-07-12 16:37:55 - [MESSAGE][PASSED] - Actual text and expected text of test object 'Object Repository/TC_21_AM/Agent_id_Validation' are matched.

2018-07-12 16:37:55 - [TEST_STEP][PASSED] - getText: Text of object 'Object Repository/TC_21_AM/Agent_Details' is: 'Agent Name
VARA PP
Agent ID
1000002151
Status
Unknown
Account Date
16-12-2016 (2 years ago)
Shop
PRASADDD
Type
Distributor Sales
Phone Number
Unknown
Mobile Number
9769956830
Email
kanika.shetty@ril.com
Agent App ID
Unknown
Category
Zonal Distributor
Business Regional Number
Unknown
PIN Area (Zip Code)
400706
Address
asa sasa sas
400706 - asas, KA, IN'

2018-07-12 16:37:56 - [MESSAGE][PASSED] - Text of object 'Object Repository/TC_21_AM/Agent_Details' is: 'Agent Name
VARA PP
Agent ID
1000002151
Status
Unknown
Account Date
16-12-2016 (2 years ago)
Shop
PRASADDD
Type
Distributor Sales
Phone Number
Unknown
Mobile Number
9769956830
Email
kanika.shetty@ril.com
Agent App ID
Unknown
Category
Zonal Distributor
Business Regional Number
Unknown
PIN Area (Zip Code)
400706
Address
asa sasa sas
400706 - asas, KA, IN'

2018-07-12 16:37:56 - [TEST_STEP][PASSED] - verifyElementPresent: Object 'Object Repository/TC_21_AM/Agent_Location' is present

2018-07-12 16:37:56 - [MESSAGE][WARNING] - Timeout '0' is invalid. Using default page load timeout: '30'

2018-07-12 16:37:57 - [MESSAGE][PASSED] - Object 'Object Repository/TC_21_AM/Agent_Location' is present

2018-07-12 16:37:57 - [TEST_STEP][PASSED] - getText: Text of object 'Object Repository/TC_21_AM/Agent_Activity Period' is: 'From
16-12-2016 11:34:41
To
05-04-2018 13:14:31
Period
a year'

2018-07-12 16:37:57 - [MESSAGE][PASSED] - Text of object 'Object Repository/TC_21_AM/Agent_Activity Period' is: 'From
16-12-2016 11:34:41
To
05-04-2018 13:14:31
Period
a year'

2018-07-12 16:37:57 - [TEST_STEP][PASSED] - getText: Text of object 'Object Repository/TC_21_AM/Agent_Trans Details' is: 'Number of Transactions
23
Total Amount (₹)
122.00
Average Amount (₹)
5.30
Amount Std. Deviation (₹)
5.30'

2018-07-12 16:37:57 - [MESSAGE][PASSED] - Text of object 'Object Repository/TC_21_AM/Agent_Trans Details' is: 'Number of Transactions
23
Total Amount (₹)
122.00
Average Amount (₹)
5.30
Amount Std. Deviation (₹)
5.30'

2018-07-12 16:37:57 - [TEST_STEP][PASSED] - getText: Text of object 'Object Repository/TC_21_AM/Agent_Fraud Details' is: 'Number of Transactions
4 (17.39%)
Amount (₹)
54.00 (44.3%)
Average Amount (₹)
13.50
Amount Std. Deviation (₹)
1.73'

2018-07-12 16:37:59 - [MESSAGE][PASSED] - Text of object 'Object Repository/TC_21_AM/Agent_Fraud Details' is: 'Number of Transactions
4 (17.39%)
Amount (₹)
54.00 (44.3%)
Average Amount (₹)
13.50
Amount Std. Deviation (₹)
1.73'

2018-07-12 16:37:59 - [TEST_STEP][PASSED] - getText: Text of object 'Object Repository/TC_21_AM/Agent_Trans History' is: 'Date / Time PAN Amount (₹) Customer Beneficiary MCC CP Channel Type Response RT Queue Status
05-04-2018 13:14:31 Jio 2.00 Unknown teststststs N/A no BIA 14 05 0 Unassigned Not Fraud
05-04-2018 13:14:22 Jio 2.00 Unknown teststststs N/A no BIA 14 05 0 Unassigned Not Fraud
05-04-2018 13:05:53 Jio 10.00 Unknown TJAN240120208 N/A no 28-7171 28 00 0 Unassigned Not Fraud
29-12-2016 14:58:24 2812 3201 8089 0507 2.00 1100021222 1100021222 N/A no LMA 28 05 0 Unassigned Not Fraud
16-12-2016 12:20:38 2812 3201 0179 4630 12.00 1100021194 1100021194 N/A no LMA 28 05 1 Unassigned Fraud
16-12-2016 12:15:53 2812 3201 0179 4630 10.00 1100021194 1100021194 N/A no LMA 28 00 1 Unassigned Not Fraud
16-12-2016 12:15:37 2812 3201 8089 0507 10.00 1100021222 1100021222 N/A no LMA 28 05 0 Unassigned Not Fraud'

2018-07-12 16:38:00 - [MESSAGE][PASSED] - Text of object 'Object Repository/TC_21_AM/Agent_Trans History' is: 'Date / Time PAN Amount (₹) Customer Beneficiary MCC CP Channel Type Response RT Queue Status
05-04-2018 13:14:31 Jio 2.00 Unknown teststststs N/A no BIA 14 05 0 Unassigned Not Fraud
05-04-2018 13:14:22 Jio 2.00 Unknown teststststs N/A no BIA 14 05 0 Unassigned Not Fraud
05-04-2018 13:05:53 Jio 10.00 Unknown TJAN240120208 N/A no 28-7171 28 00 0 Unassigned Not Fraud
29-12-2016 14:58:24 2812 3201 8089 0507 2.00 1100021222 1100021222 N/A no LMA 28 05 0 Unassigned Not Fraud
16-12-2016 12:20:38 2812 3201 0179 4630 12.00 1100021194 1100021194 N/A no LMA 28 05 1 Unassigned Fraud
16-12-2016 12:15:53 2812 3201 0179 4630 10.00 1100021194 1100021194 N/A no LMA 28 00 1 Unassigned Not Fraud
16-12-2016 12:15:37 2812 3201 8089 0507 10.00 1100021222 1100021222 N/A no LMA 28 05 0 Unassigned Not Fraud'

2018-07-12 16:38:00 - [TEST_STEP][PASSED] - verifyElementPresent: Object 'Object Repository/TC_21_AM/Agent_Transcation Stats' is present

2018-07-12 16:38:00 - [MESSAGE][WARNING] - Timeout '0' is invalid. Using default page load timeout: '30'

2018-07-12 16:38:00 - [MESSAGE][PASSED] - Object 'Object Repository/TC_21_AM/Agent_Transcation Stats' is present

2018-07-12 16:38:00 - [TEST_STEP][PASSED] - delay: Delayed 2 second(s)

2018-07-12 16:38:02 - [MESSAGE][PASSED] - Delayed 2 second(s)

2018-07-12 16:38:02 - [TEST_STEP][PASSED] - comment: Agent Search through id is validated

2018-07-12 16:38:02 - [TEST_STEP][PASSED] - Statement - Agent_Search_id = com.kms.katalon.core.webui.keyword.WebUiBuiltInKeywords.takeScreenshot(): Taking screenshot successfully

2018-07-12 16:38:03 - [MESSAGE][PASSED] - Taking screenshot successfully
[[ATTACHMENT|C:\\Users\\ankur.jain\\Katalon Studio\\Feedzai_Automation\\Reports\\AM_Test Suite\\20180712_162711\\1531393682446.png]]]]></system-out>
         <system-err><![CDATA[]]></system-err>
      </testcase>
      <testcase name="Test Cases/Alert Manager Test Cases/Alert Manager_Reports/TC23_Validation of Reports" classname="Test Cases/Alert Manager Test Cases/Alert Manager_Reports/TC23_Validation of Reports" status="PASSED">
         <system-out><![CDATA[2018-07-12 16:38:03 - [TEST_CASE][PASSED] - Test Cases/Alert Manager Test Cases/Alert Manager_Reports/TC23_Validation of Reports: Test Cases/Alert Manager Test Cases/Alert Manager_Reports/TC23_Validation of Reports

2018-07-12 16:38:03 - [TEST_STEP][PASSED] - click: Object: 'Object Repository/TC_23_AM/Report_Icon' is clicked on

2018-07-12 16:38:04 - [MESSAGE][PASSED] - Object: 'Object Repository/TC_23_AM/Report_Icon' is clicked on

2018-07-12 16:38:04 - [TEST_STEP][PASSED] - delay: Delayed 2 second(s)

2018-07-12 16:38:06 - [MESSAGE][PASSED] - Delayed 2 second(s)

2018-07-12 16:38:07 - [TEST_STEP][PASSED] - click: Object: 'Object Repository/TC_23_AM/Click_excel' is clicked on

2018-07-12 16:38:09 - [MESSAGE][PASSED] - Object: 'Object Repository/TC_23_AM/Click_excel' is clicked on

2018-07-12 16:38:09 - [TEST_STEP][PASSED] - Statement - Report_Download = com.kms.katalon.core.webui.keyword.WebUiBuiltInKeywords.takeScreenshot(): Taking screenshot successfully

2018-07-12 16:38:10 - [MESSAGE][PASSED] - Taking screenshot successfully
[[ATTACHMENT|C:\\Users\\ankur.jain\\Katalon Studio\\Feedzai_Automation\\Reports\\AM_Test Suite\\20180712_162711\\1531393689299.png]]

2018-07-12 16:38:10 - [TEST_STEP][PASSED] - comment: Report downloaded sucesfully]]></system-out>
         <system-err><![CDATA[]]></system-err>
      </testcase>
      <testcase name="Test Cases/Alert Manager Test Cases/Alert Manager_Search Screen/TC24_Validate Advance search through customer id" classname="Test Cases/Alert Manager Test Cases/Alert Manager_Search Screen/TC24_Validate Advance search through customer id" status="PASSED">
         <system-out><![CDATA[2018-07-12 16:38:10 - [TEST_CASE][PASSED] - Test Cases/Alert Manager Test Cases/Alert Manager_Search Screen/TC24_Validate Advance search through customer id: Test Cases/Alert Manager Test Cases/Alert Manager_Search Screen/TC24_Validate Advance search through customer id

2018-07-12 16:38:11 - [TEST_STEP][NOT_RUN] - openBrowser: NOT_RUN: openBrowser

2018-07-12 16:38:11 - [MESSAGE][NOT_RUN] - NOT_RUN: openBrowser

2018-07-12 16:38:11 - [TEST_STEP][NOT_RUN] - navigateToUrl: NOT_RUN: navigateToUrl

2018-07-12 16:38:11 - [MESSAGE][NOT_RUN] - NOT_RUN: navigateToUrl

2018-07-12 16:38:11 - [TEST_STEP][NOT_RUN] - maximizeWindow: NOT_RUN: maximizeWindow

2018-07-12 16:38:11 - [MESSAGE][NOT_RUN] - NOT_RUN: maximizeWindow

2018-07-12 16:38:11 - [TEST_STEP][NOT_RUN] - setText: NOT_RUN: setText

2018-07-12 16:38:11 - [MESSAGE][NOT_RUN] - NOT_RUN: setText

2018-07-12 16:38:11 - [TEST_STEP][NOT_RUN] - setText: NOT_RUN: setText

2018-07-12 16:38:11 - [MESSAGE][NOT_RUN] - NOT_RUN: setText

2018-07-12 16:38:11 - [TEST_STEP][NOT_RUN] - sendKeys: NOT_RUN: sendKeys

2018-07-12 16:38:11 - [MESSAGE][NOT_RUN] - NOT_RUN: sendKeys

2018-07-12 16:38:11 - [TEST_STEP][PASSED] - click: Object: 'Object Repository/TC_24_36 AM/span_Search' is clicked on

2018-07-12 16:38:12 - [MESSAGE][PASSED] - Object: 'Object Repository/TC_24_36 AM/span_Search' is clicked on

2018-07-12 16:38:12 - [TEST_STEP][PASSED] - clearText: Text of object 'Object Repository/TC_24_36 AM/Date_input' is cleared

2018-07-12 16:38:17 - [MESSAGE][PASSED] - Text of object 'Object Repository/TC_24_36 AM/Date_input' is cleared

2018-07-12 16:38:17 - [TEST_STEP][PASSED] - click: Object: 'Object Repository/TC_24_36 AM/Done_Button' is clicked on

2018-07-12 16:38:18 - [MESSAGE][PASSED] - Object: 'Object Repository/TC_24_36 AM/Done_Button' is clicked on

2018-07-12 16:38:18 - [TEST_STEP][PASSED] - delay: Delayed 2 second(s)

2018-07-12 16:38:20 - [MESSAGE][PASSED] - Delayed 2 second(s)

2018-07-12 16:38:20 - [TEST_STEP][PASSED] - click: Object: 'Object Repository/TC_24_36 AM/button_Advanced Search' is clicked on

2018-07-12 16:38:21 - [MESSAGE][PASSED] - Object: 'Object Repository/TC_24_36 AM/button_Advanced Search' is clicked on

2018-07-12 16:38:21 - [TEST_STEP][PASSED] - click: Object: 'Object Repository/TC_24_36 AM/ul_Customer Id' is clicked on

2018-07-12 16:38:30 - [MESSAGE][PASSED] - Object: 'Object Repository/TC_24_36 AM/ul_Customer Id' is clicked on

2018-07-12 16:38:30 - [TEST_STEP][PASSED] - setText: Text '1100243850' is set on object 'Object Repository/TC_24_36 AM/input_s2id_autogen7'

2018-07-12 16:38:32 - [MESSAGE][PASSED] - Text '1100243850' is set on object 'Object Repository/TC_24_36 AM/input_s2id_autogen7'

2018-07-12 16:38:32 - [TEST_STEP][PASSED] - delay: Delayed 2 second(s)

2018-07-12 16:38:34 - [MESSAGE][PASSED] - Delayed 2 second(s)

2018-07-12 16:38:34 - [TEST_STEP][PASSED] - sendKeys: Keys 'ENTER + ' sent to object: 'Object Repository/TC_24_36 AM/input_s2id_autogen7'

2018-07-12 16:38:34 - [MESSAGE][PASSED] - Keys 'ENTER + ' sent to object: 'Object Repository/TC_24_36 AM/input_s2id_autogen7'

2018-07-12 16:38:34 - [TEST_STEP][PASSED] - delay: Delayed 2 second(s)

2018-07-12 16:38:36 - [MESSAGE][PASSED] - Delayed 2 second(s)

2018-07-12 16:38:36 - [TEST_STEP][PASSED] - click: Object: 'Object Repository/TC_24_36 AM/button_Search' is clicked on

2018-07-12 16:38:42 - [MESSAGE][PASSED] - Object: 'Object Repository/TC_24_36 AM/button_Search' is clicked on

2018-07-12 16:38:42 - [TEST_STEP][PASSED] - getText: Text of object 'Object Repository/TC_24_36 AM/Cust_Details' is: '15-05-2018 15:18:53 2812 3206 0077 6096 1,000.00 1100243850 1100243850 N/A no LMW 28 00 0 Unassigned Not Fraud
15-05-2018 15:21:59 2812 3206 0077 6096 5.00 1100243850 100001000020437 5999 no WPP 0 00 0 Unassigned Not Fraud
15-05-2018 15:23:34 2812 3206 0077 6096 6.00 1100243850 100001000020437 5999 no WPP 0 00 0 Unassigned Not Fraud
15-05-2018 15:24:40 2812 3206 0077 6096 4.00 1100243850 100001000020437 5999 no WPP 0 00 0 Unassigned Not Fraud
15-05-2018 15:25:57 2812 3200 0000 0000 1.00 1100243850 100001000020437 5999 no WPP 0 05 1 Customer Pending
15-05-2018 15:33:13 2812 3206 0077 6096 6.00 1100243850 1100243850 5999 no WRO 20 00 0 Unassigned Not Fraud
15-05-2018 15:35:00 2812 3206 0077 6096 6.00 1100243850 100001000020437 5999 no WPP 0 00 0 Unassigned Not Fraud
15-05-2018 15:36:21 2812 3200 0000 0000 1.00 1100243850 100001000020437 5999 no WPP 0 05 1 Customer Pending
15-06-2018 12:35:16 NA 2.00 1100243850 100001000014146 5999 no WPP 0 05 0 Unassigned Not Fraud
15-06-2018 12:38:04 1000 00XX XXXX 3645 2.00 1100243850 100001000014146 5999 no WPP 0 00 1 Unassigned Pending'

2018-07-12 16:38:44 - [MESSAGE][PASSED] - Text of object 'Object Repository/TC_24_36 AM/Cust_Details' is: '15-05-2018 15:18:53 2812 3206 0077 6096 1,000.00 1100243850 1100243850 N/A no LMW 28 00 0 Unassigned Not Fraud
15-05-2018 15:21:59 2812 3206 0077 6096 5.00 1100243850 100001000020437 5999 no WPP 0 00 0 Unassigned Not Fraud
15-05-2018 15:23:34 2812 3206 0077 6096 6.00 1100243850 100001000020437 5999 no WPP 0 00 0 Unassigned Not Fraud
15-05-2018 15:24:40 2812 3206 0077 6096 4.00 1100243850 100001000020437 5999 no WPP 0 00 0 Unassigned Not Fraud
15-05-2018 15:25:57 2812 3200 0000 0000 1.00 1100243850 100001000020437 5999 no WPP 0 05 1 Customer Pending
15-05-2018 15:33:13 2812 3206 0077 6096 6.00 1100243850 1100243850 5999 no WRO 20 00 0 Unassigned Not Fraud
15-05-2018 15:35:00 2812 3206 0077 6096 6.00 1100243850 100001000020437 5999 no WPP 0 00 0 Unassigned Not Fraud
15-05-2018 15:36:21 2812 3200 0000 0000 1.00 1100243850 100001000020437 5999 no WPP 0 05 1 Customer Pending
15-06-2018 12:35:16 NA 2.00 1100243850 100001000014146 5999 no WPP 0 05 0 Unassigned Not Fraud
15-06-2018 12:38:04 1000 00XX XXXX 3645 2.00 1100243850 100001000014146 5999 no WPP 0 00 1 Unassigned Pending'

2018-07-12 16:38:44 - [TEST_STEP][PASSED] - comment: Customer Details Displayed

2018-07-12 16:38:44 - [TEST_STEP][PASSED] - Statement - Customer_Details = com.kms.katalon.core.webui.keyword.WebUiBuiltInKeywords.takeScreenshot(): Taking screenshot successfully

2018-07-12 16:38:45 - [MESSAGE][PASSED] - Taking screenshot successfully
[[ATTACHMENT|C:\\Users\\ankur.jain\\Katalon Studio\\Feedzai_Automation\\Reports\\AM_Test Suite\\20180712_162711\\1531393724356.png]]

2018-07-12 16:38:45 - [TEST_STEP][PASSED] - verifyElementText: Actual text and expected text of test object 'Object Repository/TC_24_36 AM/Cust_id_Validation' are matched.

2018-07-12 16:38:46 - [MESSAGE][PASSED] - Actual text and expected text of test object 'Object Repository/TC_24_36 AM/Cust_id_Validation' are matched.

2018-07-12 16:38:46 - [TEST_STEP][PASSED] - refresh: Refresh successfully

2018-07-12 16:38:47 - [MESSAGE][PASSED] - Refresh successfully

2018-07-12 16:38:47 - [TEST_STEP][PASSED] - delay: Delayed 12 second(s)

2018-07-12 16:38:59 - [MESSAGE][PASSED] - Delayed 12 second(s)]]></system-out>
         <system-err><![CDATA[]]></system-err>
      </testcase>
      <testcase name="Test Cases/Alert Manager Test Cases/Alert Manager_Search Screen/TC25_Validate Advance search through Merchant id" classname="Test Cases/Alert Manager Test Cases/Alert Manager_Search Screen/TC25_Validate Advance search through Merchant id" status="FAILED">
         <failure type="FAILED" message="Unable to click on object 'Object Repository/TC_24_36 AM/Done_Button' (Root cause: com.kms.katalon.core.webui.exception.WebElementNotFoundException: Web element with id: 'Object Repository/TC_24_36 AM/Done_Button' located by 'By.xpath: //button[@type='button'][contains(text(),'Done')]' not found)"/>
         <system-out><![CDATA[2018-07-12 16:38:59 - [TEST_CASE][FAILED] - Test Cases/Alert Manager Test Cases/Alert Manager_Search Screen/TC25_Validate Advance search through Merchant id: Test Cases/Alert Manager Test Cases/Alert Manager_Search Screen/TC25_Validate Advance search through Merchant id FAILED because (of) Unable to click on object 'Object Repository/TC_24_36 AM/Done_Button' (Root cause: com.kms.katalon.core.webui.exception.WebElementNotFoundException: Web element with id: 'Object Repository/TC_24_36 AM/Done_Button' located by 'By.xpath: //button[@type='button'][contains(text(),'Done')]' not found)

2018-07-12 16:39:02 - [TEST_STEP][PASSED] - clearText: Text of object 'Object Repository/TC_24_36 AM/Date_input' is cleared

2018-07-12 16:39:20 - [MESSAGE][PASSED] - Text of object 'Object Repository/TC_24_36 AM/Date_input' is cleared

2018-07-12 16:39:20 - [TEST_STEP][FAILED] - click: Unable to click on object 'Object Repository/TC_24_36 AM/Done_Button' (Root cause: com.kms.katalon.core.webui.exception.WebElementNotFoundException: Web element with id: 'Object Repository/TC_24_36 AM/Done_Button' located by 'By.xpath: //button[@type='button'][contains(text(),'Done')]' not found)

2018-07-12 16:39:53 - [MESSAGE][FAILED] - Unable to click on object 'Object Repository/TC_24_36 AM/Done_Button' (Root cause: com.kms.katalon.core.webui.exception.WebElementNotFoundException: Web element with id: 'Object Repository/TC_24_36 AM/Done_Button' located by 'By.xpath: //button[@type='button'][contains(text(),'Done')]' not found)
[[ATTACHMENT|C:\\Users\\ankur.jain\\Katalon Studio\\Feedzai_Automation\\Reports\\AM_Test Suite\\20180712_162711\\1531393792936.png]]

2018-07-12 16:39:53 - [TEST_STEP][PASSED] - delay: Delayed 5 second(s)

2018-07-12 16:39:58 - [MESSAGE][PASSED] - Delayed 5 second(s)

2018-07-12 16:39:58 - [TEST_STEP][FAILED] - click: Unable to click on object 'Object Repository/TC_24_36 AM/button_Advanced Search' (Root cause: org.openqa.selenium.WebDriverException: unknown error: Element <button type="button" class="button button-default fdz-js-toggle-advanced-search">...</button> is not clickable at point (184, 257). Other element would receive the click: <span class="ui-spinner ui-widget ui-widget-content ui-corner-all">...</span>
  (Session info: chrome=67.0.3396.99)
  (Driver info: chromedriver=2.35.528161 (5b82f2d2aae0ca24b877009200ced9065a772e73),platform=Windows NT 6.1.7601 SP1 x86_64) (WARNING: The server did not provide any stacktrace information)
Command duration or timeout: 0 milliseconds
Build info: version: '3.7.1', revision: '8a0099a', time: '2017-11-06T21:07:36.161Z'
System info: host: 'LT0021232', ip: '10.50.88.85', os.name: 'Windows 7', os.arch: 'amd64', os.version: '6.1', java.version: '1.8.0_102'
Driver info: com.kms.katalon.selenium.driver.CChromeDriver
[...]
      </testcase>
      <testcase name="Test Cases/Alert Manager Test Cases/Alert Manager_JPB Customer Advance Search/TC47_JPB Profile Search with Customer_number" classname="Test Cases/Alert Manager Test Cases/Alert Manager_JPB Customer Advance Search/TC47_JPB Profile Search with Customer_number" status="PASSED">
         <system-out><![CDATA[2018-07-12 16:57:05 - [TEST_CASE][PASSED] - Test Cases/Alert Manager Test Cases/Alert Manager_JPB Customer Advance Search/TC47_JPB Profile Search with Customer_number: Test Cases/Alert Manager Test Cases/Alert Manager_JPB Customer Advance Search/TC47_JPB Profile Search with Customer_number

2018-07-12 16:57:06 - [TEST_STEP][PASSED] - click: Object: 'Object Repository/TC47_58 AM/Cust_Tab' is clicked on

2018-07-12 16:57:07 - [MESSAGE][PASSED] - Object: 'Object Repository/TC47_58 AM/Cust_Tab' is clicked on

2018-07-12 16:57:07 - [TEST_STEP][PASSED] - click: Object: 'Object Repository/TC47_58 AM/JPB_ComboBox' is clicked on

2018-07-12 16:57:07 - [MESSAGE][PASSED] - Object: 'Object Repository/TC47_58 AM/JPB_ComboBox' is clicked on

2018-07-12 16:57:07 - [TEST_STEP][PASSED] - setText: Text '4000000451' is set on object 'Object Repository/TC47_58 AM/Customer_input'

2018-07-12 16:57:09 - [MESSAGE][PASSED] - Text '4000000451' is set on object 'Object Repository/TC47_58 AM/Customer_input'

2018-07-12 16:57:09 - [TEST_STEP][PASSED] - delay: Delayed 3 second(s)

2018-07-12 16:57:12 - [MESSAGE][PASSED] - Delayed 3 second(s)

2018-07-12 16:57:12 - [TEST_STEP][PASSED] - sendKeys: Keys 'ENTER + ' sent to object: 'Object Repository/TC47_58 AM/Customer_input'

2018-07-12 16:57:13 - [MESSAGE][PASSED] - Keys 'ENTER + ' sent to object: 'Object Repository/TC47_58 AM/Customer_input'

2018-07-12 16:57:13 - [TEST_STEP][PASSED] - comment: JPB Customer Details Displayed]]></system-out>
         <system-err><![CDATA[]]></system-err>
      </testcase>
      <testcase name="Test Cases/Alert Manager Test Cases/Alert Manager_JPB Customer Advance Search/TC48_JPB Customer Details" classname="Test Cases/Alert Manager Test Cases/Alert Manager_JPB Customer Advance Search/TC48_JPB Customer Details" status="PASSED">
         <system-out><![CDATA[2018-07-12 16:57:13 - [TEST_CASE][PASSED] - Test Cases/Alert Manager Test Cases/Alert Manager_JPB Customer Advance Search/TC48_JPB Customer Details: Test Cases/Alert Manager Test Cases/Alert Manager_JPB Customer Advance Search/TC48_JPB Customer Details

2018-07-12 16:57:13 - [TEST_STEP][PASSED] - verifyElementText: Actual text and expected text of test object 'Object Repository/TC47_58 AM/Cust_Name' are matched.

2018-07-12 16:57:14 - [MESSAGE][PASSED] - Actual text and expected text of test object 'Object Repository/TC47_58 AM/Cust_Name' are matched.

2018-07-12 16:57:14 - [TEST_STEP][PASSED] - verifyElementText: Actual text and expected text of test object 'Object Repository/TC47_58 AM/Cust-id' are matched.

2018-07-12 16:57:15 - [MESSAGE][PASSED] - Actual text and expected text of test object 'Object Repository/TC47_58 AM/Cust-id' are matched.

2018-07-12 16:57:15 - [TEST_STEP][PASSED] - verifyElementText: Actual text and expected text of test object 'Object Repository/TC47_58 AM/Risk_Details' are matched.

2018-07-12 16:57:15 - [MESSAGE][PASSED] - Actual text and expected text of test object 'Object Repository/TC47_58 AM/Risk_Details' are matched.

2018-07-12 16:57:15 - [TEST_STEP][PASSED] - comment: JPB Customer Detail Validated Sucesfully

2018-07-12 16:57:15 - [TEST_STEP][PASSED] - Statement - JPB_CustDetails = com.kms.katalon.core.webui.keyword.WebUiBuiltInKeywords.takeScreenshot(): Taking screenshot successfully

2018-07-12 16:57:16 - [MESSAGE][PASSED] - Taking screenshot successfully
[[ATTACHMENT|C:\\Users\\ankur.jain\\Katalon Studio\\Feedzai_Automation\\Reports\\AM_Test Suite\\20180712_162711\\1531394835399.png]]]]></system-out>
         <system-err><![CDATA[]]></system-err>
      </testcase>
      <testcase name="Test Cases/Alert Manager Test Cases/Alert Manager_JPB Customer Advance Search/TC49_JPB Profile Search with Account_number" classname="Test Cases/Alert Manager Test Cases/Alert Manager_JPB Customer Advance Search/TC49_JPB Profile Search with Account_number" status="PASSED">
         <system-out><![CDATA[2018-07-12 16:57:16 - [TEST_CASE][PASSED] - Test Cases/Alert Manager Test Cases/Alert Manager_JPB Customer Advance Search/TC49_JPB Profile Search with Account_number: Test Cases/Alert Manager Test Cases/Alert Manager_JPB Customer Advance Search/TC49_JPB Profile Search with Account_number

2018-07-12 16:57:16 - [TEST_STEP][PASSED] - click: Object: 'Object Repository/TC47_58 AM/Cust_Tab' is clicked on

2018-07-12 16:57:18 - [MESSAGE][PASSED] - Object: 'Object Repository/TC47_58 AM/Cust_Tab' is clicked on

2018-07-12 16:57:18 - [TEST_STEP][PASSED] - click: Object: 'Object Repository/TC47_58 AM/JPB_ComboBox' is clicked on

2018-07-12 16:57:18 - [MESSAGE][PASSED] - Object: 'Object Repository/TC47_58 AM/JPB_ComboBox' is clicked on

2018-07-12 16:57:18 - [TEST_STEP][PASSED] - setText: Text '30000001021502' is set on object 'Object Repository/TC47_58 AM/Customer_input'

2018-07-12 16:57:19 - [MESSAGE][PASSED] - Text '30000001021502' is set on object 'Object Repository/TC47_58 AM/Customer_input'

2018-07-12 16:57:19 - [TEST_STEP][PASSED] - delay: Delayed 3 second(s)

2018-07-12 16:57:22 - [MESSAGE][PASSED] - Delayed 3 second(s)

2018-07-12 16:57:22 - [TEST_STEP][PASSED] - sendKeys: Keys 'ENTER + ' sent to object: 'Object Repository/TC47_58 AM/Customer_input'

2018-07-12 16:57:22 - [MESSAGE][PASSED] - Keys 'ENTER + ' sent to object: 'Object Repository/TC47_58 AM/Customer_input'

2018-07-12 16:57:22 - [TEST_STEP][PASSED] - comment: JPB Customer Details through id is Displayed]]></system-out>
         <system-err><![CDATA[]]></system-err>
      </testcase>
      <testcase name="Test Cases/Alert Manager Test Cases/Alert Manager_JPB Customer Advance Search/TC50_JPB Account Details" classname="Test Cases/Alert Manager Test Cases/Alert Manager_JPB Customer Advance Search/TC50_JPB Account Details" status="PASSED">
         <system-out><![CDATA[2018-07-12 16:57:22 - [TEST_CASE][PASSED] - Test Cases/Alert Manager Test Cases/Alert Manager_JPB Customer Advance Search/TC50_JPB Account Details: Test Cases/Alert Manager Test Cases/Alert Manager_JPB Customer Advance Search/TC50_JPB Account Details

2018-07-12 16:57:23 - [TEST_STEP][PASSED] - verifyElementText: Actual text and expected text of test object 'Object Repository/TC47_58 AM/POI_Name' are matched.

2018-07-12 16:57:23 - [MESSAGE][PASSED] - Actual text and expected text of test object 'Object Repository/TC47_58 AM/POI_Name' are matched.

2018-07-12 16:57:23 - [TEST_STEP][PASSED] - comment: JPB Customer Detail trhough account no is Validated Sucesfully

2018-07-12 16:57:23 - [TEST_STEP][PASSED] - Statement - JPB_CustDetails_Id = com.kms.katalon.core.webui.keyword.WebUiBuiltInKeywords.takeScreenshot(): Taking screenshot successfully

2018-07-12 16:57:24 - [MESSAGE][PASSED] - Taking screenshot successfully
[[ATTACHMENT|C:\\Users\\ankur.jain\\Katalon Studio\\Feedzai_Automation\\Reports\\AM_Test Suite\\20180712_162711\\1531394843803.png]]]]></system-out>
         <system-err><![CDATA[]]></system-err>
      </testcase>
      <testcase name="Test Cases/Alert Manager Test Cases/Alert Manager_JPB Customer Advance Search/TC51_JPB Customer activity period details" classname="Test Cases/Alert Manager Test Cases/Alert Manager_JPB Customer Advance Search/TC51_JPB Customer activity period details" status="PASSED">
         <system-out><![CDATA[2018-07-12 16:57:24 - [TEST_CASE][PASSED] - Test Cases/Alert Manager Test Cases/Alert Manager_JPB Customer Advance Search/TC51_JPB Customer activity period details: Test Cases/Alert Manager Test Cases/Alert Manager_JPB Customer Advance Search/TC51_JPB Customer activity period details

2018-07-12 16:57:24 - [TEST_STEP][PASSED] - getText: Text of object 'Object Repository/TC47_58 AM/Customer_Activity Period' is: 'Account Number
Account Type
From Date
To Date
Period
30000001021502
FULL-PPI
08-03-2018
Unknown
N/A
30000001021510
SA-PPI
08-03-2018
12-03-2018 15:43:37
5 days
30000001021510
SA-PPI
08-03-2018
12-03-2018 15:43:37
5 days
30000001021502
FULL-PPI
08-03-2018
Unknown
N/A'

2018-07-12 16:57:25 - [MESSAGE][PASSED] - Text of object 'Object Repository/TC47_58 AM/Customer_Activity Period' is: 'Account Number
Account Type
From Date
To Date
Period
30000001021502
FULL-PPI
08-03-2018
Unknown
N/A
30000001021510
SA-PPI
08-03-2018
12-03-2018 15:43:37
5 days
30000001021510
SA-PPI
08-03-2018
12-03-2018 15:43:37
5 days
30000001021502
FULL-PPI
08-03-2018
Unknown
N/A'

2018-07-12 16:57:25 - [TEST_STEP][PASSED] - comment: Customer activity period details are displayed

2018-07-12 16:57:25 - [TEST_STEP][PASSED] - Statement - Cust_Activity_Period = com.kms.katalon.core.webui.keyword.WebUiBuiltInKeywords.takeScreenshot(): Taking screenshot successfully

2018-07-12 16:57:26 - [MESSAGE][PASSED] - Taking screenshot successfully
[[ATTACHMENT|C:\\Users\\ankur.jain\\Katalon Studio\\Feedzai_Automation\\Reports\\AM_Test Suite\\20180712_162711\\1531394845155.png]]]]></system-out>
         <system-err><![CDATA[]]></system-err>
      </testcase>
      <testcase name="Test Cases/Alert Manager Test Cases/Alert Manager_JPB Customer Advance Search/TC52_JPB Customer transactions Details" classname="Test Cases/Alert Manager Test Cases/Alert Manager_JPB Customer Advance Search/TC52_JPB Customer transactions Details" status="PASSED">
         <system-out><![CDATA[2018-07-12 16:57:26 - [TEST_CASE][PASSED] - Test Cases/Alert Manager Test Cases/Alert Manager_JPB Customer Advance Search/TC52_JPB Customer transactions Details: Test Cases/Alert Manager Test Cases/Alert Manager_JPB Customer Advance Search/TC52_JPB Customer transactions Details

2018-07-12 16:57:27 - [TEST_STEP][PASSED] - getText: Text of object 'Object Repository/TC47_58 AM/Cust_TransDetails' is: 'Number of Transactions
2
Total Amount (₹)
5,500.00
Average Amount (₹)
2,750.00
Amount Std. Deviation (₹)
3,181.98'

2018-07-12 16:57:28 - [MESSAGE][PASSED] - Text of object 'Object Repository/TC47_58 AM/Cust_TransDetails' is: 'Number of Transactions
2
Total Amount (₹)
5,500.00
Average Amount (₹)
2,750.00
Amount Std. Deviation (₹)
3,181.98'

2018-07-12 16:57:28 - [TEST_STEP][PASSED] - comment: Customer Transcation details displayed]]></system-out>
         <system-err><![CDATA[]]></system-err>
      </testcase>
      <testcase name="Test Cases/Alert Manager Test Cases/Alert Manager_JPB Customer Advance Search/TC53_JPB Customer Fraud Details" classname="Test Cases/Alert Manager Test Cases/Alert Manager_JPB Customer Advance Search/TC53_JPB Customer Fraud Details" status="PASSED">
         <system-out><![CDATA[2018-07-12 16:57:28 - [TEST_CASE][PASSED] - Test Cases/Alert Manager Test Cases/Alert Manager_JPB Customer Advance Search/TC53_JPB Customer Fraud Details: Test Cases/Alert Manager Test Cases/Alert Manager_JPB Customer Advance Search/TC53_JPB Customer Fraud Details

2018-07-12 16:57:29 - [TEST_STEP][PASSED] - getText: Text of object 'Object Repository/TC47_58 AM/Cust_FraudDetails' is: 'Number of Transactions
0
Amount (₹)
0.00
Average Amount (₹)
0.00
Amount Std. Deviation (₹)
0.00'

2018-07-12 16:57:29 - [MESSAGE][PASSED] - Text of object 'Object Repository/TC47_58 AM/Cust_FraudDetails' is: 'Number of Transactions
0
Amount (₹)
0.00
Average Amount (₹)
0.00
Amount Std. Deviation (₹)
0.00'

2018-07-12 16:57:29 - [TEST_STEP][PASSED] - comment: Customer Fraud Details Displayed]]></system-out>
         <system-err><![CDATA[]]></system-err>
      </testcase>
      <testcase name="Test Cases/Alert Manager Test Cases/Alert Manager_JPB Customer Advance Search/TC54_JPB Transactions Transaction Density Details" classname="Test Cases/Alert Manager Test Cases/Alert Manager_JPB Customer Advance Search/TC54_JPB Transactions Transaction Density Details" status="PASSED">
         <system-out><![CDATA[2018-07-12 16:57:29 - [TEST_CASE][PASSED] - Test Cases/Alert Manager Test Cases/Alert Manager_JPB Customer Advance Search/TC54_JPB Transactions Transaction Density Details: Test Cases/Alert Manager Test Cases/Alert Manager_JPB Customer Advance Search/TC54_JPB Transactions Transaction Density Details

2018-07-12 16:57:30 - [TEST_STEP][PASSED] - verifyElementPresent: Object 'Object Repository/TC47_58 AM/Cust_TransDensity' is present

2018-07-12 16:57:31 - [MESSAGE][WARNING] - Timeout '0' is invalid. Using default page load timeout: '30'

2018-07-12 16:57:31 - [MESSAGE][PASSED] - Object 'Object Repository/TC47_58 AM/Cust_TransDensity' is present

2018-07-12 16:57:31 - [TEST_STEP][PASSED] - comment: Customer Transaction Density displayed]]></system-out>
         <system-err><![CDATA[]]></system-err>
      </testcase>
      <testcase name="Test Cases/Alert Manager Test Cases/Alert Manager_JPB Customer Advance Search/TC55_JPB Customer transaction Statistic" classname="Test Cases/Alert Manager Test Cases/Alert Manager_JPB Customer Advance Search/TC55_JPB Customer transaction Statistic" status="PASSED">
         <system-out><![CDATA[2018-07-12 16:57:31 - [TEST_CASE][PASSED] - Test Cases/Alert Manager Test Cases/Alert Manager_JPB Customer Advance Search/TC55_JPB Customer transaction Statistic: Test Cases/Alert Manager Test Cases/Alert Manager_JPB Customer Advance Search/TC55_JPB Customer transaction Statistic

2018-07-12 16:57:32 - [TEST_STEP][PASSED] - verifyElementPresent: Object 'Object Repository/TC47_58 AM/Cust_Transcation Stat' is present

2018-07-12 16:57:33 - [MESSAGE][WARNING] - Timeout '0' is invalid. Using default page load timeout: '30'

2018-07-12 16:57:33 - [MESSAGE][PASSED] - Object 'Object Repository/TC47_58 AM/Cust_Transcation Stat' is present

2018-07-12 16:57:33 - [TEST_STEP][PASSED] - comment: Customer Transcation Stats Displayed]]></system-out>
         <system-err><![CDATA[]]></system-err>
      </testcase>
      <testcase name="Test Cases/Alert Manager Test Cases/Alert Manager_JPB Customer Advance Search/TC56_JPB Customer transaction History" classname="Test Cases/Alert Manager Test Cases/Alert Manager_JPB Customer Advance Search/TC56_JPB Customer transaction History" status="PASSED">
         <system-out><![CDATA[2018-07-12 16:57:33 - [TEST_CASE][PASSED] - Test Cases/Alert Manager Test Cases/Alert Manager_JPB Customer Advance Search/TC56_JPB Customer transaction History: Test Cases/Alert Manager Test Cases/Alert Manager_JPB Customer Advance Search/TC56_JPB Customer transaction History

2018-07-12 16:57:33 - [TEST_STEP][PASSED] - verifyElementPresent: Object 'Object Repository/TC47_58 AM/Cust_TransHistory' is present

2018-07-12 16:57:34 - [MESSAGE][WARNING] - Timeout '0' is invalid. Using default page load timeout: '30'

2018-07-12 16:57:34 - [MESSAGE][PASSED] - Object 'Object Repository/TC47_58 AM/Cust_TransHistory' is present]]></system-out>
         <system-err><![CDATA[]]></system-err>
      </testcase>
      <testcase name="Test Cases/Alert Manager Test Cases/Alert Manager_JPB Customer Advance Search/TC57_JPB Customer Status Log Details" classname="Test Cases/Alert Manager Test Cases/Alert Manager_JPB Customer Advance Search/TC57_JPB Customer Status Log Details" status="PASSED">
         <system-out><![CDATA[2018-07-12 16:57:34 - [TEST_CASE][PASSED] - Test Cases/Alert Manager Test Cases/Alert Manager_JPB Customer Advance Search/TC57_JPB Customer Status Log Details: Test Cases/Alert Manager Test Cases/Alert Manager_JPB Customer Advance Search/TC57_JPB Customer Status Log Details

2018-07-12 16:57:34 - [TEST_STEP][PASSED] - click: Object: 'Object Repository/TC47_58 AM/StatusLog' is clicked on

2018-07-12 16:57:35 - [MESSAGE][PASSED] - Object: 'Object Repository/TC47_58 AM/StatusLog' is clicked on

2018-07-12 16:57:35 - [TEST_STEP][PASSED] - click: Object: 'Object Repository/TC47_58 AM/SerachButton' is clicked on

2018-07-12 16:57:35 - [MESSAGE][PASSED] - Object: 'Object Repository/TC47_58 AM/SerachButton' is clicked on

2018-07-12 16:57:35 - [TEST_STEP][PASSED] - verifyElementPresent: Object 'Object Repository/TC47_58 AM/History' is present

2018-07-12 16:57:36 - [MESSAGE][WARNING] - Timeout '0' is invalid. Using default page load timeout: '30'

2018-07-12 16:57:36 - [MESSAGE][PASSED] - Object 'Object Repository/TC47_58 AM/History' is present

2018-07-12 16:57:36 - [TEST_STEP][PASSED] - comment: Customer transaction History is not displayed

2018-07-12 16:57:36 - [TEST_STEP][PASSED] - click: Object: 'Object Repository/TC47_58 AM/Close_Button' is clicked on

2018-07-12 16:57:37 - [MESSAGE][PASSED] - Object: 'Object Repository/TC47_58 AM/Close_Button' is clicked on]]></system-out>
         <system-err><![CDATA[]]></system-err>
      </testcase>
      <testcase name="Test Cases/Alert Manager Test Cases/Alert Manager_JPB Customer Advance Search/TC58_JPB-Jio Money Customer Search" classname="Test Cases/Alert Manager Test Cases/Alert Manager_JPB Customer Advance Search/TC58_JPB-Jio Money Customer Search" status="PASSED">
         <system-out><![CDATA[2018-07-12 16:57:37 - [TEST_CASE][PASSED] - Test Cases/Alert Manager Test Cases/Alert Manager_JPB Customer Advance Search/TC58_JPB-Jio Money Customer Search: Test Cases/Alert Manager Test Cases/Alert Manager_JPB Customer Advance Search/TC58_JPB-Jio Money Customer Search

2018-07-12 16:57:37 - [TEST_STEP][PASSED] - click: Object: 'Object Repository/TC47_58 AM/Cust_Tab' is clicked on

2018-07-12 16:57:39 - [MESSAGE][PASSED] - Object: 'Object Repository/TC47_58 AM/Cust_Tab' is clicked on

2018-07-12 16:57:39 - [TEST_STEP][PASSED] - click: Object: 'Object Repository/TC47_58 AM/JM_Combobox' is clicked on

2018-07-12 16:57:39 - [MESSAGE][PASSED] - Object: 'Object Repository/TC47_58 AM/JM_Combobox' is clicked on

2018-07-12 16:57:39 - [TEST_STEP][PASSED] - setText: Text '1100205989' is set on object 'Object Repository/TC47_58 AM/Customer_input'

2018-07-12 16:57:40 - [MESSAGE][PASSED] - Text '1100205989' is set on object 'Object Repository/TC47_58 AM/Customer_input'

2018-07-12 16:57:40 - [TEST_STEP][PASSED] - delay: Delayed 3 second(s)

2018-07-12 16:57:43 - [MESSAGE][PASSED] - Delayed 3 second(s)

2018-07-12 16:57:43 - [TEST_STEP][PASSED] - sendKeys: Keys 'ENTER + ' sent to object: 'Object Repository/TC47_58 AM/Customer_input'

2018-07-12 16:57:43 - [MESSAGE][PASSED] - Keys 'ENTER + ' sent to object: 'Object Repository/TC47_58 AM/Customer_input'

2018-07-12 16:57:43 - [TEST_STEP][PASSED] - verifyElementPresent: Object 'Object Repository/TC47_58 AM/Cust_TransHistory' is present

2018-07-12 16:57:43 - [MESSAGE][WARNING] - Timeout '0' is invalid. Using default page load timeout: '30'

2018-07-12 16:57:43 - [MESSAGE][PASSED] - Object 'Object Repository/TC47_58 AM/Cust_TransHistory' is present

2018-07-12 16:57:43 - [TEST_STEP][PASSED] - comment: Jio Money Customer  History is displayed]]></system-out>
         <system-err><![CDATA[]]></system-err>
      </testcase>
      <system-out><![CDATA[2018-07-12 16:27:41 - [TEST_SUITE][FAILED] - AM_Test Suite: Test Cases/Alert Manager Test Cases/Alert Manager_View Alert/TC03_Mark Alert Suspicious FAILED because (of) Unable to click on object 'Object Repository/TC_01-03_AM/i_glyphicon glyphicon-fire' (Root cause: com.kms.katalon.core.webui.exception.WebElementNotFoundException: Web element with id: 'Object Repository/TC_01-03_AM/i_glyphicon glyphicon-fire' located by 'By.xpath: //i[@class = 'glyphicon glyphicon-fire']' not found)]]></system-out>
      <system-err><![CDATA[2018-07-12 16:27:41 - [TEST_SUITE][FAILED] - AM_Test Suite: Test Cases/Alert Manager Test Cases/Alert Manager_View Alert/TC03_Mark Alert Suspicious FAILED because (of) Unable to click on object 'Object Repository/TC_01-03_AM/i_glyphicon glyphicon-fire' (Root cause: com.kms.katalon.core.webui.exception.WebElementNotFoundException: Web element with id: 'Object Repository/TC_01-03_AM/i_glyphicon glyphicon-fire' located by 'By.xpath: //i[@class = 'glyphicon glyphicon-fire']' not found)]]></system-err>
   </testsuite>
</testsuites>
