<?xml version="1.0" encoding="UTF-8"?>
<testsuites name="AM_Test Suite" time="1222" tests="44" failures="2" errors="0">
   <testsuite name="AM_Test Suite" tests="44" failures="2" errors="0" time="1222" timestamp="2018-07-12 10:02:01" hostname="Ankur.Jain - LT0021232.in.ril.com" id="Test Suites/AM_Test Suite">
      <properties>
[...]
</properties>
      <testcase name="Test Cases/Alert Manager Test Cases/Alert Manager_Login" classname="Test Cases/Alert Manager Test Cases/Alert Manager_Login" status="PASSED">
         <system-out><![CDATA[2018-07-12 10:02:08 - [TEST_CASE][PASSED] - Test Cases/Alert Manager Test Cases/Alert Manager_Login: Test Cases/Alert Manager Test Cases/Alert Manager_Login

2018-07-12 10:02:10 - [TEST_STEP][PASSED] - openBrowser: Browser is opened with url: ''

2018-07-12 10:03:04 - [MESSAGE][PASSED] - Browser is opened with url: ''

2018-07-12 10:03:04 - [TEST_STEP][PASSED] - maximizeWindow: Current window maximized

2018-07-12 10:03:05 - [MESSAGE][PASSED] - Current window maximized

2018-07-12 10:03:05 - [TEST_STEP][PASSED] - navigateToUrl: Navigate to 'https://10.130.236.51/#login' successfully

2018-07-12 10:03:23 - [MESSAGE][PASSED] - Navigate to 'https://10.130.236.51/#login' successfully

2018-07-12 10:03:23 - [TEST_STEP][PASSED] - delay: Delayed 20 second(s)

2018-07-12 10:03:43 - [MESSAGE][PASSED] - Delayed 20 second(s)

2018-07-12 10:03:43 - [TEST_STEP][PASSED] - setText: Text 'Ankur.Jain' is set on object 'Object Repository/TC_01-03_AM/input'

2018-07-12 10:03:46 - [MESSAGE][PASSED] - Text 'Ankur.Jain' is set on object 'Object Repository/TC_01-03_AM/input'

2018-07-12 10:03:46 - [TEST_STEP][PASSED] - setText: Text 'Word03Pass' is set on object 'Object Repository/TC_01-03_AM/input_1'

2018-07-12 10:03:46 - [MESSAGE][PASSED] - Text 'Word03Pass' is set on object 'Object Repository/TC_01-03_AM/input_1'

2018-07-12 10:03:46 - [TEST_STEP][PASSED] - click: Object: 'Object Repository/TC_01-03_AM/button_Sign In' is clicked on

2018-07-12 10:03:47 - [MESSAGE][PASSED] - Object: 'Object Repository/TC_01-03_AM/button_Sign In' is clicked on

2018-07-12 10:03:47 - [TEST_STEP][PASSED] - delay: Delayed 2 second(s)

2018-07-12 10:03:49 - [MESSAGE][PASSED] - Delayed 2 second(s)

2018-07-12 10:03:49 - [TEST_STEP][PASSED] - comment: Alert Manager Login Sucesfully]]></system-out>
         <system-err><![CDATA[]]></system-err>
      </testcase>
      <testcase name="Test Cases/Alert Manager Test Cases/Alert Manager_View Alert/TC01_Mark Alert Not Fraud" classname="Test Cases/Alert Manager Test Cases/Alert Manager_View Alert/TC01_Mark Alert Not Fraud" status="PASSED">
         <system-out><![CDATA[2018-07-12 10:03:49 - [TEST_CASE][PASSED] - Test Cases/Alert Manager Test Cases/Alert Manager_View Alert/TC01_Mark Alert Not Fraud: Test Cases/Alert Manager Test Cases/Alert Manager_View Alert/TC01_Mark Alert Not Fraud

2018-07-12 10:03:51 - [TEST_STEP][PASSED] - click: Object: 'Object Repository/TC_01-03_AM/a_Merchant' is clicked on

2018-07-12 10:03:52 - [MESSAGE][PASSED] - Object: 'Object Repository/TC_01-03_AM/a_Merchant' is clicked on

2018-07-12 10:03:52 - [TEST_STEP][PASSED] - click: Object: 'Object Repository/TC_01-03_AM/a_Alerts' is clicked on

2018-07-12 10:03:52 - [MESSAGE][PASSED] - Object: 'Object Repository/TC_01-03_AM/a_Alerts' is clicked on

2018-07-12 10:03:52 - [TEST_STEP][PASSED] - click: Object: 'Object Repository/TC_01-03_AM/i_glyphicon glyphicon-ok' is clicked on

2018-07-12 10:04:06 - [MESSAGE][PASSED] - Object: 'Object Repository/TC_01-03_AM/i_glyphicon glyphicon-ok' is clicked on

2018-07-12 10:04:06 - [TEST_STEP][PASSED] - setText: Text 'Not Fraud' is set on object 'Object Repository/TC_01-03_AM/textarea_observation'

2018-07-12 10:04:06 - [MESSAGE][PASSED] - Text 'Not Fraud' is set on object 'Object Repository/TC_01-03_AM/textarea_observation'

2018-07-12 10:04:06 - [TEST_STEP][PASSED] - click: Object: 'Object Repository/TC_01-03_AM/button_Not Fraud' is clicked on

2018-07-12 10:04:07 - [MESSAGE][PASSED] - Object: 'Object Repository/TC_01-03_AM/button_Not Fraud' is clicked on

2018-07-12 10:04:07 - [TEST_STEP][PASSED] - Statement - text = com.kms.katalon.core.webui.keyword.WebUiBuiltInKeywords.getText(com.kms.katalon.core.testobject.ObjectRepository.findTestObject(TC_01-03_AM/Sucess Message)): Text of object 'Object Repository/TC_01-03_AM/Sucess Message' is: '×
Close
Success
Transaction marked as Not Fraud'

2018-07-12 10:04:08 - [MESSAGE][PASSED] - Text of object 'Object Repository/TC_01-03_AM/Sucess Message' is: '×
Close
Success
Transaction marked as Not Fraud'

2018-07-12 10:04:08 - [TEST_STEP][PASSED] - Statement - If (text.contains("Not Fraud")): Alert is Marked as Not Fraud

2018-07-12 10:04:08 - [TEST_STEP][PASSED] - comment: Alert is Marked as Not Fraud

2018-07-12 10:04:08 - [TEST_STEP][PASSED] - takeScreenshot: Taking screenshot successfully

2018-07-12 10:04:10 - [MESSAGE][PASSED] - Taking screenshot successfully
[[ATTACHMENT|C:\\Users\\ankur.jain\\Katalon Studio\\Feedzai_Automation\\Reports\\AM_Test Suite\\20180712_095845\\1531370048795.png]]

2018-07-12 10:04:10 - [TEST_STEP][PASSED] - delay: Delayed 10 second(s)

2018-07-12 10:04:20 - [MESSAGE][PASSED] - Delayed 10 second(s)]]></system-out>
         <system-err><![CDATA[]]></system-err>
      </testcase>
      <testcase name="Test Cases/Alert Manager Test Cases/Alert Manager_View Alert/TC02_Mark Alert Fraud" classname="Test Cases/Alert Manager Test Cases/Alert Manager_View Alert/TC02_Mark Alert Fraud" status="PASSED">
         <system-out><![CDATA[2018-07-12 10:04:20 - [TEST_CASE][PASSED] - Test Cases/Alert Manager Test Cases/Alert Manager_View Alert/TC02_Mark Alert Fraud: Test Cases/Alert Manager Test Cases/Alert Manager_View Alert/TC02_Mark Alert Fraud

2018-07-12 10:04:21 - [TEST_STEP][PASSED] - click: Object: 'Object Repository/TC_01-03_AM/i_glyphicon glyphicon-remove' is clicked on

2018-07-12 10:04:22 - [MESSAGE][PASSED] - Object: 'Object Repository/TC_01-03_AM/i_glyphicon glyphicon-remove' is clicked on

2018-07-12 10:04:22 - [TEST_STEP][PASSED] - setText: Text 'fraud' is set on object 'Object Repository/TC_01-03_AM/textarea_observation'

2018-07-12 10:04:22 - [MESSAGE][PASSED] - Text 'fraud' is set on object 'Object Repository/TC_01-03_AM/textarea_observation'

2018-07-12 10:04:22 - [TEST_STEP][PASSED] - click: Object: 'Object Repository/TC_01-03_AM/button_Fraud' is clicked on

2018-07-12 10:04:23 - [MESSAGE][PASSED] - Object: 'Object Repository/TC_01-03_AM/button_Fraud' is clicked on

2018-07-12 10:04:23 - [TEST_STEP][PASSED] - Statement - text = com.kms.katalon.core.webui.keyword.WebUiBuiltInKeywords.getText(com.kms.katalon.core.testobject.ObjectRepository.findTestObject(TC_01-03_AM/Sucess Message)): Text of object 'Object Repository/TC_01-03_AM/Sucess Message' is: '×
Close
Success
Transaction marked as Fraud'

2018-07-12 10:04:24 - [MESSAGE][PASSED] - Text of object 'Object Repository/TC_01-03_AM/Sucess Message' is: '×
Close
Success
Transaction marked as Fraud'

2018-07-12 10:04:24 - [TEST_STEP][PASSED] - Statement - If (text.contains("Fraud")): Alert is Marked as Fraud

2018-07-12 10:04:24 - [TEST_STEP][PASSED] - comment: Alert is Marked as Fraud

2018-07-12 10:04:24 - [TEST_STEP][PASSED] - Statement - Fraud = com.kms.katalon.core.webui.keyword.WebUiBuiltInKeywords.takeScreenshot(): Taking screenshot successfully

2018-07-12 10:04:25 - [MESSAGE][PASSED] - Taking screenshot successfully
[[ATTACHMENT|C:\\Users\\ankur.jain\\Katalon Studio\\Feedzai_Automation\\Reports\\AM_Test Suite\\20180712_095845\\1531370064790.png]]

2018-07-12 10:04:25 - [TEST_STEP][PASSED] - delay: Delayed 15 second(s)

2018-07-12 10:04:40 - [MESSAGE][PASSED] - Delayed 15 second(s)]]></system-out>
         <system-err><![CDATA[]]></system-err>
      </testcase>
      <testcase name="Test Cases/Alert Manager Test Cases/Alert Manager_View Alert/TC03_Mark Alert Suspicious" classname="Test Cases/Alert Manager Test Cases/Alert Manager_View Alert/TC03_Mark Alert Suspicious" status="PASSED">
         <system-out><![CDATA[2018-07-12 10:04:40 - [TEST_CASE][PASSED] - Test Cases/Alert Manager Test Cases/Alert Manager_View Alert/TC03_Mark Alert Suspicious: Test Cases/Alert Manager Test Cases/Alert Manager_View Alert/TC03_Mark Alert Suspicious

2018-07-12 10:04:41 - [TEST_STEP][PASSED] - click: Object: 'Object Repository/TC_01-03_AM/i_glyphicon glyphicon-fire' is clicked on

2018-07-12 10:04:41 - [MESSAGE][PASSED] - Object: 'Object Repository/TC_01-03_AM/i_glyphicon glyphicon-fire' is clicked on

2018-07-12 10:04:41 - [TEST_STEP][PASSED] - setText: Text 'suspious' is set on object 'Object Repository/TC_01-03_AM/textarea_observation'

2018-07-12 10:04:42 - [MESSAGE][PASSED] - Text 'suspious' is set on object 'Object Repository/TC_01-03_AM/textarea_observation'

2018-07-12 10:04:42 - [TEST_STEP][PASSED] - delay: Delayed 3 second(s)

2018-07-12 10:04:45 - [MESSAGE][PASSED] - Delayed 3 second(s)

2018-07-12 10:04:45 - [TEST_STEP][PASSED] - click: Object: 'Object Repository/TC_04_Pulse/div_select2-drop-mask' is clicked on

2018-07-12 10:04:46 - [MESSAGE][PASSED] - Object: 'Object Repository/TC_04_Pulse/div_select2-drop-mask' is clicked on

2018-07-12 10:04:46 - [TEST_STEP][PASSED] - setText: Text 'Testing' is set on object 'Object Repository/TC_04_Pulse/Obj1'

2018-07-12 10:04:46 - [MESSAGE][PASSED] - Text 'Testing' is set on object 'Object Repository/TC_04_Pulse/Obj1'

2018-07-12 10:04:46 - [TEST_STEP][PASSED] - delay: Delayed 3 second(s)

2018-07-12 10:04:49 - [MESSAGE][PASSED] - Delayed 3 second(s)

2018-07-12 10:04:49 - [TEST_STEP][PASSED] - sendKeys: Keys 'ENTER + ' sent to object: 'Object Repository/TC_04_Pulse/Obj1'

2018-07-12 10:04:50 - [MESSAGE][PASSED] - Keys 'ENTER + ' sent to object: 'Object Repository/TC_04_Pulse/Obj1'

2018-07-12 10:04:50 - [TEST_STEP][PASSED] - click: Object: 'Object Repository/TC_04_Pulse/button_Suspicious' is clicked on

2018-07-12 10:04:50 - [MESSAGE][PASSED] - Object: 'Object Repository/TC_04_Pulse/button_Suspicious' is clicked on

2018-07-12 10:04:50 - [TEST_STEP][PASSED] - Statement - text = com.kms.katalon.core.webui.keyword.WebUiBuiltInKeywords.getText(com.kms.katalon.core.testobject.ObjectRepository.findTestObject(TC_01-03_AM/Sucess Message)): Text of object 'Object Repository/TC_01-03_AM/Sucess Message' is: '×
Close
Success
Transaction marked as Suspicious'

2018-07-12 10:04:52 - [MESSAGE][PASSED] - Text of object 'Object Repository/TC_01-03_AM/Sucess Message' is: '×
Close
Success
Transaction marked as Suspicious'

2018-07-12 10:04:52 - [TEST_STEP][PASSED] - Statement - If (text.contains("Suspicious")): Alert Marked as Suspious

2018-07-12 10:04:52 - [TEST_STEP][PASSED] - comment: Alert Marked as Suspious

2018-07-12 10:04:52 - [TEST_STEP][PASSED] - Statement - Alert_Suspious = com.kms.katalon.core.webui.keyword.WebUiBuiltInKeywords.takeScreenshot(): Taking screenshot successfully

2018-07-12 10:04:52 - [MESSAGE][PASSED] - Taking screenshot successfully
[[ATTACHMENT|C:\\Users\\ankur.jain\\Katalon Studio\\Feedzai_Automation\\Reports\\AM_Test Suite\\20180712_095845\\1531370092054.png]]

2018-07-12 10:04:52 - [TEST_STEP][PASSED] - delay: Delayed 3 second(s)

2018-07-12 10:04:55 - [MESSAGE][PASSED] - Delayed 3 second(s)]]></system-out>
         <system-err><![CDATA[]]></system-err>
      </testcase>
      <testcase name="Test Cases/Alert Manager Test Cases/Alert Manager_View Trans Details/TC05_MARK Transaction  FRAUD" classname="Test Cases/Alert Manager Test Cases/Alert Manager_View Trans Details/TC05_MARK Transaction  FRAUD" status="PASSED">
         <system-out><![CDATA[2018-07-12 10:04:55 - [TEST_CASE][PASSED] - Test Cases/Alert Manager Test Cases/Alert Manager_View Trans Details/TC05_MARK Transaction  FRAUD: Test Cases/Alert Manager Test Cases/Alert Manager_View Trans Details/TC05_MARK Transaction  FRAUD

2018-07-12 10:04:56 - [TEST_STEP][PASSED] - click: Object: 'Object Repository/TC05-07_AM/a_Merchant' is clicked on

2018-07-12 10:04:57 - [MESSAGE][PASSED] - Object: 'Object Repository/TC05-07_AM/a_Merchant' is clicked on

2018-07-12 10:04:57 - [TEST_STEP][PASSED] - click: Object: 'Object Repository/TC05-07_AM/span_Alerts' is clicked on

2018-07-12 10:04:57 - [MESSAGE][PASSED] - Object: 'Object Repository/TC05-07_AM/span_Alerts' is clicked on

2018-07-12 10:04:57 - [TEST_STEP][PASSED] - click: Object: 'Object Repository/TC05-07_AM/i_glyphicon glyphicon-eye-open' is clicked on

2018-07-12 10:05:08 - [MESSAGE][PASSED] - Object: 'Object Repository/TC05-07_AM/i_glyphicon glyphicon-eye-open' is clicked on

2018-07-12 10:05:08 - [TEST_STEP][PASSED] - delay: Delayed 2 second(s)

2018-07-12 10:05:10 - [MESSAGE][PASSED] - Delayed 2 second(s)

2018-07-12 10:05:10 - [TEST_STEP][PASSED] - click: Object: 'Object Repository/TC05-07_AM/button_Fraud' is clicked on

2018-07-12 10:05:10 - [MESSAGE][PASSED] - Object: 'Object Repository/TC05-07_AM/button_Fraud' is clicked on

2018-07-12 10:05:10 - [TEST_STEP][PASSED] - delay: Delayed 3 second(s)

2018-07-12 10:05:13 - [MESSAGE][PASSED] - Delayed 3 second(s)

2018-07-12 10:05:13 - [TEST_STEP][PASSED] - setText: Text 'Fraud' is set on object 'Object Repository/TC05-07_AM/textarea_observation'

2018-07-12 10:05:14 - [MESSAGE][PASSED] - Text 'Fraud' is set on object 'Object Repository/TC05-07_AM/textarea_observation'

2018-07-12 10:05:14 - [TEST_STEP][PASSED] - click: Object: 'Object Repository/TC05-07_AM/button_Fraud_1' is clicked on

2018-07-12 10:05:14 - [MESSAGE][PASSED] - Object: 'Object Repository/TC05-07_AM/button_Fraud_1' is clicked on

2018-07-12 10:05:14 - [TEST_STEP][PASSED] - Statement - text = com.kms.katalon.core.webui.keyword.WebUiBuiltInKeywords.getText(com.kms.katalon.core.testobject.ObjectRepository.findTestObject(TC_01-03_AM/Sucess Message)): Text of object 'Object Repository/TC_01-03_AM/Sucess Message' is: ''

2018-07-12 10:05:19 - [MESSAGE][PASSED] - Text of object 'Object Repository/TC_01-03_AM/Sucess Message' is: ''

2018-07-12 10:05:19 - [TEST_STEP][PASSED] - Statement - If (text.contains("Fraud")): null

2018-07-12 10:05:19 - [TEST_STEP][PASSED] - Statement - Else: Transcation is Not Marked as Not Fraud

2018-07-12 10:05:19 - [TEST_STEP][PASSED] - comment: Transcation is Not Marked as Not Fraud

2018-07-12 10:05:19 - [TEST_STEP][PASSED] - Statement - Transcation_Fraud = com.kms.katalon.core.webui.keyword.WebUiBuiltInKeywords.takeScreenshot(): Taking screenshot successfully

2018-07-12 10:05:20 - [MESSAGE][PASSED] - Taking screenshot successfully
[[ATTACHMENT|C:\\Users\\ankur.jain\\Katalon Studio\\Feedzai_Automation\\Reports\\AM_Test Suite\\20180712_095845\\1531370119505.png]]

2018-07-12 10:05:20 - [TEST_STEP][PASSED] - delay: Delayed 3 second(s)

2018-07-12 10:05:23 - [MESSAGE][PASSED] - Delayed 3 second(s)

2018-07-12 10:05:23 - [TEST_STEP][PASSED] - verifyElementText: Actual text and expected text of test object 'Object Repository/TC05-07_AM/Status_Fraud' are matched.

2018-07-12 10:05:23 - [MESSAGE][PASSED] - Actual text and expected text of test object 'Object Repository/TC05-07_AM/Status_Fraud' are matched.

2018-07-12 10:05:23 - [TEST_STEP][PASSED] - comment: Transcation Status Verifed

2018-07-12 10:05:23 - [TEST_STEP][PASSED] - delay: Delayed 2 second(s)

2018-07-12 10:05:25 - [MESSAGE][PASSED] - Delayed 2 second(s)]]></system-out>
         <system-err><![CDATA[]]></system-err>
      </testcase>
      <testcase name="Test Cases/Alert Manager Test Cases/Alert Manager_View Trans Details/TC06_Mark Transaction as NOT Fraud" classname="Test Cases/Alert Manager Test Cases/Alert Manager_View Trans Details/TC06_Mark Transaction as NOT Fraud" status="PASSED">
         <system-out><![CDATA[2018-07-12 10:05:25 - [TEST_CASE][PASSED] - Test Cases/Alert Manager Test Cases/Alert Manager_View Trans Details/TC06_Mark Transaction as NOT Fraud: Test Cases/Alert Manager Test Cases/Alert Manager_View Trans Details/TC06_Mark Transaction as NOT Fraud

2018-07-12 10:05:26 - [TEST_STEP][PASSED] - click: Object: 'Object Repository/TC05-07_AM/a_Merchant' is clicked on

2018-07-12 10:05:27 - [MESSAGE][PASSED] - Object: 'Object Repository/TC05-07_AM/a_Merchant' is clicked on

2018-07-12 10:05:27 - [TEST_STEP][PASSED] - click: Object: 'Object Repository/TC05-07_AM/span_Alerts' is clicked on

2018-07-12 10:05:27 - [MESSAGE][PASSED] - Object: 'Object Repository/TC05-07_AM/span_Alerts' is clicked on

2018-07-12 10:05:27 - [TEST_STEP][PASSED] - delay: Delayed 2 second(s)

2018-07-12 10:05:29 - [MESSAGE][PASSED] - Delayed 2 second(s)

2018-07-12 10:05:29 - [TEST_STEP][PASSED] - click: Object: 'Object Repository/TC05-07_AM/i_glyphicon glyphicon-eye-open' is clicked on

2018-07-12 10:05:38 - [MESSAGE][PASSED] - Object: 'Object Repository/TC05-07_AM/i_glyphicon glyphicon-eye-open' is clicked on

2018-07-12 10:05:38 - [TEST_STEP][PASSED] - delay: Delayed 2 second(s)

2018-07-12 10:05:40 - [MESSAGE][PASSED] - Delayed 2 second(s)

2018-07-12 10:05:40 - [TEST_STEP][PASSED] - click: Object: 'Object Repository/TC05-07_AM/button_Not Fraud' is clicked on

2018-07-12 10:05:41 - [MESSAGE][PASSED] - Object: 'Object Repository/TC05-07_AM/button_Not Fraud' is clicked on

2018-07-12 10:05:41 - [TEST_STEP][PASSED] - delay: Delayed 3 second(s)

2018-07-12 10:05:44 - [MESSAGE][PASSED] - Delayed 3 second(s)

2018-07-12 10:05:44 - [TEST_STEP][PASSED] - setText: Text 'Not Fraud' is set on object 'Object Repository/TC05-07_AM/textarea_observation'

2018-07-12 10:05:44 - [MESSAGE][PASSED] - Text 'Not Fraud' is set on object 'Object Repository/TC05-07_AM/textarea_observation'

2018-07-12 10:05:44 - [TEST_STEP][PASSED] - delay: Delayed 2 second(s)

2018-07-12 10:05:46 - [MESSAGE][PASSED] - Delayed 2 second(s)

2018-07-12 10:05:46 - [TEST_STEP][PASSED] - click: Object: 'Object Repository/TC05-07_AM/button_Not Fraud_1' is clicked on

2018-07-12 10:05:47 - [MESSAGE][PASSED] - Object: 'Object Repository/TC05-07_AM/button_Not Fraud_1' is clicked on

2018-07-12 10:05:47 - [TEST_STEP][PASSED] - comment: Transcation is Marked as Not Fraud

2018-07-12 10:05:47 - [TEST_STEP][PASSED] - delay: Delayed 2 second(s)

2018-07-12 10:05:49 - [MESSAGE][PASSED] - Delayed 2 second(s)

2018-07-12 10:05:49 - [TEST_STEP][PASSED] - verifyElementText: Actual text and expected text of test object 'Object Repository/TC05-07_AM/Status_Not Fraud' are matched.

2018-07-12 10:05:49 - [MESSAGE][PASSED] - Actual text and expected text of test object 'Object Repository/TC05-07_AM/Status_Not Fraud' are matched.

2018-07-12 10:05:49 - [TEST_STEP][PASSED] - comment: Transcation status is verifed]]></system-out>
         <system-err><![CDATA[]]></system-err>
      </testcase>
      <testcase name="Test Cases/Alert Manager Test Cases/Alert Manager_View Trans Details/TC07_Mark Transaction Suspious" classname="Test Cases/Alert Manager Test Cases/Alert Manager_View Trans Details/TC07_Mark Transaction Suspious" status="PASSED">
         <system-out><![CDATA[2018-07-12 10:05:49 - [TEST_CASE][PASSED] - Test Cases/Alert Manager Test Cases/Alert Manager_View Trans Details/TC07_Mark Transaction Suspious: Test Cases/Alert Manager Test Cases/Alert Manager_View Trans Details/TC07_Mark Transaction Suspious

2018-07-12 10:05:50 - [TEST_STEP][PASSED] - click: Object: 'Object Repository/TC05-07_AM/a_Merchant' is clicked on

2018-07-12 10:05:50 - [MESSAGE][PASSED] - Object: 'Object Repository/TC05-07_AM/a_Merchant' is clicked on

2018-07-12 10:05:50 - [TEST_STEP][PASSED] - click: Object: 'Object Repository/TC05-07_AM/span_Alerts' is clicked on

2018-07-12 10:05:51 - [MESSAGE][PASSED] - Object: 'Object Repository/TC05-07_AM/span_Alerts' is clicked on

2018-07-12 10:05:51 - [TEST_STEP][PASSED] - click: Object: 'Object Repository/TC05-07_AM/i_glyphicon glyphicon-eye-open' is clicked on

2018-07-12 10:06:02 - [MESSAGE][PASSED] - Object: 'Object Repository/TC05-07_AM/i_glyphicon glyphicon-eye-open' is clicked on

2018-07-12 10:06:02 - [TEST_STEP][PASSED] - delay: Delayed 2 second(s)

2018-07-12 10:06:04 - [MESSAGE][PASSED] - Delayed 2 second(s)

2018-07-12 10:06:04 - [TEST_STEP][PASSED] - click: Object: 'Object Repository/TC05-07_AM/button_Suspicious' is clicked on

2018-07-12 10:06:05 - [MESSAGE][PASSED] - Object: 'Object Repository/TC05-07_AM/button_Suspicious' is clicked on

2018-07-12 10:06:05 - [TEST_STEP][PASSED] - delay: Delayed 2 second(s)

2018-07-12 10:06:07 - [MESSAGE][PASSED] - Delayed 2 second(s)

2018-07-12 10:06:07 - [TEST_STEP][PASSED] - setText: Text 'Suspious' is set on object 'Object Repository/TC05-07_AM/textarea_observation'

2018-07-12 10:06:07 - [MESSAGE][PASSED] - Text 'Suspious' is set on object 'Object Repository/TC05-07_AM/textarea_observation'

2018-07-12 10:06:07 - [TEST_STEP][PASSED] - delay: Delayed 2 second(s)

2018-07-12 10:06:09 - [MESSAGE][PASSED] - Delayed 2 second(s)

2018-07-12 10:06:09 - [TEST_STEP][PASSED] - click: Object: 'Object Repository/TC_04_Pulse/button_Suspicious' is clicked on

2018-07-12 10:06:10 - [MESSAGE][PASSED] - Object: 'Object Repository/TC_04_Pulse/button_Suspicious' is clicked on

2018-07-12 10:06:10 - [TEST_STEP][PASSED] - Statement - Transcation_Suspious = com.kms.katalon.core.webui.keyword.WebUiBuiltInKeywords.takeScreenshot(): Taking screenshot successfully

2018-07-12 10:06:11 - [MESSAGE][PASSED] - Taking screenshot successfully
[[ATTACHMENT|C:\\Users\\ankur.jain\\Katalon Studio\\Feedzai_Automation\\Reports\\AM_Test Suite\\20180712_095845\\1531370170257.png]]

2018-07-12 10:06:11 - [TEST_STEP][PASSED] - comment: Transcation is Marked as Suspious

2018-07-12 10:06:11 - [TEST_STEP][PASSED] - delay: Delayed 2 second(s)

2018-07-12 10:06:13 - [MESSAGE][PASSED] - Delayed 2 second(s)

2018-07-12 10:06:13 - [TEST_STEP][PASSED] - verifyElementText: Actual text and expected text of test object 'Object Repository/TC05-07_AM/Status_Suspious' are matched.

2018-07-12 10:06:13 - [MESSAGE][PASSED] - Actual text and expected text of test object 'Object Repository/TC05-07_AM/Status_Suspious' are matched.

2018-07-12 10:06:13 - [TEST_STEP][PASSED] - comment: Transation status is verifed

2018-07-12 10:06:13 - [TEST_STEP][PASSED] - delay: Delayed 2 second(s)

2018-07-12 10:06:15 - [MESSAGE][PASSED] - Delayed 2 second(s)]]></system-out>
         <system-err><![CDATA[]]></system-err>
      </testcase>
      <testcase name="Test Cases/Alert Manager Test Cases/AM_Customer Search Home Screen/TC08_Customer Search through mobile number" classname="Test Cases/Alert Manager Test Cases/AM_Customer Search Home Screen/TC08_Customer Search through mobile number" status="PASSED">
         <system-out><![CDATA[2018-07-12 10:06:15 - [TEST_CASE][PASSED] - Test Cases/Alert Manager Test Cases/AM_Customer Search Home Screen/TC08_Customer Search through mobile number: Test Cases/Alert Manager Test Cases/AM_Customer Search Home Screen/TC08_Customer Search through mobile number

2018-07-12 10:06:16 - [TEST_STEP][PASSED] - click: Object: 'Object Repository/TC08_18 AM/a_Customer' is clicked on

2018-07-12 10:06:16 - [MESSAGE][PASSED] - Object: 'Object Repository/TC08_18 AM/a_Customer' is clicked on

2018-07-12 10:06:16 - [TEST_STEP][PASSED] - delay: Delayed 2 second(s)

2018-07-12 10:06:18 - [MESSAGE][PASSED] - Delayed 2 second(s)

2018-07-12 10:06:18 - [TEST_STEP][PASSED] - setText: Text '+919860606030' is set on object 'Object Repository/TC08_18 AM/span_Customer'

2018-07-12 10:06:20 - [MESSAGE][PASSED] - Text '+919860606030' is set on object 'Object Repository/TC08_18 AM/span_Customer'

2018-07-12 10:06:20 - [TEST_STEP][PASSED] - delay: Delayed 2 second(s)

2018-07-12 10:06:22 - [MESSAGE][PASSED] - Delayed 2 second(s)

2018-07-12 10:06:22 - [TEST_STEP][PASSED] - setText: Text 'ENTER + ' is set on object 'Object Repository/TC08_18 AM/span_Customer'

2018-07-12 10:06:22 - [MESSAGE][PASSED] - Text 'ENTER + ' is set on object 'Object Repository/TC08_18 AM/span_Customer'

2018-07-12 10:06:22 - [TEST_STEP][PASSED] - delay: Delayed 5 second(s)

2018-07-12 10:06:27 - [MESSAGE][PASSED] - Delayed 5 second(s)

2018-07-12 10:06:27 - [TEST_STEP][PASSED] - verifyElementText: Actual text and expected text of test object 'Object Repository/TC08_18 AM/div_919860606030' are matched.

2018-07-12 10:06:27 - [MESSAGE][PASSED] - Actual text and expected text of test object 'Object Repository/TC08_18 AM/div_919860606030' are matched.

2018-07-12 10:06:27 - [TEST_STEP][PASSED] - comment: Customer Search through Mobile no is sucesfull

2018-07-12 10:06:27 - [TEST_STEP][PASSED] - Statement - CustomerSerach_MobileNo = com.kms.katalon.core.webui.keyword.WebUiBuiltInKeywords.takeScreenshot(): Taking screenshot successfully

2018-07-12 10:06:28 - [MESSAGE][PASSED] - Taking screenshot successfully
[[ATTACHMENT|C:\\Users\\ankur.jain\\Katalon Studio\\Feedzai_Automation\\Reports\\AM_Test Suite\\20180712_095845\\1531370187697.png]]

2018-07-12 10:06:28 - [TEST_STEP][PASSED] - delay: Delayed 2 second(s)

2018-07-12 10:06:30 - [MESSAGE][PASSED] - Delayed 2 second(s)]]></system-out>
         <system-err><![CDATA[]]></system-err>
      </testcase>
      <testcase name="Test Cases/Alert Manager Test Cases/AM_Customer Search Home Screen/TC09_Customer Search through Customer ID" classname="Test Cases/Alert Manager Test Cases/AM_Customer Search Home Screen/TC09_Customer Search through Customer ID" status="PASSED">
         <system-out><![CDATA[2018-07-12 10:06:30 - [TEST_CASE][PASSED] - Test Cases/Alert Manager Test Cases/AM_Customer Search Home Screen/TC09_Customer Search through Customer ID: Test Cases/Alert Manager Test Cases/AM_Customer Search Home Screen/TC09_Customer Search through Customer ID

2018-07-12 10:06:30 - [TEST_STEP][PASSED] - click: Object: 'Object Repository/TC08_18 AM/a_Customer' is clicked on

2018-07-12 10:06:31 - [MESSAGE][PASSED] - Object: 'Object Repository/TC08_18 AM/a_Customer' is clicked on

2018-07-12 10:06:31 - [TEST_STEP][PASSED] - delay: Delayed 2 second(s)

2018-07-12 10:06:33 - [MESSAGE][PASSED] - Delayed 2 second(s)

2018-07-12 10:06:33 - [TEST_STEP][PASSED] - setText: Text '1100231482' is set on object 'Object Repository/TC08_18 AM/span_Customer'

2018-07-12 10:06:33 - [MESSAGE][PASSED] - Text '1100231482' is set on object 'Object Repository/TC08_18 AM/span_Customer'

2018-07-12 10:06:33 - [TEST_STEP][PASSED] - delay: Delayed 2 second(s)

2018-07-12 10:06:35 - [MESSAGE][PASSED] - Delayed 2 second(s)

2018-07-12 10:06:35 - [TEST_STEP][PASSED] - setText: Text 'ENTER + ' is set on object 'Object Repository/TC08_18 AM/span_Customer'

2018-07-12 10:06:36 - [MESSAGE][PASSED] - Text 'ENTER + ' is set on object 'Object Repository/TC08_18 AM/span_Customer'

2018-07-12 10:06:36 - [TEST_STEP][PASSED] - delay: Delayed 5 second(s)

2018-07-12 10:06:41 - [MESSAGE][PASSED] - Delayed 5 second(s)

2018-07-12 10:06:41 - [TEST_STEP][PASSED] - verifyElementText: Actual text and expected text of test object 'Object Repository/TC08_18 AM/div_1100231482' are matched.

2018-07-12 10:06:41 - [MESSAGE][PASSED] - Actual text and expected text of test object 'Object Repository/TC08_18 AM/div_1100231482' are matched.

2018-07-12 10:06:41 - [TEST_STEP][PASSED] - comment: Customer Serach through id is sucesfull

2018-07-12 10:06:41 - [TEST_STEP][PASSED] - delay: Delayed 2 second(s)

2018-07-12 10:06:43 - [MESSAGE][PASSED] - Delayed 2 second(s)]]></system-out>
         <system-err><![CDATA[]]></system-err>
      </testcase>
      <testcase name="Test Cases/Alert Manager Test Cases/AM_Customer Search Home Screen/TC10_Customer Detail Validation" classname="Test Cases/Alert Manager Test Cases/AM_Customer Search Home Screen/TC10_Customer Detail Validation" status="PASSED">
         <system-out><![CDATA[2018-07-12 10:06:43 - [TEST_CASE][PASSED] - Test Cases/Alert Manager Test Cases/AM_Customer Search Home Screen/TC10_Customer Detail Validation: Test Cases/Alert Manager Test Cases/AM_Customer Search Home Screen/TC10_Customer Detail Validation

2018-07-12 10:06:44 - [TEST_STEP][PASSED] - click: Object: 'Object Repository/TC08_18 AM/Cust_Detail' is clicked on

2018-07-12 10:06:45 - [MESSAGE][PASSED] - Object: 'Object Repository/TC08_18 AM/Cust_Detail' is clicked on

2018-07-12 10:06:45 - [TEST_STEP][PASSED] - Statement - text = com.kms.katalon.core.webui.keyword.WebUiBuiltInKeywords.getText(com.kms.katalon.core.testobject.ObjectRepository.findTestObject(TC08_18 AM/Cust_Detail)): Text of object 'Object Repository/TC08_18 AM/Cust_Detail' is: 'Customer Name
XXX RESHMA SHETTY
Customer ID
1100231482
Status
Active
Account Date
19-02-2018 (5 months ago)
Account Number
1000000000281488
KYC
Low
Account Upgrade Date
Unknown
Mobile Number
+919821370176
Email
Unknown
Customer App ID
420346fbb4ab3200_Samsung SM-G355H
Customer Jio Money ID
Unknown
Customer Risk
Unknown
PIN Area (Zip Code)
Unknown
Address'

2018-07-12 10:06:45 - [MESSAGE][PASSED] - Text of object 'Object Repository/TC08_18 AM/Cust_Detail' is: 'Customer Name
XXX RESHMA SHETTY
Customer ID
1100231482
Status
Active
Account Date
19-02-2018 (5 months ago)
Account Number
1000000000281488
KYC
Low
Account Upgrade Date
Unknown
Mobile Number
+919821370176
Email
Unknown
Customer App ID
420346fbb4ab3200_Samsung SM-G355H
Customer Jio Money ID
Unknown
Customer Risk
Unknown
PIN Area (Zip Code)
Unknown
Address'

2018-07-12 10:06:45 - [TEST_STEP][PASSED] - Statement - If (text.contains("1100231482")): Customer Details Matched

2018-07-12 10:06:45 - [TEST_STEP][PASSED] - comment: Customer Details Matched]]></system-out>
         <system-err><![CDATA[]]></system-err>
      </testcase>
      <testcase name="Test Cases/Alert Manager Test Cases/AM_Customer Search Home Screen/TC11_Transaction Density Validation" classname="Test Cases/Alert Manager Test Cases/AM_Customer Search Home Screen/TC11_Transaction Density Validation" status="PASSED">
         <system-out><![CDATA[2018-07-12 10:06:45 - [TEST_CASE][PASSED] - Test Cases/Alert Manager Test Cases/AM_Customer Search Home Screen/TC11_Transaction Density Validation: Test Cases/Alert Manager Test Cases/AM_Customer Search Home Screen/TC11_Transaction Density Validation

2018-07-12 10:06:46 - [TEST_STEP][PASSED] - click: Object: 'Object Repository/TC08_18 AM/Transcation Details' is clicked on

2018-07-12 10:06:46 - [MESSAGE][PASSED] - Object: 'Object Repository/TC08_18 AM/Transcation Details' is clicked on

2018-07-12 10:06:46 - [TEST_STEP][PASSED] - verifyElementPresent: Object 'Object Repository/TC08_18 AM/Transcation Details' is present

2018-07-12 10:06:46 - [MESSAGE][WARNING] - Timeout '0' is invalid. Using default page load timeout: '30'

2018-07-12 10:06:46 - [MESSAGE][PASSED] - Object 'Object Repository/TC08_18 AM/Transcation Details' is present

2018-07-12 10:06:46 - [TEST_STEP][PASSED] - getText: Text of object 'Object Repository/TC08_18 AM/Transcation Details' is: 'Number of Transactions
18
Total Amount (₹)
2,107.00
Average Amount (₹)
117.06
Amount Std. Deviation (₹)
321.24'

2018-07-12 10:06:46 - [MESSAGE][PASSED] - Text of object 'Object Repository/TC08_18 AM/Transcation Details' is: 'Number of Transactions
18
Total Amount (₹)
2,107.00
Average Amount (₹)
117.06
Amount Std. Deviation (₹)
321.24']]></system-out>
         <system-err><![CDATA[]]></system-err>
      </testcase>
      <testcase name="Test Cases/Alert Manager Test Cases/AM_Customer Search Home Screen/TC12_Activity Period Validation" classname="Test Cases/Alert Manager Test Cases/AM_Customer Search Home Screen/TC12_Activity Period Validation" status="PASSED">
         <system-out><![CDATA[2018-07-12 10:06:46 - [TEST_CASE][PASSED] - Test Cases/Alert Manager Test Cases/AM_Customer Search Home Screen/TC12_Activity Period Validation: Test Cases/Alert Manager Test Cases/AM_Customer Search Home Screen/TC12_Activity Period Validation

2018-07-12 10:06:47 - [TEST_STEP][PASSED] - click: Object: 'Object Repository/TC08_18 AM/Activity_Period' is clicked on

2018-07-12 10:06:47 - [MESSAGE][PASSED] - Object: 'Object Repository/TC08_18 AM/Activity_Period' is clicked on

2018-07-12 10:06:47 - [TEST_STEP][PASSED] - verifyElementPresent: Object 'Object Repository/TC08_18 AM/Activity_Period' is present

2018-07-12 10:06:47 - [MESSAGE][WARNING] - Timeout '0' is invalid. Using default page load timeout: '30'

2018-07-12 10:06:47 - [MESSAGE][PASSED] - Object 'Object Repository/TC08_18 AM/Activity_Period' is present

2018-07-12 10:06:47 - [TEST_STEP][PASSED] - getText: Text of object 'Object Repository/TC08_18 AM/Activity_Period' is: 'From
19-02-2018 11:25:40
To
01-03-2018 22:30:53
Period
10 days'

2018-07-12 10:06:47 - [MESSAGE][PASSED] - Text of object 'Object Repository/TC08_18 AM/Activity_Period' is: 'From
19-02-2018 11:25:40
To
01-03-2018 22:30:53
Period
10 days']]></system-out>
         <system-err><![CDATA[]]></system-err>
      </testcase>
      <testcase name="Test Cases/Alert Manager Test Cases/AM_Customer Search Home Screen/TC13_ Transactions Details Validation" classname="Test Cases/Alert Manager Test Cases/AM_Customer Search Home Screen/TC13_ Transactions Details Validation" status="PASSED">
         <system-out><![CDATA[2018-07-12 10:06:47 - [TEST_CASE][PASSED] - Test Cases/Alert Manager Test Cases/AM_Customer Search Home Screen/TC13_ Transactions Details Validation: Test Cases/Alert Manager Test Cases/AM_Customer Search Home Screen/TC13_ Transactions Details Validation

2018-07-12 10:06:48 - [TEST_STEP][PASSED] - click: Object: 'Object Repository/TC08_18 AM/Transcation Details' is clicked on

2018-07-12 10:06:48 - [MESSAGE][PASSED] - Object: 'Object Repository/TC08_18 AM/Transcation Details' is clicked on

2018-07-12 10:06:48 - [TEST_STEP][PASSED] - verifyElementPresent: Object 'Object Repository/TC08_18 AM/Transcation Details' is present

2018-07-12 10:06:48 - [MESSAGE][WARNING] - Timeout '0' is invalid. Using default page load timeout: '30'

2018-07-12 10:06:48 - [MESSAGE][PASSED] - Object 'Object Repository/TC08_18 AM/Transcation Details' is present

2018-07-12 10:06:48 - [TEST_STEP][PASSED] - getText: Text of object 'Object Repository/TC08_18 AM/Transcation Details' is: 'Number of Transactions
18
Total Amount (₹)
2,107.00
Average Amount (₹)
117.06
Amount Std. Deviation (₹)
321.24'

2018-07-12 10:06:48 - [MESSAGE][PASSED] - Text of object 'Object Repository/TC08_18 AM/Transcation Details' is: 'Number of Transactions
18
Total Amount (₹)
2,107.00
Average Amount (₹)
117.06
Amount Std. Deviation (₹)
321.24']]></system-out>
         <system-err><![CDATA[]]></system-err>
      </testcase>
      <testcase name="Test Cases/Alert Manager Test Cases/AM_Customer Search Home Screen/TC14_Fraud Details Validation" classname="Test Cases/Alert Manager Test Cases/AM_Customer Search Home Screen/TC14_Fraud Details Validation" status="PASSED">
         <system-out><![CDATA[2018-07-12 10:06:48 - [TEST_CASE][PASSED] - Test Cases/Alert Manager Test Cases/AM_Customer Search Home Screen/TC14_Fraud Details Validation: Test Cases/Alert Manager Test Cases/AM_Customer Search Home Screen/TC14_Fraud Details Validation

2018-07-12 10:06:49 - [TEST_STEP][PASSED] - click: Object: 'Object Repository/TC08_18 AM/Fraud Details' is clicked on

2018-07-12 10:06:49 - [MESSAGE][PASSED] - Object: 'Object Repository/TC08_18 AM/Fraud Details' is clicked on

2018-07-12 10:06:49 - [TEST_STEP][PASSED] - verifyElementPresent: Object 'Object Repository/TC08_18 AM/Fraud Details' is present

2018-07-12 10:06:49 - [MESSAGE][WARNING] - Timeout '0' is invalid. Using default page load timeout: '30'

2018-07-12 10:06:49 - [MESSAGE][PASSED] - Object 'Object Repository/TC08_18 AM/Fraud Details' is present

2018-07-12 10:06:49 - [TEST_STEP][PASSED] - getText: Text of object 'Object Repository/TC08_18 AM/Fraud Details' is: 'Number of Transactions
0
Amount (₹)
0.00
Average Amount (₹)
0.00
Amount Std. Deviation (₹)
0.00'

2018-07-12 10:06:50 - [MESSAGE][PASSED] - Text of object 'Object Repository/TC08_18 AM/Fraud Details' is: 'Number of Transactions
0
Amount (₹)
0.00
Average Amount (₹)
0.00
Amount Std. Deviation (₹)
0.00']]></system-out>
         <system-err><![CDATA[]]></system-err>
      </testcase>
      <testcase name="Test Cases/Alert Manager Test Cases/AM_Customer Search Home Screen/TC15_Customer Transaction History" classname="Test Cases/Alert Manager Test Cases/AM_Customer Search Home Screen/TC15_Customer Transaction History" status="PASSED">
         <system-out><![CDATA[2018-07-12 10:06:50 - [TEST_CASE][PASSED] - Test Cases/Alert Manager Test Cases/AM_Customer Search Home Screen/TC15_Customer Transaction History: Test Cases/Alert Manager Test Cases/AM_Customer Search Home Screen/TC15_Customer Transaction History

2018-07-12 10:06:50 - [TEST_STEP][PASSED] - click: Object: 'Object Repository/TC08_18 AM/Transcation history' is clicked on

2018-07-12 10:06:50 - [MESSAGE][PASSED] - Object: 'Object Repository/TC08_18 AM/Transcation history' is clicked on

2018-07-12 10:06:50 - [TEST_STEP][PASSED] - verifyElementPresent: Object 'Object Repository/TC08_18 AM/Transcation history' is present

2018-07-12 10:06:50 - [MESSAGE][WARNING] - Timeout '0' is invalid. Using default page load timeout: '30'

2018-07-12 10:06:50 - [MESSAGE][PASSED] - Object 'Object Repository/TC08_18 AM/Transcation history' is present

2018-07-12 10:06:50 - [TEST_STEP][PASSED] - getText: Text of object 'Object Repository/TC08_18 AM/Transcation history' is: 'Date / Time PAN Amount (₹) Customer Beneficiary MCC CP Channel Type Response RT Queue Status
01-03-2018 22:30:53 2812 3206 0068 4985 5.00 1100231482 +919800000001 N/A no UDW 10 00 0 Unassigned Not Fraud
26-02-2018 22:30:15 2812 3206 0068 4985 5.00 1100231482 +919800000003 N/A no UDW 10 00 0 Unassigned Not Fraud
20-02-2018 12:53:12 2812 3206 0068 4985 2.00 1100231482 100001000021019 5940 no P2M 18 05 3 Unassigned Not Fraud
19-02-2018 21:02:53 2812 3206 0068 4985 15.00 1100231482 tedt N/A no IBW 42 05 1 Merchant Pending
19-02-2018 20:59:57 2812 3206 0068 4985 15.00 1100231482 tedt N/A no IBW 42 05 3 Customer Pending
19-02-2018 11:52:09 2812 3206 0068 4985 5.00 1100231482 569842238566 N/A no NFW 41 00 0 Unassigned Not Fraud
19-02-2018 11:50:57 2812 3206 0068 4985 10.00 1100231482 598426998755 N/A no NFW 41 05 1 Customer Pending
19-02-2018 11:50:03 2812 3206 0068 4985 5.00 1100231482 1100231495 N/A no PDW 47 05 2 Customer Pending
19-02-2018 11:49:13 2812 3206 0068 4985 5.00 1100231482 1100231495 N/A no PDW 47 00 0 Unassigned Not Fraud
19-02-2018 11:46:39 2812 3206 0068 4985 5.00 1100231482 9800000003 N/A no UDW 10 00 0 Unassigned Not Fraud'

2018-07-12 10:06:51 - [MESSAGE][PASSED] - Text of object 'Object Repository/TC08_18 AM/Transcation history' is: 'Date / Time PAN Amount (₹) Customer Beneficiary MCC CP Channel Type Response RT Queue Status
01-03-2018 22:30:53 2812 3206 0068 4985 5.00 1100231482 +919800000001 N/A no UDW 10 00 0 Unassigned Not Fraud
26-02-2018 22:30:15 2812 3206 0068 4985 5.00 1100231482 +919800000003 N/A no UDW 10 00 0 Unassigned Not Fraud
20-02-2018 12:53:12 2812 3206 0068 4985 2.00 1100231482 100001000021019 5940 no P2M 18 05 3 Unassigned Not Fraud
19-02-2018 21:02:53 2812 3206 0068 4985 15.00 1100231482 tedt N/A no IBW 42 05 1 Merchant Pending
19-02-2018 20:59:57 2812 3206 0068 4985 15.00 1100231482 tedt N/A no IBW 42 05 3 Customer Pending
19-02-2018 11:52:09 2812 3206 0068 4985 5.00 1100231482 569842238566 N/A no NFW 41 00 0 Unassigned Not Fraud
19-02-2018 11:50:57 2812 3206 0068 4985 10.00 1100231482 598426998755 N/A no NFW 41 05 1 Customer Pending
19-02-2018 11:50:03 2812 3206 0068 4985 5.00 1100231482 1100231495 N/A no PDW 47 05 2 Customer Pending
19-02-2018 11:49:13 2812 3206 0068 4985 5.00 1100231482 1100231495 N/A no PDW 47 00 0 Unassigned Not Fraud
19-02-2018 11:46:39 2812 3206 0068 4985 5.00 1100231482 9800000003 N/A no UDW 10 00 0 Unassigned Not Fraud']]></system-out>
         <system-err><![CDATA[]]></system-err>
      </testcase>
      <testcase name="Test Cases/Alert Manager Test Cases/AM_Customer Search Home Screen/TC17_Customer Transaction Statistics" classname="Test Cases/Alert Manager Test Cases/AM_Customer Search Home Screen/TC17_Customer Transaction Statistics" status="PASSED">
         <system-out><![CDATA[2018-07-12 10:06:51 - [TEST_CASE][PASSED] - Test Cases/Alert Manager Test Cases/AM_Customer Search Home Screen/TC17_Customer Transaction Statistics: Test Cases/Alert Manager Test Cases/AM_Customer Search Home Screen/TC17_Customer Transaction Statistics

2018-07-12 10:06:52 - [TEST_STEP][PASSED] - click: Object: 'Object Repository/TC08_18 AM/Transcation Statics' is clicked on

2018-07-12 10:06:53 - [MESSAGE][PASSED] - Object: 'Object Repository/TC08_18 AM/Transcation Statics' is clicked on

2018-07-12 10:06:53 - [TEST_STEP][PASSED] - verifyElementPresent: Object 'Object Repository/TC08_18 AM/Transcation Statics' is present

2018-07-12 10:06:53 - [MESSAGE][WARNING] - Timeout '0' is invalid. Using default page load timeout: '30'

2018-07-12 10:06:53 - [MESSAGE][PASSED] - Object 'Object Repository/TC08_18 AM/Transcation Statics' is present

2018-07-12 10:06:53 - [TEST_STEP][PASSED] - getText: Text of object 'Object Repository/TC08_18 AM/Transcation Statics' is: '0
1
2
3
4
5
6
7
8
9
10
11
12
13
14
15
16
17
18
19
20
21
22
23
Hour
0
1
2
3
4
5
6
7
8
9
10
11
12
13
14
15
16
17
18
19
20
21
22
23
0
1
2
3
4
5
6
7
8
9
10
11
12
13
Number of Transactions
0
1
2
3
4
5
6
7
8
9
10
11
12
13
13 (72.2%)
11'

2018-07-12 10:06:53 - [MESSAGE][PASSED] - Text of object 'Object Repository/TC08_18 AM/Transcation Statics' is: '0
1
2
3
4
5
6
7
8
9
10
11
12
13
14
15
16
17
18
19
20
21
22
23
Hour
0
1
2
3
4
5
6
7
8
9
10
11
12
13
14
15
16
17
18
19
20
21
22
23
0
1
2
3
4
5
6
7
8
9
10
11
12
13
Number of Transactions
0
1
2
3
4
5
6
7
8
9
10
11
12
13
13 (72.2%)
11']]></system-out>
         <system-err><![CDATA[]]></system-err>
      </testcase>
      <testcase name="Test Cases/Alert Manager Test Cases/AM_Customer Search Home Screen/TC18_Merchant Statistics in Customer tab Validation" classname="Test Cases/Alert Manager Test Cases/AM_Customer Search Home Screen/TC18_Merchant Statistics in Customer tab Validation" status="PASSED">
         <system-out><![CDATA[2018-07-12 10:06:53 - [TEST_CASE][PASSED] - Test Cases/Alert Manager Test Cases/AM_Customer Search Home Screen/TC18_Merchant Statistics in Customer tab Validation: Test Cases/Alert Manager Test Cases/AM_Customer Search Home Screen/TC18_Merchant Statistics in Customer tab Validation

2018-07-12 10:06:54 - [TEST_STEP][PASSED] - click: Object: 'Object Repository/TC08_18 AM/Transcation Statics' is clicked on

2018-07-12 10:06:55 - [MESSAGE][PASSED] - Object: 'Object Repository/TC08_18 AM/Transcation Statics' is clicked on

2018-07-12 10:06:55 - [TEST_STEP][PASSED] - verifyElementVisible: Object 'Object Repository/TC08_18 AM/Transcation Statics' is visible

2018-07-12 10:06:55 - [MESSAGE][PASSED] - Object 'Object Repository/TC08_18 AM/Transcation Statics' is visible

2018-07-12 10:06:55 - [TEST_STEP][PASSED] - Statement - Customer_Search_id = com.kms.katalon.core.webui.keyword.WebUiBuiltInKeywords.takeScreenshot(): Taking screenshot successfully

2018-07-12 10:06:56 - [MESSAGE][PASSED] - Taking screenshot successfully
[[ATTACHMENT|C:\\Users\\ankur.jain\\Katalon Studio\\Feedzai_Automation\\Reports\\AM_Test Suite\\20180712_095845\\1531370215702.png]]]]></system-out>
         <system-err><![CDATA[]]></system-err>
      </testcase>
      <testcase name="Test Cases/Alert Manager Test Cases/AM_Merchant Search Home Screen/TC19_Validation of Enter MerchantNo" classname="Test Cases/Alert Manager Test Cases/AM_Merchant Search Home Screen/TC19_Validation of Enter MerchantNo" status="FAILED">
         <failure type="FAILED" message="com.kms.katalon.core.webui.exception.WebElementNotFoundException: Web element with id: 'Object Repository/TC_19_20 AM/Merchant_MobileNo_Validation' located by 'By.xpath: //html//div[4]/div[1]/div[2]' not found"/>
         <system-out><![CDATA[2018-07-12 10:06:56 - [TEST_CASE][FAILED] - Test Cases/Alert Manager Test Cases/AM_Merchant Search Home Screen/TC19_Validation of Enter MerchantNo: Test Cases/Alert Manager Test Cases/AM_Merchant Search Home Screen/TC19_Validation of Enter MerchantNo FAILED because (of) com.kms.katalon.core.webui.exception.WebElementNotFoundException: Web element with id: 'Object Repository/TC_19_20 AM/Merchant_MobileNo_Validation' located by 'By.xpath: //html//div[4]/div[1]/div[2]' not found

2018-07-12 10:06:56 - [TEST_STEP][PASSED] - click: Object: 'Object Repository/TC_19_20 AM/Merchant_icon' is clicked on

2018-07-12 10:06:57 - [MESSAGE][PASSED] - Object: 'Object Repository/TC_19_20 AM/Merchant_icon' is clicked on

2018-07-12 10:06:57 - [TEST_STEP][PASSED] - delay: Delayed 2 second(s)

2018-07-12 10:06:59 - [MESSAGE][PASSED] - Delayed 2 second(s)

2018-07-12 10:06:59 - [TEST_STEP][PASSED] - setText: Text '+918899550000' is set on object 'Object Repository/TC_19_20 AM/Merchant_Inputbox'

2018-07-12 10:07:00 - [MESSAGE][PASSED] - Text '+918899550000' is set on object 'Object Repository/TC_19_20 AM/Merchant_Inputbox'

2018-07-12 10:07:00 - [TEST_STEP][PASSED] - delay: Delayed 2 second(s)

2018-07-12 10:07:02 - [MESSAGE][PASSED] - Delayed 2 second(s)

2018-07-12 10:07:02 - [TEST_STEP][PASSED] - setText: Text 'ENTER + ' is set on object 'Object Repository/TC_19_20 AM/Merchant_Inputbox'

2018-07-12 10:07:02 - [MESSAGE][PASSED] - Text 'ENTER + ' is set on object 'Object Repository/TC_19_20 AM/Merchant_Inputbox'

2018-07-12 10:07:02 - [TEST_STEP][PASSED] - delay: Delayed 2 second(s)

2018-07-12 10:07:04 - [MESSAGE][PASSED] - Delayed 2 second(s)

2018-07-12 10:07:04 - [TEST_STEP][FAILED] - verifyElementText: com.kms.katalon.core.webui.exception.WebElementNotFoundException: Web element with id: 'Object Repository/TC_19_20 AM/Merchant_MobileNo_Validation' located by 'By.xpath: //html//div[4]/div[1]/div[2]' not found

2018-07-12 10:07:37 - [MESSAGE][FAILED] - com.kms.katalon.core.webui.exception.WebElementNotFoundException: Web element with id: 'Object Repository/TC_19_20 AM/Merchant_MobileNo_Validation' located by 'By.xpath: //html//div[4]/div[1]/div[2]' not found
[[ATTACHMENT|C:\\Users\\ankur.jain\\Katalon Studio\\Feedzai_Automation\\Reports\\AM_Test Suite\\20180712_095845\\1531370256813.png]]

2018-07-12 10:07:37 - [TEST_STEP][FAILED] - getText: Unable to get text of object 'Object Repository/TC_19_20 AM/Merchant_Details' (Root cause: com.kms.katalon.core.webui.exception.WebElementNotFoundException: Web element with id: 'Object Repository/TC_19_20 AM/Merchant_Details' located by 'By.xpath: //html//div[@class='col-lg-8 col-md-8 col-sm-8 col-xs-8 merchant-details']/div[1]/div[2]' not found)

2018-07-12 10:08:09 - [MESSAGE][FAILED] - Unable to get text of object 'Object Repository/TC_19_20 AM/Merchant_Details' (Root cause: com.kms.katalon.core.webui.exception.WebElementNotFoundException: Web element with id: 'Object Repository/TC_19_20 AM/Merchant_Details' located by 'By.xpath: //html//div[@class='col-lg-8 col-md-8 col-sm-8 col-xs-8 merchant-details']/div[1]/div[2]' not found)
[[ATTACHMENT|C:\\Users\\ankur.jain\\Katalon Studio\\Feedzai_Automation\\Reports\\AM_Test Suite\\20180712_095845\\1531370289116.png]]

2018-07-12 10:08:09 - [TEST_STEP][FAILED] - verifyElementPresent: com.kms.katalon.core.webui.exception.WebElementNotFoundException: Web element with id: 'Object Repository/TC_19_20 AM/Merchant_Location' located by 'By.xpath: /html/body/div[1]/div[1]/div[2]/div[1]/div[2]/div/div[2]' not found

2018-07-12 10:08:09 - [MESSAGE][WARNING] - Timeout '0' is invalid. Using default page load timeout: '30'

2018-07-12 10:08:41 - [MESSAGE][FAILED] - com.kms.katalon.core.webui.exception.WebElementNotFoundException: Web element with id: 'Object Repository/TC_19_20 AM/Merchant_Location' located by 'By.xpath: /html/body/div[1]/div[1]/div[2]/div[1]/div[2]/div/div[2]' not found
[[ATTACHMENT|C:\\Users\\ankur.jain\\Katalon Studio\\Feedzai_Automation\\Reports\\AM_Test Suite\\20180712_095845\\1531370321394.png]]

2018-07-12 10:08:41 - [TEST_STEP][FAILED] - getText: Unable to get text of object 'Object Repository/TC_19_20 AM/Merchant_Activity Period' (Root cause: com.kms.katalon.core.webui.exception.WebElementNotFoundException: Web element with id: 'Object Repository/TC_19_20 AM/Merchant_Activity Period' located by 'By.xpath: //html//div[@class='col-lg-8 col-md-8 col-sm-8 col-xs-8 merchant-details']/div[2]/div[2]' not found)

2018-07-12 10:09:14 - [MESSAGE][FAILED] - Unable to get text of object 'Object Repository/TC_19_20 AM/Merchant_Activity Period' (Root cause: com.kms.katalon.core.webui.exception.WebElementNotFoundException: Web element with id: 'Object Repository/TC_19_20 AM/Merchant_Activity Period' located by 'By.xpath: //html//div[@class='col-lg-8 col-md-8 col-sm-8 col-xs-8 merchant-details']/div[2]/div[2]' not found)
[[ATTACHMENT|C:\\Users\\ankur.jain\\Katalon Studio\\Feedzai_Automation\\Reports\\AM_Test Suite\\20180712_095845\\1531370353724.png]]

2018-07-12 10:09:14 - [TEST_STEP][FAILED] - getText: Unable to get text of object 'Object Repository/TC_19_20 AM/Merchant_Trans Details' (Root cause: com.kms.katalon.core.webui.exception.WebElementNotFoundException: Web element with id: 'Object Repository/TC_19_20 AM/Merchant_Trans Details' located by 'By.xpath: //html//div[@class='col-lg-8 col-md-8 col-sm-8 col-xs-8 merchant-details']/div[3]/div[2]' not found)

2018-07-12 10:09:46 - [MESSAGE][FAILED] - Unable to get text of object 'Object Repository/TC_19_20 AM/Merchant_Trans Details' (Root cause: com.kms.katalon.core.webui.exception.WebElementNotFoundException: Web element with id: 'Object Repository/TC_19_20 AM/Merchant_Trans Details' located by 'By.xpath: //html//div[@class='col-lg-8 col-md-8 col-sm-8 col-xs-8 merchant-details']/div[3]/div[2]' not found)
[[ATTACHMENT|C:\\Users\\ankur.jain\\Katalon Studio\\Feedzai_Automation\\Reports\\AM_Test Suite\\20180712_095845\\1531370386047.png]]

2018-07-12 10:09:46 - [TEST_STEP][FAILED] - getText: Unable to get text of object 'Object Repository/TC_19_20 AM/Merchnat_Fraud Details' (Root cause: com.kms.katalon.core.webui.exception.WebElementNotFoundException: Web element with id: 'Object Repository/TC_19_20 AM/Merchnat_Fraud Details' located by 'By.xpath: //div[@class='col-lg-8 col-md-8 col-sm-8 col-xs-8 merchant-details']//div[@class='widget-wrapper last-child']//div[@class='widget-stage details']' not found)

2018-07-12 10:10:18 - [MESSAGE][FAILED] - Unable to get text of object 'Object Repository/TC_19_20 AM/Merchnat_Fraud Details' (Root cause: com.kms.katalon.core.webui.exception.WebElementNotFoundException: Web element with id: 'Object Repository/TC_19_20 AM/Merchnat_Fraud Details' located by 'By.xpath: //div[@class='col-lg-8 col-md-8 col-sm-8 col-xs-8 merchant-details']//div[@class='widget-wrapper last-child']//div[@class='widget-stage details']' not found)
[[ATTACHMENT|C:\\Users\\ankur.jain\\Katalon Studio\\Feedzai_Automation\\Reports\\AM_Test Suite\\20180712_095845\\1531370418426.png]]

2018-07-12 10:10:18 - [TEST_STEP][FAILED] - getText: Unable to get text of object 'Object Repository/TC_19_20 AM/Merchant_Transation History' (Root cause: com.kms.katalon.core.webui.exception.WebElementNotFoundException: Web element with id: 'Object Repository/TC_19_20 AM/Merchant_Transation History' located by 'By.xpath: //div[@class='widget-stage-overflow']' not found)

2018-07-12 10:10:51 - [MESSAGE][FAILED] - Unable to get text of object 'Object Repository/TC_19_20 AM/Merchant_Transation History' (Root cause: com.kms.katalon.core.webui.exception.WebElementNotFoundException: Web element with id: 'Object Repository/TC_19_20 AM/Merchant_Transation History' located by 'By.xpath: //div[@class='widget-stage-overflow']' not found)
[[ATTACHMENT|C:\\Users\\ankur.jain\\Katalon Studio\\Feedzai_Automation\\Reports\\AM_Test Suite\\20180712_095845\\1531370450773.png]]

2018-07-12 10:10:51 - [TEST_STEP][FAILED] - verifyElementPresent: com.kms.katalon.core.webui.exception.WebElementNotFoundException: Web element with id: 'Object Repository/TC_19_20 AM/Merchant_Trans Statistics' located by 'By.xpath: //div[@class='col-lg-6 col-md-6 col-sm-6 col-xs-6 merchant-transaction']//div[@class='widget-wrapper last-child']//div[@class='widget-stage details']' not found

2018-07-12 10:10:51 - [MESSAGE][WARNING] - Timeout '0' is invalid. Using default page load timeout: '30'

2018-07-12 10:11:23 - [MESSAGE][FAILED] - com.kms.katalon.core.webui.exception.WebElementNotFoundException: Web element with id: 'Object Repository/TC_19_20 AM/Merchant_Trans Statistics' located by 'By.xpath: //div[@class='col-lg-6 col-md-6 col-sm-6 col-xs-6 merchant-transaction']//div[@class='widget-wrapper last-child']//div[@class='widget-stage details']' not found
[[ATTACHMENT|C:\\Users\\ankur.jain\\Katalon Studio\\Feedzai_Automation\\Reports\\AM_Test Suite\\20180712_095845\\1531370483146.png]]

2018-07-12 10:11:23 - [TEST_STEP][PASSED] - delay: Delayed 2 second(s)

2018-07-12 10:11:25 - [MESSAGE][PASSED] - Delayed 2 second(s)

2018-07-12 10:11:25 - [TEST_STEP][PASSED] - comment: Merchant Search through Mobile No is validated

2018-07-12 10:11:25 - [TEST_STEP][PASSED] - Statement - Merchant_Search_id = com.kms.katalon.core.webui.keyword.WebUiBuiltInKeywords.takeScreenshot(): Taking screenshot successfully

2018-07-12 10:11:26 - [MESSAGE][PASSED] - Taking screenshot successfully
[[ATTACHMENT|C:\\Users\\ankur.jain\\Katalon Studio\\Feedzai_Automation\\Reports\\AM_Test Suite\\20180712_095845\\1531370485608.png]]]]></system-out>
         <system-err><![CDATA[2018-07-12 10:06:56 - [TEST_CASE][FAILED] - Test Cases/Alert Manager Test Cases/AM_Merchant Search Home Screen/TC19_Validation of Enter MerchantNo: Test Cases/Alert Manager Test Cases/AM_Merchant Search Home Screen/TC19_Validation of Enter MerchantNo FAILED because (of) com.kms.katalon.core.webui.exception.WebElementNotFoundException: Web element with id: 'Object Repository/TC_19_20 AM/Merchant_MobileNo_Validation' located by 'By.xpath: //html//div[4]/div[1]/div[2]' not found]]></system-err>
      </testcase>
      <testcase name="Test Cases/Alert Manager Test Cases/AM_Merchant Search Home Screen/TC20_Validation of Enter Merchant MID" classname="Test Cases/Alert Manager Test Cases/AM_Merchant Search Home Screen/TC20_Validation of Enter Merchant MID" status="PASSED">
         <system-out><![CDATA[2018-07-12 10:11:26 - [TEST_CASE][PASSED] - Test Cases/Alert Manager Test Cases/AM_Merchant Search Home Screen/TC20_Validation of Enter Merchant MID: Test Cases/Alert Manager Test Cases/AM_Merchant Search Home Screen/TC20_Validation of Enter Merchant MID

2018-07-12 10:11:27 - [TEST_STEP][PASSED] - click: Object: 'Object Repository/TC_19_20 AM/Merchant_icon' is clicked on

2018-07-12 10:11:27 - [MESSAGE][PASSED] - Object: 'Object Repository/TC_19_20 AM/Merchant_icon' is clicked on

2018-07-12 10:11:27 - [TEST_STEP][PASSED] - delay: Delayed 2 second(s)

2018-07-12 10:11:29 - [MESSAGE][PASSED] - Delayed 2 second(s)

2018-07-12 10:11:29 - [TEST_STEP][PASSED] - setText: Text '100001000127962' is set on object 'Object Repository/TC_19_20 AM/Merchant_Inputbox'

2018-07-12 10:11:30 - [MESSAGE][PASSED] - Text '100001000127962' is set on object 'Object Repository/TC_19_20 AM/Merchant_Inputbox'

2018-07-12 10:11:30 - [TEST_STEP][PASSED] - delay: Delayed 2 second(s)

2018-07-12 10:11:32 - [MESSAGE][PASSED] - Delayed 2 second(s)

2018-07-12 10:11:32 - [TEST_STEP][PASSED] - setText: Text 'ENTER + ' is set on object 'Object Repository/TC_19_20 AM/Merchant_Inputbox'

2018-07-12 10:11:33 - [MESSAGE][PASSED] - Text 'ENTER + ' is set on object 'Object Repository/TC_19_20 AM/Merchant_Inputbox'

2018-07-12 10:11:33 - [TEST_STEP][PASSED] - delay: Delayed 2 second(s)

2018-07-12 10:11:35 - [MESSAGE][PASSED] - Delayed 2 second(s)

2018-07-12 10:11:35 - [TEST_STEP][PASSED] - verifyElementText: Actual text and expected text of test object 'Object Repository/TC_19_20 AM/Merchant_id_Validation' are matched.

2018-07-12 10:11:35 - [MESSAGE][PASSED] - Actual text and expected text of test object 'Object Repository/TC_19_20 AM/Merchant_id_Validation' are matched.

2018-07-12 10:11:35 - [TEST_STEP][PASSED] - comment: Merchant Search through id is validated

2018-07-12 10:11:35 - [TEST_STEP][PASSED] - Statement - Merchant_Search_id = com.kms.katalon.core.webui.keyword.WebUiBuiltInKeywords.takeScreenshot(): Taking screenshot successfully

2018-07-12 10:11:36 - [MESSAGE][PASSED] - Taking screenshot successfully
[[ATTACHMENT|C:\\Users\\ankur.jain\\Katalon Studio\\Feedzai_Automation\\Reports\\AM_Test Suite\\20180712_095845\\1531370495957.png]]]]></system-out>
         <system-err><![CDATA[]]></system-err>
      </testcase>
      <testcase name="Test Cases/Alert Manager Test Cases/AM_Agent Search/TC21_Validation of Agent Search" classname="Test Cases/Alert Manager Test Cases/AM_Agent Search/TC21_Validation of Agent Search" status="PASSED">
         <system-out><![CDATA[2018-07-12 10:11:36 - [TEST_CASE][PASSED] - Test Cases/Alert Manager Test Cases/AM_Agent Search/TC21_Validation of Agent Search: Test Cases/Alert Manager Test Cases/AM_Agent Search/TC21_Validation of Agent Search

2018-07-12 10:11:37 - [TEST_STEP][PASSED] - click: Object: 'Object Repository/TC_21_AM/Agent_Icon' is clicked on

2018-07-12 10:11:37 - [MESSAGE][PASSED] - Object: 'Object Repository/TC_21_AM/Agent_Icon' is clicked on

2018-07-12 10:11:37 - [TEST_STEP][PASSED] - delay: Delayed 2 second(s)

2018-07-12 10:11:39 - [MESSAGE][PASSED] - Delayed 2 second(s)

2018-07-12 10:11:39 - [TEST_STEP][PASSED] - setText: Text '1000002151' is set on object 'Object Repository/TC_21_AM/Agent_Search'

2018-07-12 10:11:40 - [MESSAGE][PASSED] - Text '1000002151' is set on object 'Object Repository/TC_21_AM/Agent_Search'

2018-07-12 10:11:40 - [TEST_STEP][PASSED] - delay: Delayed 9 second(s)

2018-07-12 10:11:49 - [MESSAGE][PASSED] - Delayed 9 second(s)

2018-07-12 10:11:49 - [TEST_STEP][PASSED] - setText: Text 'ENTER + ' is set on object 'Object Repository/TC_21_AM/Agent_Search'

2018-07-12 10:11:49 - [MESSAGE][PASSED] - Text 'ENTER + ' is set on object 'Object Repository/TC_21_AM/Agent_Search'

2018-07-12 10:11:49 - [TEST_STEP][PASSED] - delay: Delayed 2 second(s)

2018-07-12 10:11:51 - [MESSAGE][PASSED] - Delayed 2 second(s)

2018-07-12 10:11:51 - [TEST_STEP][PASSED] - verifyElementText: Actual text and expected text of test object 'Object Repository/TC_21_AM/Agent_id_Validation' are matched.

2018-07-12 10:12:11 - [MESSAGE][PASSED] - Actual text and expected text of test object 'Object Repository/TC_21_AM/Agent_id_Validation' are matched.

2018-07-12 10:12:11 - [TEST_STEP][PASSED] - getText: Text of object 'Object Repository/TC_21_AM/Agent_Details' is: 'Agent Name
VARA PP
Agent ID
1000002151
Status
Unknown
Account Date
16-12-2016 (2 years ago)
Shop
PRASADDD
Type
Distributor Sales
Phone Number
Unknown
Mobile Number
9769956830
Email
kanika.shetty@ril.com
Agent App ID
Unknown
Category
Zonal Distributor
Business Regional Number
Unknown
PIN Area (Zip Code)
400706
Address
asa sasa sas
400706 - asas, KA, IN'

2018-07-12 10:12:12 - [MESSAGE][PASSED] - Text of object 'Object Repository/TC_21_AM/Agent_Details' is: 'Agent Name
VARA PP
Agent ID
1000002151
Status
Unknown
Account Date
16-12-2016 (2 years ago)
Shop
PRASADDD
Type
Distributor Sales
Phone Number
Unknown
Mobile Number
9769956830
Email
kanika.shetty@ril.com
Agent App ID
Unknown
Category
Zonal Distributor
Business Regional Number
Unknown
PIN Area (Zip Code)
400706
Address
asa sasa sas
400706 - asas, KA, IN'

2018-07-12 10:12:12 - [TEST_STEP][PASSED] - verifyElementPresent: Object 'Object Repository/TC_21_AM/Agent_Location' is present

2018-07-12 10:12:12 - [MESSAGE][WARNING] - Timeout '0' is invalid. Using default page load timeout: '30'

2018-07-12 10:12:12 - [MESSAGE][PASSED] - Object 'Object Repository/TC_21_AM/Agent_Location' is present

2018-07-12 10:12:12 - [TEST_STEP][PASSED] - getText: Text of object 'Object Repository/TC_21_AM/Agent_Activity Period' is: 'From
16-12-2016 11:34:41
To
05-04-2018 13:14:31
Period
a year'

2018-07-12 10:12:12 - [MESSAGE][PASSED] - Text of object 'Object Repository/TC_21_AM/Agent_Activity Period' is: 'From
16-12-2016 11:34:41
To
05-04-2018 13:14:31
Period
a year'

2018-07-12 10:12:12 - [TEST_STEP][PASSED] - getText: Text of object 'Object Repository/TC_21_AM/Agent_Trans Details' is: 'Number of Transactions
23
Total Amount (₹)
122.00
Average Amount (₹)
5.30
Amount Std. Deviation (₹)
5.30'

2018-07-12 10:12:12 - [MESSAGE][PASSED] - Text of object 'Object Repository/TC_21_AM/Agent_Trans Details' is: 'Number of Transactions
23
Total Amount (₹)
122.00
Average Amount (₹)
5.30
Amount Std. Deviation (₹)
5.30'

2018-07-12 10:12:12 - [TEST_STEP][PASSED] - getText: Text of object 'Object Repository/TC_21_AM/Agent_Fraud Details' is: 'Number of Transactions
4 (17.39%)
Amount (₹)
54.00 (44.3%)
Average Amount (₹)
13.50
Amount Std. Deviation (₹)
1.73'

2018-07-12 10:12:13 - [MESSAGE][PASSED] - Text of object 'Object Repository/TC_21_AM/Agent_Fraud Details' is: 'Number of Transactions
4 (17.39%)
Amount (₹)
54.00 (44.3%)
Average Amount (₹)
13.50
Amount Std. Deviation (₹)
1.73'

2018-07-12 10:12:13 - [TEST_STEP][PASSED] - getText: Text of object 'Object Repository/TC_21_AM/Agent_Trans History' is: 'Date / Time PAN Amount (₹) Customer Beneficiary MCC CP Channel Type Response RT Queue Status
05-04-2018 13:14:31 Jio 2.00 Unknown teststststs N/A no BIA 14 05 0 Unassigned Not Fraud
05-04-2018 13:14:22 Jio 2.00 Unknown teststststs N/A no BIA 14 05 0 Unassigned Not Fraud
05-04-2018 13:05:53 Jio 10.00 Unknown TJAN240120208 N/A no 28-7171 28 00 0 Unassigned Not Fraud
29-12-2016 14:58:24 2812 3201 8089 0507 2.00 1100021222 1100021222 N/A no LMA 28 05 0 Unassigned Not Fraud
16-12-2016 12:20:38 2812 3201 0179 4630 12.00 1100021194 1100021194 N/A no LMA 28 05 1 Unassigned Fraud
16-12-2016 12:15:53 2812 3201 0179 4630 10.00 1100021194 1100021194 N/A no LMA 28 00 1 Unassigned Not Fraud
16-12-2016 12:15:37 2812 3201 8089 0507 10.00 1100021222 1100021222 N/A no LMA 28 05 0 Unassigned Not Fraud'

2018-07-12 10:12:13 - [MESSAGE][PASSED] - Text of object 'Object Repository/TC_21_AM/Agent_Trans History' is: 'Date / Time PAN Amount (₹) Customer Beneficiary MCC CP Channel Type Response RT Queue Status
05-04-2018 13:14:31 Jio 2.00 Unknown teststststs N/A no BIA 14 05 0 Unassigned Not Fraud
05-04-2018 13:14:22 Jio 2.00 Unknown teststststs N/A no BIA 14 05 0 Unassigned Not Fraud
05-04-2018 13:05:53 Jio 10.00 Unknown TJAN240120208 N/A no 28-7171 28 00 0 Unassigned Not Fraud
29-12-2016 14:58:24 2812 3201 8089 0507 2.00 1100021222 1100021222 N/A no LMA 28 05 0 Unassigned Not Fraud
16-12-2016 12:20:38 2812 3201 0179 4630 12.00 1100021194 1100021194 N/A no LMA 28 05 1 Unassigned Fraud
16-12-2016 12:15:53 2812 3201 0179 4630 10.00 1100021194 1100021194 N/A no LMA 28 00 1 Unassigned Not Fraud
16-12-2016 12:15:37 2812 3201 8089 0507 10.00 1100021222 1100021222 N/A no LMA 28 05 0 Unassigned Not Fraud'

2018-07-12 10:12:13 - [TEST_STEP][PASSED] - verifyElementPresent: Object 'Object Repository/TC_21_AM/Agent_Transcation Stats' is present

2018-07-12 10:12:13 - [MESSAGE][WARNING] - Timeout '0' is invalid. Using default page load timeout: '30'

2018-07-12 10:12:14 - [MESSAGE][PASSED] - Object 'Object Repository/TC_21_AM/Agent_Transcation Stats' is present

2018-07-12 10:12:14 - [TEST_STEP][PASSED] - delay: Delayed 2 second(s)

2018-07-12 10:12:16 - [MESSAGE][PASSED] - Delayed 2 second(s)

2018-07-12 10:12:16 - [TEST_STEP][PASSED] - comment: Agent Search through id is validated

2018-07-12 10:12:16 - [TEST_STEP][PASSED] - Statement - Agent_Search_id = com.kms.katalon.core.webui.keyword.WebUiBuiltInKeywords.takeScreenshot(): Taking screenshot successfully

2018-07-12 10:12:16 - [MESSAGE][PASSED] - Taking screenshot successfully
[[ATTACHMENT|C:\\Users\\ankur.jain\\Katalon Studio\\Feedzai_Automation\\Reports\\AM_Test Suite\\20180712_095845\\1531370536080.png]]]]></system-out>
         <system-err><![CDATA[]]></system-err>
      </testcase>
      <testcase name="Test Cases/Alert Manager Test Cases/Alert Manager_Reports/TC23_Validation of Reports" classname="Test Cases/Alert Manager Test Cases/Alert Manager_Reports/TC23_Validation of Reports" status="PASSED">
         <system-out><![CDATA[2018-07-12 10:12:16 - [TEST_CASE][PASSED] - Test Cases/Alert Manager Test Cases/Alert Manager_Reports/TC23_Validation of Reports: Test Cases/Alert Manager Test Cases/Alert Manager_Reports/TC23_Validation of Reports

2018-07-12 10:12:17 - [TEST_STEP][PASSED] - click: Object: 'Object Repository/TC_23_AM/Report_Icon' is clicked on

2018-07-12 10:12:17 - [MESSAGE][PASSED] - Object: 'Object Repository/TC_23_AM/Report_Icon' is clicked on

2018-07-12 10:12:17 - [TEST_STEP][PASSED] - delay: Delayed 2 second(s)

2018-07-12 10:12:19 - [MESSAGE][PASSED] - Delayed 2 second(s)

2018-07-12 10:12:19 - [TEST_STEP][PASSED] - click: Object: 'Object Repository/TC_23_AM/Click_excel' is clicked on

2018-07-12 10:12:20 - [MESSAGE][PASSED] - Object: 'Object Repository/TC_23_AM/Click_excel' is clicked on

2018-07-12 10:12:20 - [TEST_STEP][PASSED] - Statement - Report_Download = com.kms.katalon.core.webui.keyword.WebUiBuiltInKeywords.takeScreenshot(): Taking screenshot successfully

2018-07-12 10:12:21 - [MESSAGE][PASSED] - Taking screenshot successfully
[[ATTACHMENT|C:\\Users\\ankur.jain\\Katalon Studio\\Feedzai_Automation\\Reports\\AM_Test Suite\\20180712_095845\\1531370540489.png]]

2018-07-12 10:12:21 - [TEST_STEP][PASSED] - comment: Report downloaded sucesfully]]></system-out>
         <system-err><![CDATA[]]></system-err>
      </testcase>
      <testcase name="Test Cases/Alert Manager Test Cases/Alert Manager_Search Screen/TC24_Validate Advance search through customer id" classname="Test Cases/Alert Manager Test Cases/Alert Manager_Search Screen/TC24_Validate Advance search through customer id" status="PASSED">
         <system-out><![CDATA[2018-07-12 10:12:21 - [TEST_CASE][PASSED] - Test Cases/Alert Manager Test Cases/Alert Manager_Search Screen/TC24_Validate Advance search through customer id: Test Cases/Alert Manager Test Cases/Alert Manager_Search Screen/TC24_Validate Advance search through customer id

2018-07-12 10:12:22 - [TEST_STEP][NOT_RUN] - openBrowser: NOT_RUN: openBrowser

2018-07-12 10:12:22 - [MESSAGE][NOT_RUN] - NOT_RUN: openBrowser

2018-07-12 10:12:22 - [TEST_STEP][NOT_RUN] - navigateToUrl: NOT_RUN: navigateToUrl

2018-07-12 10:12:22 - [MESSAGE][NOT_RUN] - NOT_RUN: navigateToUrl

2018-07-12 10:12:22 - [TEST_STEP][NOT_RUN] - maximizeWindow: NOT_RUN: maximizeWindow

2018-07-12 10:12:22 - [MESSAGE][NOT_RUN] - NOT_RUN: maximizeWindow

2018-07-12 10:12:22 - [TEST_STEP][NOT_RUN] - setText: NOT_RUN: setText

2018-07-12 10:12:22 - [MESSAGE][NOT_RUN] - NOT_RUN: setText

2018-07-12 10:12:22 - [TEST_STEP][NOT_RUN] - setText: NOT_RUN: setText

2018-07-12 10:12:22 - [MESSAGE][NOT_RUN] - NOT_RUN: setText

2018-07-12 10:12:22 - [TEST_STEP][NOT_RUN] - sendKeys: NOT_RUN: sendKeys

2018-07-12 10:12:22 - [MESSAGE][NOT_RUN] - NOT_RUN: sendKeys

2018-07-12 10:12:22 - [TEST_STEP][PASSED] - click: Object: 'Object Repository/TC_24_36 AM/span_Search' is clicked on

2018-07-12 10:12:23 - [MESSAGE][PASSED] - Object: 'Object Repository/TC_24_36 AM/span_Search' is clicked on

2018-07-12 10:12:23 - [TEST_STEP][PASSED] - clearText: Text of object 'Object Repository/TC_24_36 AM/Date_input' is cleared

2018-07-12 10:12:24 - [MESSAGE][PASSED] - Text of object 'Object Repository/TC_24_36 AM/Date_input' is cleared

2018-07-12 10:12:24 - [TEST_STEP][PASSED] - click: Object: 'Object Repository/TC_24_36 AM/Done_Button' is clicked on

2018-07-12 10:12:24 - [MESSAGE][PASSED] - Object: 'Object Repository/TC_24_36 AM/Done_Button' is clicked on

2018-07-12 10:12:24 - [TEST_STEP][PASSED] - delay: Delayed 2 second(s)

2018-07-12 10:12:26 - [MESSAGE][PASSED] - Delayed 2 second(s)

2018-07-12 10:12:26 - [TEST_STEP][PASSED] - click: Object: 'Object Repository/TC_24_36 AM/button_Advanced Search' is clicked on

2018-07-12 10:12:27 - [MESSAGE][PASSED] - Object: 'Object Repository/TC_24_36 AM/button_Advanced Search' is clicked on

2018-07-12 10:12:27 - [TEST_STEP][PASSED] - click: Object: 'Object Repository/TC_24_36 AM/ul_Customer Id' is clicked on

2018-07-12 10:12:28 - [MESSAGE][PASSED] - Object: 'Object Repository/TC_24_36 AM/ul_Customer Id' is clicked on

2018-07-12 10:12:28 - [TEST_STEP][PASSED] - setText: Text '1100243850' is set on object 'Object Repository/TC_24_36 AM/input_s2id_autogen7'

2018-07-12 10:12:29 - [MESSAGE][PASSED] - Text '1100243850' is set on object 'Object Repository/TC_24_36 AM/input_s2id_autogen7'

2018-07-12 10:12:29 - [TEST_STEP][PASSED] - delay: Delayed 2 second(s)

2018-07-12 10:12:31 - [MESSAGE][PASSED] - Delayed 2 second(s)

2018-07-12 10:12:31 - [TEST_STEP][PASSED] - sendKeys: Keys 'ENTER + ' sent to object: 'Object Repository/TC_24_36 AM/input_s2id_autogen7'

2018-07-12 10:12:31 - [MESSAGE][PASSED] - Keys 'ENTER + ' sent to object: 'Object Repository/TC_24_36 AM/input_s2id_autogen7'

2018-07-12 10:12:31 - [TEST_STEP][PASSED] - delay: Delayed 2 second(s)

2018-07-12 10:12:33 - [MESSAGE][PASSED] - Delayed 2 second(s)

2018-07-12 10:12:33 - [TEST_STEP][PASSED] - click: Object: 'Object Repository/TC_24_36 AM/button_Search' is clicked on

2018-07-12 10:12:33 - [MESSAGE][PASSED] - Object: 'Object Repository/TC_24_36 AM/button_Search' is clicked on

2018-07-12 10:12:33 - [TEST_STEP][PASSED] - getText: Text of object 'Object Repository/TC_24_36 AM/Cust_Details' is: '15-05-2018 15:18:53 2812 3206 0077 6096 1,000.00 1100243850 1100243850 N/A no LMW 28 00 0 Unassigned Not Fraud
15-05-2018 15:21:59 2812 3206 0077 6096 5.00 1100243850 100001000020437 5999 no WPP 0 00 0 Unassigned Not Fraud
15-05-2018 15:23:34 2812 3206 0077 6096 6.00 1100243850 100001000020437 5999 no WPP 0 00 0 Unassigned Not Fraud
15-05-2018 15:24:40 2812 3206 0077 6096 4.00 1100243850 100001000020437 5999 no WPP 0 00 0 Unassigned Not Fraud
15-05-2018 15:25:57 2812 3200 0000 0000 1.00 1100243850 100001000020437 5999 no WPP 0 05 1 Customer Pending
15-05-2018 15:33:13 2812 3206 0077 6096 6.00 1100243850 1100243850 5999 no WRO 20 00 0 Unassigned Not Fraud
15-05-2018 15:35:00 2812 3206 0077 6096 6.00 1100243850 100001000020437 5999 no WPP 0 00 0 Unassigned Not Fraud
15-05-2018 15:36:21 2812 3200 0000 0000 1.00 1100243850 100001000020437 5999 no WPP 0 05 1 Customer Pending
15-06-2018 12:35:16 NA 2.00 1100243850 100001000014146 5999 no WPP 0 05 0 Unassigned Not Fraud
15-06-2018 12:38:04 1000 00XX XXXX 3645 2.00 1100243850 100001000014146 5999 no WPP 0 00 1 Unassigned Pending'

2018-07-12 10:12:35 - [MESSAGE][PASSED] - Text of object 'Object Repository/TC_24_36 AM/Cust_Details' is: '15-05-2018 15:18:53 2812 3206 0077 6096 1,000.00 1100243850 1100243850 N/A no LMW 28 00 0 Unassigned Not Fraud
15-05-2018 15:21:59 2812 3206 0077 6096 5.00 1100243850 100001000020437 5999 no WPP 0 00 0 Unassigned Not Fraud
15-05-2018 15:23:34 2812 3206 0077 6096 6.00 1100243850 100001000020437 5999 no WPP 0 00 0 Unassigned Not Fraud
15-05-2018 15:24:40 2812 3206 0077 6096 4.00 1100243850 100001000020437 5999 no WPP 0 00 0 Unassigned Not Fraud
15-05-2018 15:25:57 2812 3200 0000 0000 1.00 1100243850 100001000020437 5999 no WPP 0 05 1 Customer Pending
15-05-2018 15:33:13 2812 3206 0077 6096 6.00 1100243850 1100243850 5999 no WRO 20 00 0 Unassigned Not Fraud
15-05-2018 15:35:00 2812 3206 0077 6096 6.00 1100243850 100001000020437 5999 no WPP 0 00 0 Unassigned Not Fraud
15-05-2018 15:36:21 2812 3200 0000 0000 1.00 1100243850 100001000020437 5999 no WPP 0 05 1 Customer Pending
15-06-2018 12:35:16 NA 2.00 1100243850 100001000014146 5999 no WPP 0 05 0 Unassigned Not Fraud
15-06-2018 12:38:04 1000 00XX XXXX 3645 2.00 1100243850 100001000014146 5999 no WPP 0 00 1 Unassigned Pending'

2018-07-12 10:12:35 - [TEST_STEP][PASSED] - comment: Customer Details Displayed

2018-07-12 10:12:35 - [TEST_STEP][PASSED] - Statement - Customer_Details = com.kms.katalon.core.webui.keyword.WebUiBuiltInKeywords.takeScreenshot(): Taking screenshot successfully

2018-07-12 10:12:36 - [MESSAGE][PASSED] - Taking screenshot successfully
[[ATTACHMENT|C:\\Users\\ankur.jain\\Katalon Studio\\Feedzai_Automation\\Reports\\AM_Test Suite\\20180712_095845\\1531370555699.png]]

2018-07-12 10:12:36 - [TEST_STEP][PASSED] - verifyElementText: Actual text and expected text of test object 'Object Repository/TC_24_36 AM/Cust_id_Validation' are matched.

2018-07-12 10:12:36 - [MESSAGE][PASSED] - Actual text and expected text of test object 'Object Repository/TC_24_36 AM/Cust_id_Validation' are matched.

2018-07-12 10:12:36 - [TEST_STEP][PASSED] - refresh: Refresh successfully

2018-07-12 10:12:36 - [MESSAGE][PASSED] - Refresh successfully

2018-07-12 10:12:36 - [TEST_STEP][PASSED] - delay: Delayed 12 second(s)

2018-07-12 10:12:48 - [MESSAGE][PASSED] - Delayed 12 second(s)]]></system-out>
         <system-err><![CDATA[]]></system-err>
      </testcase>
      <testcase name="Test Cases/Alert Manager Test Cases/Alert Manager_Search Screen/TC25_Validate Advance search through Merchant id" classname="Test Cases/Alert Manager Test Cases/Alert Manager_Search Screen/TC25_Validate Advance search through Merchant id" status="PASSED">
         <system-out><![CDATA[2018-07-12 10:12:48 - [TEST_CASE][PASSED] - Test Cases/Alert Manager Test Cases/Alert Manager_Search Screen/TC25_Validate Advance search through Merchant id: Test Cases/Alert Manager Test Cases/Alert Manager_Search Screen/TC25_Validate Advance search through Merchant id

2018-07-12 10:12:49 - [TEST_STEP][PASSED] - clearText: Text of object 'Object Repository/TC_24_36 AM/Date_input' is cleared

2018-07-12 10:12:49 - [MESSAGE][PASSED] - Text of object 'Object Repository/TC_24_36 AM/Date_input' is cleared

2018-07-12 10:12:49 - [TEST_STEP][PASSED] - click: Object: 'Object Repository/TC_24_36 AM/Done_Button' is clicked on

2018-07-12 10:12:50 - [MESSAGE][PASSED] - Object: 'Object Repository/TC_24_36 AM/Done_Button' is clicked on

2018-07-12 10:12:50 - [TEST_STEP][PASSED] - delay: Delayed 5 second(s)

2018-07-12 10:12:55 - [MESSAGE][PASSED] - Delayed 5 second(s)

2018-07-12 10:12:55 - [TEST_STEP][PASSED] - click: Object: 'Object Repository/TC_24_36 AM/button_Advanced Search' is clicked on

2018-07-12 10:12:55 - [MESSAGE][PASSED] - Object: 'Object Repository/TC_24_36 AM/button_Advanced Search' is clicked on

2018-07-12 10:12:55 - [TEST_STEP][PASSED] - delay: Delayed 2 second(s)

2018-07-12 10:12:57 - [MESSAGE][PASSED] - Delayed 2 second(s)

2018-07-12 10:12:57 - [TEST_STEP][PASSED] - click: Object: 'Object Repository/TC_24_36 AM/Merchant_Input' is clicked on

2018-07-12 10:12:57 - [MESSAGE][PASSED] - Object: 'Object Repository/TC_24_36 AM/Merchant_Input' is clicked on

2018-07-12 10:12:57 - [TEST_STEP][PASSED] - setText: Text '100001000021019' is set on object 'Object Repository/TC_24_36 AM/Input_MerId'

2018-07-12 10:12:58 - [MESSAGE][PASSED] - Text '100001000021019' is set on object 'Object Repository/TC_24_36 AM/Input_MerId'

2018-07-12 10:12:58 - [TEST_STEP][PASSED] - delay: Delayed 5 second(s)

2018-07-12 10:13:03 - [MESSAGE][PASSED] - Delayed 5 second(s)

2018-07-12 10:13:03 - [TEST_STEP][PASSED] - sendKeys: Keys 'ENTER + ' sent to object: 'Object Repository/TC_24_36 AM/Input_MerId'

2018-07-12 10:13:04 - [MESSAGE][PASSED] - Keys 'ENTER + ' sent to object: 'Object Repository/TC_24_36 AM/Input_MerId'

2018-07-12 10:13:04 - [TEST_STEP][PASSED] - delay: Delayed 5 second(s)

2018-07-12 10:13:09 - [MESSAGE][PASSED] - Delayed 5 second(s)

2018-07-12 10:13:09 - [TEST_STEP][PASSED] - click: Object: 'Object Repository/TC_24_36 AM/button_Search' is clicked on

2018-07-12 10:13:09 - [MESSAGE][PASSED] - Object: 'Object Repository/TC_24_36 AM/button_Search' is clicked on

2018-07-12 10:13:09 - [TEST_STEP][PASSED] - getText: Text of object 'Object Repository/TC_24_36 AM/Cust_Details' is: '24-11-2016 15:07:18 2812 3201 2357 3731 10.00 1100022020 100001000021019 5532 no P2M 18 00 0 Unassigned Not Fraud
24-11-2016 16:14:59 2812 3201 6604 8336 10.00 1100022022 100001000021019 5532 no P2M 18 05 1 Unassigned Fraud
30-03-2017 15:47:38 2812 3201 4461 4845 1.00 1100005196 100001000021019 5532 no P2M 18 00 0 Unassigned Not Fraud
12-05-2017 12:59:15 2812 3201 4461 4845 10.00 1100005196 100001000021019 5532 no P2M 18 05 2 Customer Pending
12-05-2017 12:59:57 2812 3201 4461 4845 10.00 1100005196 100001000021019 5532 no P2M 18 05 2 Merchant Pending
23-05-2017 15:34:18 2812 3201 4461 4845 2.00 1100005196 100001000021019 5532 no P2M 18 00 0 Unassigned Not Fraud
06-06-2017 15:17:50 2812 3206 0032 9557 18.00 1100059679 100001000021019 5532 no P2M 18 05 1 Merchant Pending
13-06-2017 10:42:19 2812 3201 4461 4845 10.00 1100005196 100001000021019 5532 no P2M 18 05 1 Unassigned Not Fraud'

2018-07-12 10:13:11 - [MESSAGE][PASSED] - Text of object 'Object Repository/TC_24_36 AM/Cust_Details' is: '24-11-2016 15:07:18 2812 3201 2357 3731 10.00 1100022020 100001000021019 5532 no P2M 18 00 0 Unassigned Not Fraud
24-11-2016 16:14:59 2812 3201 6604 8336 10.00 1100022022 100001000021019 5532 no P2M 18 05 1 Unassigned Fraud
30-03-2017 15:47:38 2812 3201 4461 4845 1.00 1100005196 100001000021019 5532 no P2M 18 00 0 Unassigned Not Fraud
12-05-2017 12:59:15 2812 3201 4461 4845 10.00 1100005196 100001000021019 5532 no P2M 18 05 2 Customer Pending
12-05-2017 12:59:57 2812 3201 4461 4845 10.00 1100005196 100001000021019 5532 no P2M 18 05 2 Merchant Pending
23-05-2017 15:34:18 2812 3201 4461 4845 2.00 1100005196 100001000021019 5532 no P2M 18 00 0 Unassigned Not Fraud
06-06-2017 15:17:50 2812 3206 0032 9557 18.00 1100059679 100001000021019 5532 no P2M 18 05 1 Merchant Pending
13-06-2017 10:42:19 2812 3201 4461 4845 10.00 1100005196 100001000021019 5532 no P2M 18 05 1 Unassigned Not Fraud'

2018-07-12 10:13:11 - [TEST_STEP][PASSED] - comment: Merchant id Details Displayed

2018-07-12 10:13:11 - [TEST_STEP][PASSED] - verifyElementText: Actual text and expected text of test object 'Object Repository/TC_24_36 AM/Mer_id_Valid' are matched.

2018-07-12 10:13:11 - [MESSAGE][PASSED] - Actual text and expected text of test object 'Object Repository/TC_24_36 AM/Mer_id_Valid' are matched.

2018-07-12 10:13:11 - [TEST_STEP][PASSED] - Statement - Merchant_Details = com.kms.katalon.core.webui.keyword.WebUiBuiltInKeywords.takeScreenshot(): Taking screenshot successfully

2018-07-12 10:13:11 - [MESSAGE][PASSED] - Taking screenshot successfully
[[ATTACHMENT|C:\\Users\\ankur.jain\\Katalon Studio\\Feedzai_Automation\\Reports\\AM_Test Suite\\20180712_095845\\1531370591425.png]]

2018-07-12 10:13:11 - [TEST_STEP][PASSED] - refresh: Refresh successfully

2018-07-12 10:13:12 - [MESSAGE][PASSED] - Refresh successfully

2018-07-12 10:13:12 - [TEST_STEP][PASSED] - delay: Delayed 6 second(s)

2018-07-12 10:13:18 - [MESSAGE][PASSED] - Delayed 6 second(s)]]></system-out>
         <system-err><![CDATA[]]></system-err>
      </testcase>
      <testcase name="Test Cases/Alert Manager Test Cases/Alert Manager_Search Screen/TC26_Validate Advance search through channel" classname="Test Cases/Alert Manager Test Cases/Alert Manager_Search Screen/TC26_Validate Advance search through channel" status="PASSED">
         <system-out><![CDATA[2018-07-12 10:13:18 - [TEST_CASE][PASSED] - Test Cases/Alert Manager Test Cases/Alert Manager_Search Screen/TC26_Validate Advance search through channel: Test Cases/Alert Manager Test Cases/Alert Manager_Search Screen/TC26_Validate Advance search through channel

2018-07-12 10:13:19 - [TEST_STEP][PASSED] - clearText: Text of object 'Object Repository/TC_24_36 AM/Date_input' is cleared

2018-07-12 10:13:25 - [MESSAGE][PASSED] - Text of object 'Object Repository/TC_24_36 AM/Date_input' is cleared

2018-07-12 10:13:25 - [TEST_STEP][PASSED] - delay: Delayed 5 second(s)

2018-07-12 10:13:30 - [MESSAGE][PASSED] - Delayed 5 second(s)

2018-07-12 10:13:30 - [TEST_STEP][PASSED] - click: Object: 'Object Repository/TC_24_36 AM/Done_Button' is clicked on

2018-07-12 10:13:30 - [MESSAGE][PASSED] - Object: 'Object Repository/TC_24_36 AM/Done_Button' is clicked on

2018-07-12 10:13:30 - [TEST_STEP][PASSED] - delay: Delayed 5 second(s)

2018-07-12 10:13:35 - [MESSAGE][PASSED] - Delayed 5 second(s)

[...]
Session ID: 28259a5786f6ad90dc3572a17d93d2fd)]]></system-err>
      </testcase>
      <testcase name="Test Cases/Alert Manager Test Cases/Alert Manager_JPB Customer Advance Search/TC47_JPB Profile Search with Customer_number" classname="Test Cases/Alert Manager Test Cases/Alert Manager_JPB Customer Advance Search/TC47_JPB Profile Search with Customer_number" status="PASSED">
         <system-out><![CDATA[2018-07-12 10:21:43 - [TEST_CASE][PASSED] - Test Cases/Alert Manager Test Cases/Alert Manager_JPB Customer Advance Search/TC47_JPB Profile Search with Customer_number: Test Cases/Alert Manager Test Cases/Alert Manager_JPB Customer Advance Search/TC47_JPB Profile Search with Customer_number

2018-07-12 10:21:51 - [TEST_STEP][PASSED] - click: Object: 'Object Repository/TC47_58 AM/Cust_Tab' is clicked on

2018-07-12 10:21:52 - [MESSAGE][PASSED] - Object: 'Object Repository/TC47_58 AM/Cust_Tab' is clicked on

2018-07-12 10:21:52 - [TEST_STEP][PASSED] - click: Object: 'Object Repository/TC47_58 AM/JPB_ComboBox' is clicked on

2018-07-12 10:21:53 - [MESSAGE][PASSED] - Object: 'Object Repository/TC47_58 AM/JPB_ComboBox' is clicked on

2018-07-12 10:21:53 - [TEST_STEP][PASSED] - setText: Text '4000000451' is set on object 'Object Repository/TC47_58 AM/Customer_input'

2018-07-12 10:21:53 - [MESSAGE][PASSED] - Text '4000000451' is set on object 'Object Repository/TC47_58 AM/Customer_input'

2018-07-12 10:21:53 - [TEST_STEP][PASSED] - delay: Delayed 3 second(s)

2018-07-12 10:21:56 - [MESSAGE][PASSED] - Delayed 3 second(s)

2018-07-12 10:21:57 - [TEST_STEP][PASSED] - sendKeys: Keys 'ENTER + ' sent to object: 'Object Repository/TC47_58 AM/Customer_input'

2018-07-12 10:21:57 - [MESSAGE][PASSED] - Keys 'ENTER + ' sent to object: 'Object Repository/TC47_58 AM/Customer_input'

2018-07-12 10:21:57 - [TEST_STEP][PASSED] - comment: JPB Customer Details Displayed]]></system-out>
         <system-err><![CDATA[]]></system-err>
      </testcase>
      <testcase name="Test Cases/Alert Manager Test Cases/Alert Manager_JPB Customer Advance Search/TC48_JPB Customer Details" classname="Test Cases/Alert Manager Test Cases/Alert Manager_JPB Customer Advance Search/TC48_JPB Customer Details" status="PASSED">
         <system-out><![CDATA[2018-07-12 10:21:57 - [TEST_CASE][PASSED] - Test Cases/Alert Manager Test Cases/Alert Manager_JPB Customer Advance Search/TC48_JPB Customer Details: Test Cases/Alert Manager Test Cases/Alert Manager_JPB Customer Advance Search/TC48_JPB Customer Details

2018-07-12 10:21:58 - [TEST_STEP][PASSED] - verifyElementText: Actual text and expected text of test object 'Object Repository/TC47_58 AM/Cust_Name' are matched.

2018-07-12 10:21:58 - [MESSAGE][PASSED] - Actual text and expected text of test object 'Object Repository/TC47_58 AM/Cust_Name' are matched.

2018-07-12 10:21:58 - [TEST_STEP][PASSED] - verifyElementText: Actual text and expected text of test object 'Object Repository/TC47_58 AM/Cust-id' are matched.

2018-07-12 10:21:58 - [MESSAGE][PASSED] - Actual text and expected text of test object 'Object Repository/TC47_58 AM/Cust-id' are matched.

2018-07-12 10:21:58 - [TEST_STEP][PASSED] - verifyElementText: Actual text and expected text of test object 'Object Repository/TC47_58 AM/Risk_Details' are matched.

2018-07-12 10:21:58 - [MESSAGE][PASSED] - Actual text and expected text of test object 'Object Repository/TC47_58 AM/Risk_Details' are matched.

2018-07-12 10:21:58 - [TEST_STEP][PASSED] - comment: JPB Customer Detail Validated Sucesfully

2018-07-12 10:21:58 - [TEST_STEP][PASSED] - Statement - JPB_CustDetails = com.kms.katalon.core.webui.keyword.WebUiBuiltInKeywords.takeScreenshot(): Taking screenshot successfully

2018-07-12 10:21:59 - [MESSAGE][PASSED] - Taking screenshot successfully
[[ATTACHMENT|C:\\Users\\ankur.jain\\Katalon Studio\\Feedzai_Automation\\Reports\\AM_Test Suite\\20180712_095845\\1531371118823.png]]]]></system-out>
         <system-err><![CDATA[]]></system-err>
      </testcase>
      <testcase name="Test Cases/Alert Manager Test Cases/Alert Manager_JPB Customer Advance Search/TC49_JPB Profile Search with Account_number" classname="Test Cases/Alert Manager Test Cases/Alert Manager_JPB Customer Advance Search/TC49_JPB Profile Search with Account_number" status="PASSED">
         <system-out><![CDATA[2018-07-12 10:21:59 - [TEST_CASE][PASSED] - Test Cases/Alert Manager Test Cases/Alert Manager_JPB Customer Advance Search/TC49_JPB Profile Search with Account_number: Test Cases/Alert Manager Test Cases/Alert Manager_JPB Customer Advance Search/TC49_JPB Profile Search with Account_number

2018-07-12 10:21:59 - [TEST_STEP][PASSED] - click: Object: 'Object Repository/TC47_58 AM/Cust_Tab' is clicked on

2018-07-12 10:22:00 - [MESSAGE][PASSED] - Object: 'Object Repository/TC47_58 AM/Cust_Tab' is clicked on

2018-07-12 10:22:00 - [TEST_STEP][PASSED] - click: Object: 'Object Repository/TC47_58 AM/JPB_ComboBox' is clicked on

2018-07-12 10:22:00 - [MESSAGE][PASSED] - Object: 'Object Repository/TC47_58 AM/JPB_ComboBox' is clicked on

2018-07-12 10:22:00 - [TEST_STEP][PASSED] - setText: Text '30000001021502' is set on object 'Object Repository/TC47_58 AM/Customer_input'

2018-07-12 10:22:02 - [MESSAGE][PASSED] - Text '30000001021502' is set on object 'Object Repository/TC47_58 AM/Customer_input'

2018-07-12 10:22:02 - [TEST_STEP][PASSED] - delay: Delayed 3 second(s)

2018-07-12 10:22:05 - [MESSAGE][PASSED] - Delayed 3 second(s)

2018-07-12 10:22:05 - [TEST_STEP][PASSED] - sendKeys: Keys 'ENTER + ' sent to object: 'Object Repository/TC47_58 AM/Customer_input'

2018-07-12 10:22:05 - [MESSAGE][PASSED] - Keys 'ENTER + ' sent to object: 'Object Repository/TC47_58 AM/Customer_input'

2018-07-12 10:22:05 - [TEST_STEP][PASSED] - comment: JPB Customer Details through id is Displayed]]></system-out>
         <system-err><![CDATA[]]></system-err>
      </testcase>
      <testcase name="Test Cases/Alert Manager Test Cases/Alert Manager_JPB Customer Advance Search/TC50_JPB Account Details" classname="Test Cases/Alert Manager Test Cases/Alert Manager_JPB Customer Advance Search/TC50_JPB Account Details" status="PASSED">
         <system-out><![CDATA[2018-07-12 10:22:05 - [TEST_CASE][PASSED] - Test Cases/Alert Manager Test Cases/Alert Manager_JPB Customer Advance Search/TC50_JPB Account Details: Test Cases/Alert Manager Test Cases/Alert Manager_JPB Customer Advance Search/TC50_JPB Account Details

2018-07-12 10:22:06 - [TEST_STEP][PASSED] - verifyElementText: Actual text and expected text of test object 'Object Repository/TC47_58 AM/POI_Name' are matched.

2018-07-12 10:22:06 - [MESSAGE][PASSED] - Actual text and expected text of test object 'Object Repository/TC47_58 AM/POI_Name' are matched.

2018-07-12 10:22:06 - [TEST_STEP][PASSED] - comment: JPB Customer Detail trhough account no is Validated Sucesfully

2018-07-12 10:22:06 - [TEST_STEP][PASSED] - Statement - JPB_CustDetails_Id = com.kms.katalon.core.webui.keyword.WebUiBuiltInKeywords.takeScreenshot(): Taking screenshot successfully

2018-07-12 10:22:06 - [MESSAGE][PASSED] - Taking screenshot successfully
[[ATTACHMENT|C:\\Users\\ankur.jain\\Katalon Studio\\Feedzai_Automation\\Reports\\AM_Test Suite\\20180712_095845\\1531371126336.png]]]]></system-out>
         <system-err><![CDATA[]]></system-err>
      </testcase>
      <testcase name="Test Cases/Alert Manager Test Cases/Alert Manager_JPB Customer Advance Search/TC51_JPB Customer activity period details" classname="Test Cases/Alert Manager Test Cases/Alert Manager_JPB Customer Advance Search/TC51_JPB Customer activity period details" status="PASSED">
         <system-out><![CDATA[2018-07-12 10:22:06 - [TEST_CASE][PASSED] - Test Cases/Alert Manager Test Cases/Alert Manager_JPB Customer Advance Search/TC51_JPB Customer activity period details: Test Cases/Alert Manager Test Cases/Alert Manager_JPB Customer Advance Search/TC51_JPB Customer activity period details

2018-07-12 10:22:07 - [TEST_STEP][PASSED] - getText: Text of object 'Object Repository/TC47_58 AM/Customer_Activity Period' is: 'Account Number
Account Type
From Date
To Date
Period
30000001021502
FULL-PPI
08-03-2018
Unknown
N/A
30000001021510
SA-PPI
08-03-2018
12-03-2018 15:43:37
5 days
30000001021510
SA-PPI
08-03-2018
12-03-2018 15:43:37
5 days
30000001021502
FULL-PPI
08-03-2018
Unknown
N/A'

2018-07-12 10:22:07 - [MESSAGE][PASSED] - Text of object 'Object Repository/TC47_58 AM/Customer_Activity Period' is: 'Account Number
Account Type
From Date
To Date
Period
30000001021502
FULL-PPI
08-03-2018
Unknown
N/A
30000001021510
SA-PPI
08-03-2018
12-03-2018 15:43:37
5 days
30000001021510
SA-PPI
08-03-2018
12-03-2018 15:43:37
5 days
30000001021502
FULL-PPI
08-03-2018
Unknown
N/A'

2018-07-12 10:22:07 - [TEST_STEP][PASSED] - comment: Customer activity period details are displayed

2018-07-12 10:22:07 - [TEST_STEP][PASSED] - Statement - Cust_Activity_Period = com.kms.katalon.core.webui.keyword.WebUiBuiltInKeywords.takeScreenshot(): Taking screenshot successfully

2018-07-12 10:22:08 - [MESSAGE][PASSED] - Taking screenshot successfully
[[ATTACHMENT|C:\\Users\\ankur.jain\\Katalon Studio\\Feedzai_Automation\\Reports\\AM_Test Suite\\20180712_095845\\1531371127610.png]]]]></system-out>
         <system-err><![CDATA[]]></system-err>
      </testcase>
      <testcase name="Test Cases/Alert Manager Test Cases/Alert Manager_JPB Customer Advance Search/TC52_JPB Customer transactions Details" classname="Test Cases/Alert Manager Test Cases/Alert Manager_JPB Customer Advance Search/TC52_JPB Customer transactions Details" status="PASSED">
         <system-out><![CDATA[2018-07-12 10:22:08 - [TEST_CASE][PASSED] - Test Cases/Alert Manager Test Cases/Alert Manager_JPB Customer Advance Search/TC52_JPB Customer transactions Details: Test Cases/Alert Manager Test Cases/Alert Manager_JPB Customer Advance Search/TC52_JPB Customer transactions Details

2018-07-12 10:22:08 - [TEST_STEP][PASSED] - getText: Text of object 'Object Repository/TC47_58 AM/Cust_TransDetails' is: 'Number of Transactions
2
Total Amount (₹)
5,500.00
Average Amount (₹)
2,750.00
Amount Std. Deviation (₹)
3,181.98'

2018-07-12 10:22:08 - [MESSAGE][PASSED] - Text of object 'Object Repository/TC47_58 AM/Cust_TransDetails' is: 'Number of Transactions
2
Total Amount (₹)
5,500.00
Average Amount (₹)
2,750.00
Amount Std. Deviation (₹)
3,181.98'

2018-07-12 10:22:08 - [TEST_STEP][PASSED] - comment: Customer Transcation details displayed]]></system-out>
         <system-err><![CDATA[]]></system-err>
      </testcase>
      <testcase name="Test Cases/Alert Manager Test Cases/Alert Manager_JPB Customer Advance Search/TC53_JPB Customer Fraud Details" classname="Test Cases/Alert Manager Test Cases/Alert Manager_JPB Customer Advance Search/TC53_JPB Customer Fraud Details" status="PASSED">
         <system-out><![CDATA[2018-07-12 10:22:09 - [TEST_CASE][PASSED] - Test Cases/Alert Manager Test Cases/Alert Manager_JPB Customer Advance Search/TC53_JPB Customer Fraud Details: Test Cases/Alert Manager Test Cases/Alert Manager_JPB Customer Advance Search/TC53_JPB Customer Fraud Details

2018-07-12 10:22:09 - [TEST_STEP][PASSED] - getText: Text of object 'Object Repository/TC47_58 AM/Cust_FraudDetails' is: 'Number of Transactions
0
Amount (₹)
0.00
Average Amount (₹)
0.00
Amount Std. Deviation (₹)
0.00'

2018-07-12 10:22:09 - [MESSAGE][PASSED] - Text of object 'Object Repository/TC47_58 AM/Cust_FraudDetails' is: 'Number of Transactions
0
Amount (₹)
0.00
Average Amount (₹)
0.00
Amount Std. Deviation (₹)
0.00'

2018-07-12 10:22:09 - [TEST_STEP][PASSED] - comment: Customer Fraud Details Displayed]]></system-out>
         <system-err><![CDATA[]]></system-err>
      </testcase>
      <testcase name="Test Cases/Alert Manager Test Cases/Alert Manager_JPB Customer Advance Search/TC54_JPB Transactions Transaction Density Details" classname="Test Cases/Alert Manager Test Cases/Alert Manager_JPB Customer Advance Search/TC54_JPB Transactions Transaction Density Details" status="PASSED">
         <system-out><![CDATA[2018-07-12 10:22:09 - [TEST_CASE][PASSED] - Test Cases/Alert Manager Test Cases/Alert Manager_JPB Customer Advance Search/TC54_JPB Transactions Transaction Density Details: Test Cases/Alert Manager Test Cases/Alert Manager_JPB Customer Advance Search/TC54_JPB Transactions Transaction Density Details

2018-07-12 10:22:10 - [TEST_STEP][PASSED] - verifyElementPresent: Object 'Object Repository/TC47_58 AM/Cust_TransDensity' is present

2018-07-12 10:22:10 - [MESSAGE][WARNING] - Timeout '0' is invalid. Using default page load timeout: '30'

2018-07-12 10:22:10 - [MESSAGE][PASSED] - Object 'Object Repository/TC47_58 AM/Cust_TransDensity' is present

2018-07-12 10:22:10 - [TEST_STEP][PASSED] - comment: Customer Transaction Density displayed]]></system-out>
         <system-err><![CDATA[]]></system-err>
      </testcase>
      <testcase name="Test Cases/Alert Manager Test Cases/Alert Manager_JPB Customer Advance Search/TC55_JPB Customer transaction Statistic" classname="Test Cases/Alert Manager Test Cases/Alert Manager_JPB Customer Advance Search/TC55_JPB Customer transaction Statistic" status="PASSED">
         <system-out><![CDATA[2018-07-12 10:22:10 - [TEST_CASE][PASSED] - Test Cases/Alert Manager Test Cases/Alert Manager_JPB Customer Advance Search/TC55_JPB Customer transaction Statistic: Test Cases/Alert Manager Test Cases/Alert Manager_JPB Customer Advance Search/TC55_JPB Customer transaction Statistic

2018-07-12 10:22:10 - [TEST_STEP][PASSED] - verifyElementPresent: Object 'Object Repository/TC47_58 AM/Cust_Transcation Stat' is present

2018-07-12 10:22:11 - [MESSAGE][WARNING] - Timeout '0' is invalid. Using default page load timeout: '30'

2018-07-12 10:22:11 - [MESSAGE][PASSED] - Object 'Object Repository/TC47_58 AM/Cust_Transcation Stat' is present

2018-07-12 10:22:11 - [TEST_STEP][PASSED] - comment: Customer Transcation Stats Displayed]]></system-out>
         <system-err><![CDATA[]]></system-err>
      </testcase>
      <testcase name="Test Cases/Alert Manager Test Cases/Alert Manager_JPB Customer Advance Search/TC56_JPB Customer transaction History" classname="Test Cases/Alert Manager Test Cases/Alert Manager_JPB Customer Advance Search/TC56_JPB Customer transaction History" status="PASSED">
         <system-out><![CDATA[2018-07-12 10:22:11 - [TEST_CASE][PASSED] - Test Cases/Alert Manager Test Cases/Alert Manager_JPB Customer Advance Search/TC56_JPB Customer transaction History: Test Cases/Alert Manager Test Cases/Alert Manager_JPB Customer Advance Search/TC56_JPB Customer transaction History

2018-07-12 10:22:11 - [TEST_STEP][PASSED] - verifyElementPresent: Object 'Object Repository/TC47_58 AM/Cust_TransHistory' is present

2018-07-12 10:22:11 - [MESSAGE][WARNING] - Timeout '0' is invalid. Using default page load timeout: '30'

2018-07-12 10:22:11 - [MESSAGE][PASSED] - Object 'Object Repository/TC47_58 AM/Cust_TransHistory' is present]]></system-out>
         <system-err><![CDATA[]]></system-err>
      </testcase>
      <testcase name="Test Cases/Alert Manager Test Cases/Alert Manager_JPB Customer Advance Search/TC57_JPB Customer Status Log Details" classname="Test Cases/Alert Manager Test Cases/Alert Manager_JPB Customer Advance Search/TC57_JPB Customer Status Log Details" status="PASSED">
         <system-out><![CDATA[2018-07-12 10:22:11 - [TEST_CASE][PASSED] - Test Cases/Alert Manager Test Cases/Alert Manager_JPB Customer Advance Search/TC57_JPB Customer Status Log Details: Test Cases/Alert Manager Test Cases/Alert Manager_JPB Customer Advance Search/TC57_JPB Customer Status Log Details

2018-07-12 10:22:12 - [TEST_STEP][PASSED] - click: Object: 'Object Repository/TC47_58 AM/StatusLog' is clicked on

2018-07-12 10:22:12 - [MESSAGE][PASSED] - Object: 'Object Repository/TC47_58 AM/StatusLog' is clicked on

2018-07-12 10:22:12 - [TEST_STEP][PASSED] - click: Object: 'Object Repository/TC47_58 AM/SerachButton' is clicked on

2018-07-12 10:22:13 - [MESSAGE][PASSED] - Object: 'Object Repository/TC47_58 AM/SerachButton' is clicked on

2018-07-12 10:22:13 - [TEST_STEP][PASSED] - verifyElementPresent: Object 'Object Repository/TC47_58 AM/History' is present

2018-07-12 10:22:13 - [MESSAGE][WARNING] - Timeout '0' is invalid. Using default page load timeout: '30'

2018-07-12 10:22:13 - [MESSAGE][PASSED] - Object 'Object Repository/TC47_58 AM/History' is present

2018-07-12 10:22:13 - [TEST_STEP][PASSED] - comment: Customer transaction History is not displayed

2018-07-12 10:22:13 - [TEST_STEP][PASSED] - click: Object: 'Object Repository/TC47_58 AM/Close_Button' is clicked on

2018-07-12 10:22:13 - [MESSAGE][PASSED] - Object: 'Object Repository/TC47_58 AM/Close_Button' is clicked on]]></system-out>
         <system-err><![CDATA[]]></system-err>
      </testcase>
      <testcase name="Test Cases/Alert Manager Test Cases/Alert Manager_JPB Customer Advance Search/TC58_JPB-Jio Money Customer Search" classname="Test Cases/Alert Manager Test Cases/Alert Manager_JPB Customer Advance Search/TC58_JPB-Jio Money Customer Search" status="PASSED">
         <system-out><![CDATA[2018-07-12 10:22:13 - [TEST_CASE][PASSED] - Test Cases/Alert Manager Test Cases/Alert Manager_JPB Customer Advance Search/TC58_JPB-Jio Money Customer Search: Test Cases/Alert Manager Test Cases/Alert Manager_JPB Customer Advance Search/TC58_JPB-Jio Money Customer Search

2018-07-12 10:22:14 - [TEST_STEP][PASSED] - click: Object: 'Object Repository/TC47_58 AM/Cust_Tab' is clicked on

2018-07-12 10:22:15 - [MESSAGE][PASSED] - Object: 'Object Repository/TC47_58 AM/Cust_Tab' is clicked on

2018-07-12 10:22:15 - [TEST_STEP][PASSED] - click: Object: 'Object Repository/TC47_58 AM/JM_Combobox' is clicked on

2018-07-12 10:22:15 - [MESSAGE][PASSED] - Object: 'Object Repository/TC47_58 AM/JM_Combobox' is clicked on

2018-07-12 10:22:15 - [TEST_STEP][PASSED] - setText: Text '1100205989' is set on object 'Object Repository/TC47_58 AM/Customer_input'

2018-07-12 10:22:16 - [MESSAGE][PASSED] - Text '1100205989' is set on object 'Object Repository/TC47_58 AM/Customer_input'

2018-07-12 10:22:16 - [TEST_STEP][PASSED] - delay: Delayed 3 second(s)

2018-07-12 10:22:19 - [MESSAGE][PASSED] - Delayed 3 second(s)

2018-07-12 10:22:19 - [TEST_STEP][PASSED] - sendKeys: Keys 'ENTER + ' sent to object: 'Object Repository/TC47_58 AM/Customer_input'

2018-07-12 10:22:19 - [MESSAGE][PASSED] - Keys 'ENTER + ' sent to object: 'Object Repository/TC47_58 AM/Customer_input'

2018-07-12 10:22:19 - [TEST_STEP][PASSED] - verifyElementPresent: Object 'Object Repository/TC47_58 AM/Cust_TransHistory' is present

2018-07-12 10:22:19 - [MESSAGE][WARNING] - Timeout '0' is invalid. Using default page load timeout: '30'

2018-07-12 10:22:19 - [MESSAGE][PASSED] - Object 'Object Repository/TC47_58 AM/Cust_TransHistory' is present

2018-07-12 10:22:19 - [TEST_STEP][PASSED] - comment: Jio Money Customer  History is displayed]]></system-out>
         <system-err><![CDATA[]]></system-err>
      </testcase>
      <system-out><![CDATA[2018-07-12 10:02:01 - [TEST_SUITE][FAILED] - AM_Test Suite: Test Cases/Alert Manager Test Cases/AM_Merchant Search Home Screen/TC19_Validation of Enter MerchantNo FAILED because (of) com.kms.katalon.core.webui.exception.WebElementNotFoundException: Web element with id: 'Object Repository/TC_19_20 AM/Merchant_MobileNo_Validation' located by 'By.xpath: //html//div[4]/div[1]/div[2]' not found]]></system-out>
      <system-err><![CDATA[2018-07-12 10:02:01 - [TEST_SUITE][FAILED] - AM_Test Suite: Test Cases/Alert Manager Test Cases/AM_Merchant Search Home Screen/TC19_Validation of Enter MerchantNo FAILED because (of) com.kms.katalon.core.webui.exception.WebElementNotFoundException: Web element with id: 'Object Repository/TC_19_20 AM/Merchant_MobileNo_Validation' located by 'By.xpath: //html//div[4]/div[1]/div[2]' not found]]></system-err>
   </testsuite>
</testsuites>
