<?xml version="1.0" encoding="UTF-8"?>
<testsuites name="AM_Test Suite" time="129" tests="3" failures="1" errors="0">
   <testsuite name="AM_Test Suite" tests="3" failures="1" errors="0" time="129" timestamp="2018-07-03 12:20:40" hostname="Ankur.Jain - LT0021232.in.ril.com" id="Test Suites/AM_Test Suite">
      <properties>
         <property name="deviceName" value=""/>
         <property name="devicePlatform" value=""/>
         <property name="logFolder" value="C:\\Users\\ankur.jain\\Katalon Studio\\Feedzai_Automation\\Reports\\AM_Test Suite\\20180703_122034"/>
         <property name="logFiles" value="C:\\Users\\ankur.jain\\Katalon Studio\\Feedzai_Automation\\Reports\\AM_Test Suite\\20180703_122034\\execution0.log"/>
         <property name="attachments" value="C:\\Users\\ankur.jain\\Katalon Studio\\Feedzai_Automation\\Reports\\AM_Test Suite\\20180703_122034\\1530600746830.png"/>
         <property name="hostName" value="Ankur.Jain - LT0021232.in.ril.com"/>
         <property name="os" value="Windows 7 64bit"/>
         <property name="katalonVersion" value="5.4.2.1"/>
         <property name="browser" value="Chrome 67.0.3396.99"/>
         <property name="hostAddress" value="10.50.88.74"/>
         <property name="sessionId" value="0d32d0400e94e21c0654f6a5200c1837"/>
         <property name="seleniumVersion" value="3.7.1"/>
         <property name="proxyInformation" value="ProxyInformation{proxyOption=NO_PROXY, proxyServerType=HTTP, password=, proxyServerAddress=, proxyServerPort=0}"/>
         <property name="platform" value="Windows 7"/>
      </properties>
      <testcase name="Test Cases/Alert Manager Test Cases/Alert Manager_Login" classname="Test Cases/Alert Manager Test Cases/Alert Manager_Login" status="PASSED">
         <system-out><![CDATA[2018-07-03 12:20:41 - [TEST_CASE][PASSED] - Test Cases/Alert Manager Test Cases/Alert Manager_Login: Test Cases/Alert Manager Test Cases/Alert Manager_Login

2018-07-03 12:20:42 - [TEST_STEP][PASSED] - openBrowser: Browser is opened with url: ''

2018-07-03 12:20:51 - [MESSAGE][PASSED] - Browser is opened with url: ''

2018-07-03 12:20:51 - [TEST_STEP][PASSED] - maximizeWindow: Current window maximized

2018-07-03 12:20:52 - [MESSAGE][PASSED] - Current window maximized

2018-07-03 12:20:52 - [TEST_STEP][PASSED] - navigateToUrl: Navigate to 'https://10.130.236.51/#login' successfully

2018-07-03 12:20:54 - [MESSAGE][PASSED] - Navigate to 'https://10.130.236.51/#login' successfully

2018-07-03 12:20:54 - [TEST_STEP][PASSED] - delay: Delayed 20 second(s)

2018-07-03 12:21:14 - [MESSAGE][PASSED] - Delayed 20 second(s)

2018-07-03 12:21:14 - [TEST_STEP][PASSED] - setText: Text 'Ankur.Jain' is set on object 'Object Repository/TC_01-03_AM/input'

2018-07-03 12:21:15 - [MESSAGE][PASSED] - Text 'Ankur.Jain' is set on object 'Object Repository/TC_01-03_AM/input'

2018-07-03 12:21:15 - [TEST_STEP][PASSED] - setText: Text 'Word02Pass' is set on object 'Object Repository/TC_01-03_AM/input_1'

2018-07-03 12:21:16 - [MESSAGE][PASSED] - Text 'Word02Pass' is set on object 'Object Repository/TC_01-03_AM/input_1'

2018-07-03 12:21:16 - [TEST_STEP][PASSED] - click: Object: 'Object Repository/TC_01-03_AM/button_Sign In' is clicked on

2018-07-03 12:21:16 - [MESSAGE][PASSED] - Object: 'Object Repository/TC_01-03_AM/button_Sign In' is clicked on]]></system-out>
         <system-err><![CDATA[]]></system-err>
      </testcase>
      <testcase name="Test Cases/Alert Manager Test Cases/Alert Manager_View Trans Details/TC05_MARK Transaction AS NOT FRAUD" classname="Test Cases/Alert Manager Test Cases/Alert Manager_View Trans Details/TC05_MARK Transaction AS NOT FRAUD" status="PASSED">
         <system-out><![CDATA[2018-07-03 12:21:16 - [TEST_CASE][PASSED] - Test Cases/Alert Manager Test Cases/Alert Manager_View Trans Details/TC05_MARK Transaction AS NOT FRAUD: Test Cases/Alert Manager Test Cases/Alert Manager_View Trans Details/TC05_MARK Transaction AS NOT FRAUD

2018-07-03 12:21:17 - [TEST_STEP][PASSED] - click: Object: 'Object Repository/TC05_AM/a_Merchant' is clicked on

2018-07-03 12:21:18 - [MESSAGE][PASSED] - Object: 'Object Repository/TC05_AM/a_Merchant' is clicked on

2018-07-03 12:21:18 - [TEST_STEP][PASSED] - click: Object: 'Object Repository/TC05_AM/span_Alerts' is clicked on

2018-07-03 12:21:18 - [MESSAGE][PASSED] - Object: 'Object Repository/TC05_AM/span_Alerts' is clicked on

2018-07-03 12:21:18 - [TEST_STEP][PASSED] - click: Object: 'Object Repository/TC05_AM/i_glyphicon glyphicon-eye-open' is clicked on

2018-07-03 12:21:30 - [MESSAGE][PASSED] - Object: 'Object Repository/TC05_AM/i_glyphicon glyphicon-eye-open' is clicked on

2018-07-03 12:21:30 - [TEST_STEP][PASSED] - delay: Delayed 2 second(s)

2018-07-03 12:21:32 - [MESSAGE][PASSED] - Delayed 2 second(s)

2018-07-03 12:21:32 - [TEST_STEP][PASSED] - click: Object: 'Object Repository/TC05_AM/button_Fraud' is clicked on

2018-07-03 12:21:32 - [MESSAGE][PASSED] - Object: 'Object Repository/TC05_AM/button_Fraud' is clicked on

2018-07-03 12:21:32 - [TEST_STEP][PASSED] - delay: Delayed 3 second(s)

2018-07-03 12:21:35 - [MESSAGE][PASSED] - Delayed 3 second(s)

2018-07-03 12:21:35 - [TEST_STEP][PASSED] - setText: Text 'Not Fraud' is set on object 'Object Repository/TC05_AM/textarea_observation'

2018-07-03 12:21:36 - [MESSAGE][PASSED] - Text 'Not Fraud' is set on object 'Object Repository/TC05_AM/textarea_observation'

2018-07-03 12:21:36 - [TEST_STEP][PASSED] - click: Object: 'Object Repository/TC05_AM/button_Fraud_1' is clicked on

2018-07-03 12:21:36 - [MESSAGE][PASSED] - Object: 'Object Repository/TC05_AM/button_Fraud_1' is clicked on

2018-07-03 12:21:36 - [TEST_STEP][PASSED] - delay: Delayed 3 second(s)

2018-07-03 12:21:39 - [MESSAGE][PASSED] - Delayed 3 second(s)]]></system-out>
         <system-err><![CDATA[]]></system-err>
      </testcase>
      <testcase name="Test Cases/Alert Manager Test Cases/Alert Manager_View Trans Details/TC06_Mark Transaction Fraud" classname="Test Cases/Alert Manager Test Cases/Alert Manager_View Trans Details/TC06_Mark Transaction Fraud" status="FAILED">
         <failure type="FAILED" message="Unable to set text 'Fraud' of object 'Object Repository/TC05_AM/textarea_observation' (Root cause: com.kms.katalon.core.webui.exception.WebElementNotFoundException: Web element with id: 'Object Repository/TC05_AM/textarea_observation' located by 'By.xpath: //textarea[@name = 'observation' and @placeholder = 'Enter observation.']' not found)"/>
         <system-out><![CDATA[2018-07-03 12:21:39 - [TEST_CASE][FAILED] - Test Cases/Alert Manager Test Cases/Alert Manager_View Trans Details/TC06_Mark Transaction Fraud: Test Cases/Alert Manager Test Cases/Alert Manager_View Trans Details/TC06_Mark Transaction Fraud FAILED because (of) Unable to set text 'Fraud' of object 'Object Repository/TC05_AM/textarea_observation' (Root cause: com.kms.katalon.core.webui.exception.WebElementNotFoundException: Web element with id: 'Object Repository/TC05_AM/textarea_observation' located by 'By.xpath: //textarea[@name = 'observation' and @placeholder = 'Enter observation.']' not found)

2018-07-03 12:21:40 - [TEST_STEP][PASSED] - click: Object: 'Object Repository/TC05_AM/a_Merchant' is clicked on

2018-07-03 12:21:40 - [MESSAGE][PASSED] - Object: 'Object Repository/TC05_AM/a_Merchant' is clicked on

2018-07-03 12:21:40 - [TEST_STEP][PASSED] - click: Object: 'Object Repository/TC05_AM/span_Alerts' is clicked on

2018-07-03 12:21:40 - [MESSAGE][PASSED] - Object: 'Object Repository/TC05_AM/span_Alerts' is clicked on

2018-07-03 12:21:40 - [TEST_STEP][PASSED] - delay: Delayed 2 second(s)

2018-07-03 12:21:42 - [MESSAGE][PASSED] - Delayed 2 second(s)

2018-07-03 12:21:42 - [TEST_STEP][PASSED] - click: Object: 'Object Repository/TC05_AM/i_glyphicon glyphicon-eye-open' is clicked on

2018-07-03 12:21:53 - [MESSAGE][PASSED] - Object: 'Object Repository/TC05_AM/i_glyphicon glyphicon-eye-open' is clicked on

2018-07-03 12:21:53 - [TEST_STEP][PASSED] - delay: Delayed 2 second(s)

2018-07-03 12:21:55 - [MESSAGE][PASSED] - Delayed 2 second(s)

2018-07-03 12:21:55 - [TEST_STEP][FAILED] - setText: Unable to set text 'Fraud' of object 'Object Repository/TC05_AM/textarea_observation' (Root cause: com.kms.katalon.core.webui.exception.WebElementNotFoundException: Web element with id: 'Object Repository/TC05_AM/textarea_observation' located by 'By.xpath: //textarea[@name = 'observation' and @placeholder = 'Enter observation.']' not found)

2018-07-03 12:22:27 - [MESSAGE][FAILED] - Unable to set text 'Fraud' of object 'Object Repository/TC05_AM/textarea_observation' (Root cause: com.kms.katalon.core.webui.exception.WebElementNotFoundException: Web element with id: 'Object Repository/TC05_AM/textarea_observation' located by 'By.xpath: //textarea[@name = 'observation' and @placeholder = 'Enter observation.']' not found)
[[ATTACHMENT|C:\\Users\\ankur.jain\\Katalon Studio\\Feedzai_Automation\\Reports\\AM_Test Suite\\20180703_122034\\1530600746830.png]]]]></system-out>
         <system-err><![CDATA[2018-07-03 12:21:39 - [TEST_CASE][FAILED] - Test Cases/Alert Manager Test Cases/Alert Manager_View Trans Details/TC06_Mark Transaction Fraud: Test Cases/Alert Manager Test Cases/Alert Manager_View Trans Details/TC06_Mark Transaction Fraud FAILED because (of) Unable to set text 'Fraud' of object 'Object Repository/TC05_AM/textarea_observation' (Root cause: com.kms.katalon.core.webui.exception.WebElementNotFoundException: Web element with id: 'Object Repository/TC05_AM/textarea_observation' located by 'By.xpath: //textarea[@name = 'observation' and @placeholder = 'Enter observation.']' not found)]]></system-err>
      </testcase>
      <testcase name="Test Cases/Alert Manager Test Cases/Alert Manager_View Trans Details/TC07_Mark Transaction Suspicious" classname="Test Cases/Alert Manager Test Cases/Alert Manager_View Trans Details/TC07_Mark Transaction Suspicious" status="PASSED">
         <system-out><![CDATA[2018-07-03 12:22:27 - [TEST_CASE][PASSED] - Test Cases/Alert Manager Test Cases/Alert Manager_View Trans Details/TC07_Mark Transaction Suspicious: Test Cases/Alert Manager Test Cases/Alert Manager_View Trans Details/TC07_Mark Transaction Suspicious

2018-07-03 12:22:28 - [TEST_STEP][PASSED] - click: Object: 'Object Repository/TC05_AM/a_Merchant' is clicked on

2018-07-03 12:22:28 - [MESSAGE][PASSED] - Object: 'Object Repository/TC05_AM/a_Merchant' is clicked on

2018-07-03 12:22:28 - [TEST_STEP][PASSED] - click: Object: 'Object Repository/TC05_AM/span_Alerts' is clicked on

2018-07-03 12:22:28 - [MESSAGE][PASSED] - Object: 'Object Repository/TC05_AM/span_Alerts' is clicked on

2018-07-03 12:22:28 - [TEST_STEP][PASSED] - click: Object: 'Object Repository/TC05_AM/i_glyphicon glyphicon-eye-open' is clicked on

2018-07-03 12:22:40 - [MESSAGE][PASSED] - Object: 'Object Repository/TC05_AM/i_glyphicon glyphicon-eye-open' is clicked on

2018-07-03 12:22:40 - [TEST_STEP][PASSED] - delay: Delayed 2 second(s)

2018-07-03 12:22:42 - [MESSAGE][PASSED] - Delayed 2 second(s)

2018-07-03 12:22:42 - [TEST_STEP][PASSED] - click: Object: 'Object Repository/TC05_AM/button_Suspicious' is clicked on

2018-07-03 12:22:43 - [MESSAGE][PASSED] - Object: 'Object Repository/TC05_AM/button_Suspicious' is clicked on

2018-07-03 12:22:43 - [TEST_STEP][PASSED] - delay: Delayed 2 second(s)

2018-07-03 12:22:45 - [MESSAGE][PASSED] - Delayed 2 second(s)

2018-07-03 12:22:45 - [TEST_STEP][PASSED] - setText: Text 'Suspious' is set on object 'Object Repository/TC05_AM/textarea_observation'

2018-07-03 12:22:45 - [MESSAGE][PASSED] - Text 'Suspious' is set on object 'Object Repository/TC05_AM/textarea_observation'

2018-07-03 12:22:45 - [TEST_STEP][PASSED] - delay: Delayed 2 second(s)

2018-07-03 12:22:47 - [MESSAGE][PASSED] - Delayed 2 second(s)

2018-07-03 12:22:47 - [TEST_STEP][PASSED] - click: Object: 'Object Repository/TC_04_Pulse/button_Suspicious' is clicked on

2018-07-03 12:22:48 - [MESSAGE][PASSED] - Object: 'Object Repository/TC_04_Pulse/button_Suspicious' is clicked on]]></system-out>
         <system-err><![CDATA[]]></system-err>
      </testcase>
      <system-out><![CDATA[2018-07-03 12:20:40 - [TEST_SUITE][FAILED] - AM_Test Suite: Test Cases/Alert Manager Test Cases/Alert Manager_View Trans Details/TC06_Mark Transaction Fraud FAILED because (of) Unable to set text 'Fraud' of object 'Object Repository/TC05_AM/textarea_observation' (Root cause: com.kms.katalon.core.webui.exception.WebElementNotFoundException: Web element with id: 'Object Repository/TC05_AM/textarea_observation' located by 'By.xpath: //textarea[@name = 'observation' and @placeholder = 'Enter observation.']' not found)]]></system-out>
      <system-err><![CDATA[2018-07-03 12:20:40 - [TEST_SUITE][FAILED] - AM_Test Suite: Test Cases/Alert Manager Test Cases/Alert Manager_View Trans Details/TC06_Mark Transaction Fraud FAILED because (of) Unable to set text 'Fraud' of object 'Object Repository/TC05_AM/textarea_observation' (Root cause: com.kms.katalon.core.webui.exception.WebElementNotFoundException: Web element with id: 'Object Repository/TC05_AM/textarea_observation' located by 'By.xpath: //textarea[@name = 'observation' and @placeholder = 'Enter observation.']' not found)]]></system-err>
   </testsuite>
</testsuites>
