<?xml version="1.0" encoding="UTF-8"?>
<testsuites name="Pulse_Test Case Suite" time="83" tests="4" failures="1" errors="0">
   <testsuite name="Pulse_Test Case Suite" tests="4" failures="1" errors="0" time="83" timestamp="2018-07-04 11:26:23" hostname="Ankur.Jain - LT0021232" id="Test Suites/Pulse_Test Case Suite">
      <properties>
         <property name="deviceName" value=""/>
         <property name="devicePlatform" value=""/>
         <property name="logFolder" value="C:\\Users\\ankur.jain\\Katalon Studio\\Feedzai_Automation\\Reports\\Pulse_Test Case Suite\\20180704_112613"/>
         <property name="logFiles" value="C:\\Users\\ankur.jain\\Katalon Studio\\Feedzai_Automation\\Reports\\Pulse_Test Case Suite\\20180704_112613\\execution0.log"/>
         <property name="attachments" value="C:\\Users\\ankur.jain\\Katalon Studio\\Feedzai_Automation\\Reports\\Pulse_Test Case Suite\\20180704_112613\\1530683823601.png, C:\\Users\\ankur.jain\\Katalon Studio\\Feedzai_Automation\\Reports\\Pulse_Test Case Suite\\20180704_112613\\1530683864951.png"/>
         <property name="hostName" value="Ankur.Jain - LT0021232"/>
         <property name="os" value="Windows 7 64bit"/>
         <property name="katalonVersion" value="5.4.2.1"/>
         <property name="browser" value="Chrome 67.0.3396.99"/>
         <property name="hostAddress" value="10.50.88.74"/>
         <property name="sessionId" value="bb511efea06bc3ba03524d7396e1bd5e"/>
         <property name="seleniumVersion" value="3.7.1"/>
         <property name="proxyInformation" value="ProxyInformation{proxyOption=NO_PROXY, proxyServerType=HTTP, password=, proxyServerAddress=, proxyServerPort=0}"/>
         <property name="platform" value="Windows 7"/>
      </properties>
      <testcase name="Test Cases/Pulse Login Test Case/Login_Pulse" classname="Test Cases/Pulse Login Test Case/Login_Pulse" status="PASSED">
         <system-out><![CDATA[2018-07-04 11:26:25 - [TEST_CASE][PASSED] - Test Cases/Pulse Login Test Case/Login_Pulse: Test Cases/Pulse Login Test Case/Login_Pulse

2018-07-04 11:26:25 - [TEST_STEP][PASSED] - openBrowser: Browser is opened with url: ''

2018-07-04 11:26:38 - [MESSAGE][PASSED] - Browser is opened with url: ''

2018-07-04 11:26:38 - [TEST_STEP][PASSED] - maximizeWindow: Current window maximized

2018-07-04 11:26:39 - [MESSAGE][PASSED] - Current window maximized

2018-07-04 11:26:39 - [TEST_STEP][PASSED] - navigateToUrl: Navigate to 'https://10.130.236.50/pulseviews/management/#apps/reliance/dataconfiguration' successfully

2018-07-04 11:26:41 - [MESSAGE][PASSED] - Navigate to 'https://10.130.236.50/pulseviews/management/#apps/reliance/dataconfiguration' successfully

2018-07-04 11:26:41 - [TEST_STEP][PASSED] - setText: Text 'Ankur.Jain' is set on object 'Object Repository/Pulse_Login/input'

2018-07-04 11:26:48 - [MESSAGE][PASSED] - Text 'Ankur.Jain' is set on object 'Object Repository/Pulse_Login/input'

2018-07-04 11:26:48 - [TEST_STEP][PASSED] - setText: Text 'Word02Pass' is set on object 'Object Repository/Pulse_Login/input_1'

2018-07-04 11:26:49 - [MESSAGE][PASSED] - Text 'Word02Pass' is set on object 'Object Repository/Pulse_Login/input_1'

2018-07-04 11:26:49 - [TEST_STEP][PASSED] - click: Object: 'Object Repository/Pulse_Login/button_Sign In' is clicked on

2018-07-04 11:26:49 - [MESSAGE][PASSED] - Object: 'Object Repository/Pulse_Login/button_Sign In' is clicked on

2018-07-04 11:26:49 - [TEST_STEP][PASSED] - comment: Pulse Login Sucesfully]]></system-out>
         <system-err><![CDATA[]]></system-err>
      </testcase>
      <testcase name="Test Cases/Pulse_Test Case/TC_01 Pulse Application HealthCheck" classname="Test Cases/Pulse_Test Case/TC_01 Pulse Application HealthCheck" status="PASSED">
         <system-out><![CDATA[2018-07-04 11:26:50 - [TEST_CASE][PASSED] - Test Cases/Pulse_Test Case/TC_01 Pulse Application HealthCheck: Test Cases/Pulse_Test Case/TC_01 Pulse Application HealthCheck

2018-07-04 11:26:51 - [TEST_STEP][PASSED] - click: Object: 'Object Repository/Pulse_Login/i_icon-tab-application-32' is clicked on

2018-07-04 11:26:53 - [MESSAGE][PASSED] - Object: 'Object Repository/Pulse_Login/i_icon-tab-application-32' is clicked on

2018-07-04 11:26:53 - [TEST_STEP][PASSED] - getAttribute: Attribute '' of object 'Object Repository/Pulse_Login/button_fdz-js-apps-toggle-stat' is: 'null'

2018-07-04 11:26:53 - [MESSAGE][PASSED] - Attribute '' of object 'Object Repository/Pulse_Login/button_fdz-js-apps-toggle-stat' is: 'null'

2018-07-04 11:26:53 - [TEST_STEP][PASSED] - getText: Text of object 'Object Repository/Pulse_Login/button_fdz-js-apps-toggle-stat' is: ''

2018-07-04 11:26:54 - [MESSAGE][PASSED] - Text of object 'Object Repository/Pulse_Login/button_fdz-js-apps-toggle-stat' is: ''

2018-07-04 11:26:54 - [TEST_STEP][PASSED] - comment: Feedzai Pulse application is up and running]]></system-out>
         <system-err><![CDATA[]]></system-err>
      </testcase>
      <testcase name="Test Cases/Pulse_Test Case/TC_02 Pulse Version check" classname="Test Cases/Pulse_Test Case/TC_02 Pulse Version check" status="PASSED">
         <system-out><![CDATA[2018-07-04 11:26:54 - [TEST_CASE][PASSED] - Test Cases/Pulse_Test Case/TC_02 Pulse Version check: Test Cases/Pulse_Test Case/TC_02 Pulse Version check

2018-07-04 11:26:54 - [TEST_STEP][PASSED] - click: Object: 'Object Repository/Pulse_Login/span_Reliance (Fraud)' is clicked on

2018-07-04 11:26:55 - [MESSAGE][PASSED] - Object: 'Object Repository/Pulse_Login/span_Reliance (Fraud)' is clicked on

2018-07-04 11:26:55 - [TEST_STEP][PASSED] - verifyElementText: Actual text and expected text of test object 'Object Repository/Pulse_Login/span_15.1' are matched.

2018-07-04 11:26:56 - [MESSAGE][PASSED] - Actual text and expected text of test object 'Object Repository/Pulse_Login/span_15.1' are matched.

2018-07-04 11:26:56 - [TEST_STEP][PASSED] - comment: Pulse Application version is "15.1"]]></system-out>
         <system-err><![CDATA[]]></system-err>
      </testcase>
      <testcase name="Test Cases/Pulse_Test Case/TC_03_Pulse Distribution job execution status" classname="Test Cases/Pulse_Test Case/TC_03_Pulse Distribution job execution status" status="PASSED">
         <system-out><![CDATA[2018-07-04 11:26:56 - [TEST_CASE][PASSED] - Test Cases/Pulse_Test Case/TC_03_Pulse Distribution job execution status: Test Cases/Pulse_Test Case/TC_03_Pulse Distribution job execution status

2018-07-04 11:26:56 - [TEST_STEP][PASSED] - click: Object: 'Object Repository/TC_03_Pulse/i_fa fa-chevron-down' is clicked on

2018-07-04 11:26:57 - [MESSAGE][PASSED] - Object: 'Object Repository/TC_03_Pulse/i_fa fa-chevron-down' is clicked on

2018-07-04 11:26:57 - [TEST_STEP][PASSED] - click: Object: 'Object Repository/TC_03_Pulse/i_icon-tab-jobs-32' is clicked on

2018-07-04 11:26:57 - [MESSAGE][PASSED] - Object: 'Object Repository/TC_03_Pulse/i_icon-tab-jobs-32' is clicked on

2018-07-04 11:26:57 - [TEST_STEP][PASSED] - delay: Delayed 2 second(s)

2018-07-04 11:26:59 - [MESSAGE][PASSED] - Delayed 2 second(s)

2018-07-04 11:26:59 - [TEST_STEP][PASSED] - click: Object: 'Object Repository/TC_03_Pulse/a_Reliance Profile Generation' is clicked on

2018-07-04 11:27:00 - [MESSAGE][PASSED] - Object: 'Object Repository/TC_03_Pulse/a_Reliance Profile Generation' is clicked on

2018-07-04 11:27:00 - [TEST_STEP][PASSED] - verifyElementText: Actual text and expected text of test object 'Object Repository/TC_03_Pulse/span_Finished' are matched.

2018-07-04 11:27:02 - [MESSAGE][PASSED] - Actual text and expected text of test object 'Object Repository/TC_03_Pulse/span_Finished' are matched.

2018-07-04 11:27:02 - [TEST_STEP][PASSED] - click: Object: 'Object Repository/TC_03_Pulse/div_a minute (Monday July 2 20' is clicked on

2018-07-04 11:27:02 - [MESSAGE][PASSED] - Object: 'Object Repository/TC_03_Pulse/div_a minute (Monday July 2 20' is clicked on

2018-07-04 11:27:02 - [TEST_STEP][PASSED] - click: Object: 'Object Repository/TC_03_Pulse/span_Data Configuration' is clicked on

2018-07-04 11:27:03 - [MESSAGE][PASSED] - Object: 'Object Repository/TC_03_Pulse/span_Data Configuration' is clicked on

2018-07-04 11:27:03 - [TEST_STEP][PASSED] - takeScreenshot: Taking screenshot successfully

2018-07-04 11:27:05 - [MESSAGE][PASSED] - Taking screenshot successfully
[[ATTACHMENT|C:\\Users\\ankur.jain\\Katalon Studio\\Feedzai_Automation\\Reports\\Pulse_Test Case Suite\\20180704_112613\\1530683823601.png]]

2018-07-04 11:27:05 - [TEST_STEP][PASSED] - comment: Distribution Job is Running]]></system-out>
         <system-err><![CDATA[]]></system-err>
      </testcase>
      <testcase name="Test Cases/Pulse_Test Case/TC_04 Enable Time Machine" classname="Test Cases/Pulse_Test Case/TC_04 Enable Time Machine" status="FAILED">
         <failure type="FAILED" message="Unable to click on object 'Object Repository/TC_04_Pulse/a_FIS Input Adapter' (Root cause: com.kms.katalon.core.webui.exception.WebElementNotFoundException: Web element with id: 'Object Repository/TC_04_Pulse/a_FIS Input Adapter' located by 'By.xpath: //a[@href = '#apps/reliance/dataconfiguration/dependencies/pTF_8KlFGvhowJ7VRJVBdw' and @title = 'FIS Input Adapter' and (text() = 'FIS Input Adapter' or . = 'FIS Input Adapter')]' not found)"/>
         <system-out><![CDATA[2018-07-04 11:27:05 - [TEST_CASE][FAILED] - Test Cases/Pulse_Test Case/TC_04 Enable Time Machine: Test Cases/Pulse_Test Case/TC_04 Enable Time Machine FAILED because (of) Unable to click on object 'Object Repository/TC_04_Pulse/a_FIS Input Adapter' (Root cause: com.kms.katalon.core.webui.exception.WebElementNotFoundException: Web element with id: 'Object Repository/TC_04_Pulse/a_FIS Input Adapter' located by 'By.xpath: //a[@href = '#apps/reliance/dataconfiguration/dependencies/pTF_8KlFGvhowJ7VRJVBdw' and @title = 'FIS Input Adapter' and (text() = 'FIS Input Adapter' or . = 'FIS Input Adapter')]' not found)

2018-07-04 11:27:05 - [TEST_STEP][PASSED] - scrollToElement: Scroll to object 'Object Repository/TC_04_Pulse/button_2' successfully

2018-07-04 11:27:07 - [MESSAGE][WARNING] - Timeout '0' is invalid. Using default page load timeout: '30'

2018-07-04 11:27:07 - [MESSAGE][PASSED] - Scroll to object 'Object Repository/TC_04_Pulse/button_2' successfully

2018-07-04 11:27:07 - [TEST_STEP][PASSED] - delay: Delayed 2 second(s)

2018-07-04 11:27:09 - [MESSAGE][PASSED] - Delayed 2 second(s)

2018-07-04 11:27:09 - [TEST_STEP][PASSED] - click: Object: 'Object Repository/TC_04_Pulse/button_2' is clicked on

2018-07-04 11:27:10 - [MESSAGE][PASSED] - Object: 'Object Repository/TC_04_Pulse/button_2' is clicked on

2018-07-04 11:27:10 - [TEST_STEP][PASSED] - delay: Delayed 2 second(s)

2018-07-04 11:27:12 - [MESSAGE][PASSED] - Delayed 2 second(s)

2018-07-04 11:27:12 - [TEST_STEP][FAILED] - click: Unable to click on object 'Object Repository/TC_04_Pulse/a_FIS Input Adapter' (Root cause: com.kms.katalon.core.webui.exception.WebElementNotFoundException: Web element with id: 'Object Repository/TC_04_Pulse/a_FIS Input Adapter' located by 'By.xpath: //a[@href = '#apps/reliance/dataconfiguration/dependencies/pTF_8KlFGvhowJ7VRJVBdw' and @title = 'FIS Input Adapter' and (text() = 'FIS Input Adapter' or . = 'FIS Input Adapter')]' not found)

2018-07-04 11:27:45 - [MESSAGE][FAILED] - Unable to click on object 'Object Repository/TC_04_Pulse/a_FIS Input Adapter' (Root cause: com.kms.katalon.core.webui.exception.WebElementNotFoundException: Web element with id: 'Object Repository/TC_04_Pulse/a_FIS Input Adapter' located by 'By.xpath: //a[@href = '#apps/reliance/dataconfiguration/dependencies/pTF_8KlFGvhowJ7VRJVBdw' and @title = 'FIS Input Adapter' and (text() = 'FIS Input Adapter' or . = 'FIS Input Adapter')]' not found)
[[ATTACHMENT|C:\\Users\\ankur.jain\\Katalon Studio\\Feedzai_Automation\\Reports\\Pulse_Test Case Suite\\20180704_112613\\1530683864951.png]]]]></system-out>
         <system-err><![CDATA[2018-07-04 11:27:05 - [TEST_CASE][FAILED] - Test Cases/Pulse_Test Case/TC_04 Enable Time Machine: Test Cases/Pulse_Test Case/TC_04 Enable Time Machine FAILED because (of) Unable to click on object 'Object Repository/TC_04_Pulse/a_FIS Input Adapter' (Root cause: com.kms.katalon.core.webui.exception.WebElementNotFoundException: Web element with id: 'Object Repository/TC_04_Pulse/a_FIS Input Adapter' located by 'By.xpath: //a[@href = '#apps/reliance/dataconfiguration/dependencies/pTF_8KlFGvhowJ7VRJVBdw' and @title = 'FIS Input Adapter' and (text() = 'FIS Input Adapter' or . = 'FIS Input Adapter')]' not found)]]></system-err>
      </testcase>
      <system-out><![CDATA[2018-07-04 11:26:23 - [TEST_SUITE][FAILED] - Pulse_Test Case Suite: Test Cases/Pulse_Test Case/TC_04 Enable Time Machine FAILED because (of) Unable to click on object 'Object Repository/TC_04_Pulse/a_FIS Input Adapter' (Root cause: com.kms.katalon.core.webui.exception.WebElementNotFoundException: Web element with id: 'Object Repository/TC_04_Pulse/a_FIS Input Adapter' located by 'By.xpath: //a[@href = '#apps/reliance/dataconfiguration/dependencies/pTF_8KlFGvhowJ7VRJVBdw' and @title = 'FIS Input Adapter' and (text() = 'FIS Input Adapter' or . = 'FIS Input Adapter')]' not found)]]></system-out>
      <system-err><![CDATA[2018-07-04 11:26:23 - [TEST_SUITE][FAILED] - Pulse_Test Case Suite: Test Cases/Pulse_Test Case/TC_04 Enable Time Machine FAILED because (of) Unable to click on object 'Object Repository/TC_04_Pulse/a_FIS Input Adapter' (Root cause: com.kms.katalon.core.webui.exception.WebElementNotFoundException: Web element with id: 'Object Repository/TC_04_Pulse/a_FIS Input Adapter' located by 'By.xpath: //a[@href = '#apps/reliance/dataconfiguration/dependencies/pTF_8KlFGvhowJ7VRJVBdw' and @title = 'FIS Input Adapter' and (text() = 'FIS Input Adapter' or . = 'FIS Input Adapter')]' not found)]]></system-err>
   </testsuite>
</testsuites>
